CG 5_10_1
[<NashProfile for 'Generated by GAMUT v1.0.1
A Game With Normal Covariant Random Payoffs
Game Parameter Values:
Random seed:	1652252608170
Cmd Line:	-g CovariantGame -r -0.2 -players 5 -actions 10 -normalize -min_payoff 0.001 -max_payoff 1000 -int_payoffs -int_mult 100 -random_seed 1652252608170 -output GambitOutput -f CG_multi_5_10_1.nfg
Players:	5
Actions:	10 10 10 10 10
players:	5
actions:	[10]
r:	-0.2': [[0.48038946956532735, 0.0, 0.0, 0.25114959797699343, 0.11564437712237029, 0.15281655533530894, 0.0, 0.0, 0.0, 0.0], [0.0, 0.0, 0.0, 0.0552227651453487, 0.20573224727429953, 0.0, 0.3673283079454187, 0.276525893390398, 0.09519078624453514, 0.0], [0.3545933738997443, 0.004736522532976289, 0.0, 0.07000821943245121, 0.1577302531033012, 0.09287039625708465, 0.14790410474507482, 0.0, 0.0, 0.17215713002936753], [0.21780335542079288, 0.02331006195284226, 0.19066824676591218, 0.2623457272464041, 0.0, 0.10438318286321355, 0.1264068952680263, 0.07508253048280884, 0.0, 0.0], [0.0, 0.0, 0.0, 0.47749244270049396, 0.0, 0.014600363272507048, 0.17722807140542804, 0.20392130598640704, 0.0, 0.12675781663516386]]>]
Time(in seconds) 324.73


CG 5_10_2
[<NashProfile for 'Generated by GAMUT v1.0.1
A Game With Normal Covariant Random Payoffs
Game Parameter Values:
Random seed:	1652252633046
Cmd Line:	-g CovariantGame -r -0.2 -players 5 -actions 10 -normalize -min_payoff 0.001 -max_payoff 1000 -int_payoffs -int_mult 100 -random_seed 1652252633046 -output GambitOutput -f CG_multi_5_10_2.nfg
Players:	5
Actions:	10 10 10 10 10
players:	5
actions:	[10]
r:	-0.2': [[0.10953497512155529, 0.08027021840605424, 0.0, 0.017086720313017348, 0.17850252831071986, 0.04101048166329583, 0.3512289529356925, 0.04772024900718128, 0.03780335789323794, 0.13684251634924557], [0.19568702754190254, 0.0, 0.0, 0.14887816504424528, 0.19011783499958573, 0.06263007745307687, 0.17893743085796443, 0.10359992384707267, 0.0, 0.12014954025615246], [0.0, 0.0, 0.0, 0.0, 0.0, 0.0, 0.9413760114928329, 0.0, 0.0, 0.05862398850716711], [0.026534215255718176, 0.15313509575508094, 0.0, 0.47170410059751483, 0.08266572371678874, 0.005329223212458641, 0.2052065556580781, 0.0, 0.0, 0.05542508580436053], [0.0, 0.048032313357101376, 0.20670785767571068, 0.2707701213198975, 0.040428788648369504, 0.33331999261939493, 0.0, 0.0, 0.10074092637952595, 0.0]]>]
Time(in seconds) 496.64


CG 5_10_3
[<NashProfile for 'Generated by GAMUT v1.0.1
A Game With Normal Covariant Random Payoffs
Game Parameter Values:
Random seed:	1652252636552
Cmd Line:	-g CovariantGame -r -0.2 -players 5 -actions 10 -normalize -min_payoff 0.001 -max_payoff 1000 -int_payoffs -int_mult 100 -random_seed 1652252636552 -output GambitOutput -f CG_multi_5_10_3.nfg
Players:	5
Actions:	10 10 10 10 10
players:	5
actions:	[10]
r:	-0.2': [[0.13631580210395428, 0.1492882617524773, 0.0, 0.0, 0.2305979027902082, 0.08714361400877187, 0.11655480870106605, 0.2106510437735125, 0.0, 0.0694485668700099], [0.05606768300872884, 0.12024910029835711, 0.0, 0.001318949028908388, 0.2402582744975424, 0.15627580277044967, 0.0, 0.023532117649407297, 0.32630794079491576, 0.07599013195169048], [0.1207483597832811, 0.10731168573367439, 0.21640882618905494, 0.0, 0.06320153863885922, 0.08323822453992899, 0.0, 0.1022071697073352, 0.22343120852825651, 0.08345298687960954], [0.24458295888199608, 0.06570746592410212, 0.15019128079400565, 0.0, 0.11261630488674013, 0.06564885570184768, 0.0, 0.0, 0.2901804874159814, 0.07107264639532694], [0.0, 0.0, 0.309050572212783, 0.0, 0.2509194408748214, 0.11455180285566344, 0.0, 0.03525568110413028, 0.18795726723255357, 0.10226523572004836]]>]
Time(in seconds) 271.35


CG 5_10_4
[<NashProfile for 'Generated by GAMUT v1.0.1
A Game With Normal Covariant Random Payoffs
Game Parameter Values:
Random seed:	1652252640475
Cmd Line:	-g CovariantGame -r -0.2 -players 5 -actions 10 -normalize -min_payoff 0.001 -max_payoff 1000 -int_payoffs -int_mult 100 -random_seed 1652252640475 -output GambitOutput -f CG_multi_5_10_4.nfg
Players:	5
Actions:	10 10 10 10 10
players:	5
actions:	[10]
r:	-0.2': [[0.0, 0.0, 0.6329575106371282, 0.0, 0.0, 0.013430350522601501, 0.0, 0.35361213884027015, 0.0, 0.0], [0.00016850943535512444, 0.16758612902515624, 0.0, 0.1577621421376921, 0.18286260610155172, 0.03400833833999346, 0.17477726184505227, 0.12867268316306574, 0.08427181704281317, 0.06989051290932016], [0.1668799120290186, 0.0868986633197254, 0.15890388586142054, 0.02482579143254165, 0.0, 0.048354034766105065, 0.0, 0.3916455603739225, 0.12249215221726618, 0.0], [0.2566363891899481, 0.0, 0.2776465189751656, 0.0, 0.0, 0.0, 0.012349585677143957, 0.1972039958647766, 0.02506394485527231, 0.2310995654376935], [0.13910077044955144, 0.0196178016553769, 0.10493591623431571, 0.021978653076963128, 0.1638509148730209, 0.06971513262074375, 0.0, 0.06270336878363028, 0.22072510651368593, 0.197372335792712]]>]
Time(in seconds) 340.30


CG 5_10_5
[<NashProfile for 'Generated by GAMUT v1.0.1
A Game With Normal Covariant Random Payoffs
Game Parameter Values:
Random seed:	1652252643956
Cmd Line:	-g CovariantGame -r -0.2 -players 5 -actions 10 -normalize -min_payoff 0.001 -max_payoff 1000 -int_payoffs -int_mult 100 -random_seed 1652252643956 -output GambitOutput -f CG_multi_5_10_5.nfg
Players:	5
Actions:	10 10 10 10 10
players:	5
actions:	[10]
r:	-0.2': [[0.3502624077954671, 0.0, 0.0, 0.17360222701885725, 0.10300023205891619, 0.21488814660505326, 0.08243058805731619, 0.0, 0.04407637617834304, 0.031740022286047], [0.013264552766337333, 0.17850246539233286, 0.2578056151204852, 0.0, 0.15916108308118143, 0.0, 0.15313148460820628, 0.123399762477702, 0.114735036553755, 0.0], [0.14457529921944207, 0.1838637731335298, 0.25290220151878645, 0.03529781468370444, 0.05088092602808649, 0.0, 0.0, 0.19528330312574738, 0.13719668229070342, 0.0], [0.14536528900491014, 0.14864730150974403, 0.0, 0.0, 0.17332464239641604, 0.04384855293587582, 0.0, 0.0, 0.37515593796721075, 0.11365827618584316], [0.13778314827592844, 0.024666823486937488, 0.0408659333175934, 0.0, 0.30721989214900075, 0.1482209383832811, 0.054287931916777825, 0.0, 0.1875026841133411, 0.09945264835713995]]>]
Time(in seconds) 265.37


CG 5_10_6
[<NashProfile for 'Generated by GAMUT v1.0.1
A Game With Normal Covariant Random Payoffs
Game Parameter Values:
Random seed:	1652252648343
Cmd Line:	-g CovariantGame -r -0.2 -players 5 -actions 10 -normalize -min_payoff 0.001 -max_payoff 1000 -int_payoffs -int_mult 100 -random_seed 1652252648343 -output GambitOutput -f CG_multi_5_10_6.nfg
Players:	5
Actions:	10 10 10 10 10
players:	5
actions:	[10]
r:	-0.2': [[0.0, 0.009570853294784692, 0.0808370651328646, 0.12519996212960166, 0.0, 0.06162706470872503, 0.0, 0.15782272179893717, 0.2854337706864118, 0.27950856224867515], [0.0, 0.07291438755811, 0.13746035464713732, 0.0, 0.23043965375022252, 0.0, 0.0, 0.02016919819656583, 0.10195919259474727, 0.4370572132532172], [0.0, 0.0, 0.0, 0.11289228018901593, 0.23253579894966325, 0.09435813287460197, 0.0, 0.28568284247918424, 0.2745309455075347, 0.0], [0.0, 0.0, 0.21119981330341606, 0.2612792964502337, 0.0, 0.0, 0.1039352207625745, 0.0, 0.16668411782879541, 0.2569015516549803], [0.0, 0.09616852162831993, 0.2599188588819776, 0.16379539862820192, 0.0, 0.17135117231339062, 0.23023152020455834, 0.0, 0.0, 0.07853452834355168]]>]
Time(in seconds) 329.57


CG 5_10_7
[<NashProfile for 'Generated by GAMUT v1.0.1
A Game With Normal Covariant Random Payoffs
Game Parameter Values:
Random seed:	1652252651601
Cmd Line:	-g CovariantGame -r -0.2 -players 5 -actions 10 -normalize -min_payoff 0.001 -max_payoff 1000 -int_payoffs -int_mult 100 -random_seed 1652252651601 -output GambitOutput -f CG_multi_5_10_7.nfg
Players:	5
Actions:	10 10 10 10 10
players:	5
actions:	[10]
r:	-0.2': [[0.1036501971122474, 0.09005032313988817, 0.10444645192753774, 0.09675253111747384, 0.10424634683726654, 0.10183819400306934, 0.09622034010793891, 0.10233476474284048, 0.1008342767309025, 0.09962716671218598], [0.10573928925434177, 0.10903918865403321, 0.09389826982499758, 0.10082499358190329, 0.08866236324122659, 0.0938969667594445, 0.09366935531211495, 0.09447019682551853, 0.10537046987855792, 0.1144287370634954], [0.10064250221853784, 0.10510721351752442, 0.08692436803998836, 0.0988838944783771, 0.1063269708883059, 0.10180673671328096, 0.09407124378338924, 0.10692348374333059, 0.10168293648620605, 0.09763048644970863], [0.09921226175679787, 0.09044063149244153, 0.11015599813134382, 0.10128366184617368, 0.09027979182095104, 0.0991053974448851, 0.11828736436485258, 0.0959454813934443, 0.095110724549986, 0.10017892135734978], [0.09764722360127133, 0.1091220694339732, 0.09041750054851538, 0.10579976930799702, 0.10181053834115655, 0.10434567002154996, 0.09958978433441547, 0.09392836308988375, 0.09551936263337267, 0.10181984175527281]]>]
Time(in seconds) 516.82


CG 5_10_8
[<NashProfile for 'Generated by GAMUT v1.0.1
A Game With Normal Covariant Random Payoffs
Game Parameter Values:
Random seed:	1652252654656
Cmd Line:	-g CovariantGame -r -0.2 -players 5 -actions 10 -normalize -min_payoff 0.001 -max_payoff 1000 -int_payoffs -int_mult 100 -random_seed 1652252654656 -output GambitOutput -f CG_multi_5_10_8.nfg
Players:	5
Actions:	10 10 10 10 10
players:	5
actions:	[10]
r:	-0.2': [[0.04939745881333546, 0.09427299914293696, 0.1839265268021651, 0.2632540617745563, 0.025259558908208878, 0.16789337268305865, 0.0, 0.12133510855726012, 0.0, 0.09466091331847852], [0.2717014671686082, 0.15926954972970347, 0.014571552975681579, 0.14836033395460782, 0.19109942192571153, 0.0, 0.06714710141096729, 0.0289602271366304, 0.0, 0.11889034569808977], [0.45383067847137354, 0.10791567032704817, 0.09877329858541051, 0.09220789574233472, 0.0, 0.02861682030721434, 0.0, 0.21865563656661868, 0.0, 0.0], [0.05054531844461507, 0.08020388440668158, 0.15741788775601934, 0.09733537962481782, 0.027820512620739316, 0.0, 0.0, 0.23905003400902228, 0.34762698313810475, 0.0], [0.037111633320587145, 0.07973898617824812, 0.16680948740225815, 0.0, 0.39331663858905885, 0.06509972196670481, 0.0, 0.21481146705706466, 0.0, 0.04311206548607831]]>]
Time(in seconds) 403.65


CG 5_10_9
[<NashProfile for 'Generated by GAMUT v1.0.1
A Game With Normal Covariant Random Payoffs
Game Parameter Values:
Random seed:	1652252657745
Cmd Line:	-g CovariantGame -r -0.2 -players 5 -actions 10 -normalize -min_payoff 0.001 -max_payoff 1000 -int_payoffs -int_mult 100 -random_seed 1652252657745 -output GambitOutput -f CG_multi_5_10_9.nfg
Players:	5
Actions:	10 10 10 10 10
players:	5
actions:	[10]
r:	-0.2': [[0.09859883885874789, 0.09233208156590181, 0.10048620032559451, 0.09349168756300683, 0.09152602573499068, 0.10458230275780171, 0.1054197660627161, 0.1008699618658657, 0.11292662253593361, 0.09976662923966248], [0.10990173611368009, 0.10170635310067977, 0.10007596906601025, 0.0904880147895843, 0.09998564369403047, 0.10584295134634047, 0.0974263237531933, 0.08701170951245576, 0.09478537522484544, 0.11277598107267939], [0.0881493839095084, 0.10008151429831968, 0.1045954821972907, 0.09232544360604071, 0.10161809880138187, 0.10978067657237589, 0.09538336953002077, 0.09893586731146439, 0.1102255978359676, 0.09890464206346727], [0.1129076459270962, 0.09232016042932646, 0.0918484294065406, 0.09731059669296713, 0.10771679394630959, 0.092350616271877, 0.10291715498244619, 0.08796930559102924, 0.1105965234943558, 0.10406286900076227], [0.097921400640568, 0.09494966424098683, 0.09652639347624971, 0.1060296210038174, 0.11332245841081233, 0.09681599116721702, 0.08936427162059911, 0.10120385650109137, 0.10593204207633845, 0.09793437997575768]]>]
Time(in seconds) 373.26


CG 5_10_10
[<NashProfile for 'Generated by GAMUT v1.0.1
A Game With Normal Covariant Random Payoffs
Game Parameter Values:
Random seed:	1652252661437
Cmd Line:	-g CovariantGame -r -0.2 -players 5 -actions 10 -normalize -min_payoff 0.001 -max_payoff 1000 -int_payoffs -int_mult 100 -random_seed 1652252661437 -output GambitOutput -f CG_multi_5_10_10.nfg
Players:	5
Actions:	10 10 10 10 10
players:	5
actions:	[10]
r:	-0.2': [[0.0, 0.10261120501712409, 0.06622395757851755, 0.16959020492672464, 0.2691757772334686, 0.17382393625447548, 0.0, 0.027663679826436006, 0.06538671882246631, 0.12552452034078743], [0.012823491282728494, 0.0, 0.14686138647831798, 0.004308053464750605, 0.2041979023147431, 0.0668840220786929, 0.25813359536375474, 0.09870365795334629, 0.20808789106366588, 0.0], [0.0, 0.002545653311438818, 0.0, 0.0, 0.07030207666222185, 0.2559649200786531, 0.053933683311991346, 0.33745030265692405, 0.13748352042446324, 0.14231984355430746], [0.22275607202010778, 0.0, 0.07970563315044595, 0.0, 0.14099492918968293, 0.0, 0.0, 0.35979938087156166, 0.19674398476820174, 0.0], [0.21645555540946954, 0.0, 0.05556625070607772, 0.0, 0.0, 0.3208151812372619, 0.1795599151502449, 0.0, 0.15433452784264712, 0.07326856965429884]]>]
Time(in seconds) 292.91


