CG 5_10_1
[]
Time(in seconds) 14.72


CG 5_10_2
[]
Time(in seconds) 20.55


CG 5_10_3
[]
Time(in seconds) 39.71


CG 5_10_4
[]
Time(in seconds) 14.90


CG 5_10_5
[]
Time(in seconds) 34.07


CG 5_10_6
Timeout(in seconds) 900.01


CG 5_10_7
[]
Time(in seconds) 8.63


CG 5_10_8
Timeout(in seconds) 900.00


CG 5_10_9
[<NashProfile for 'Generated by GAMUT v1.0.1
A Game With Normal Covariant Random Payoffs
Game Parameter Values:
Random seed:	1652252657745
Cmd Line:	-g CovariantGame -r -0.2 -players 5 -actions 10 -normalize -min_payoff 0.001 -max_payoff 1000 -int_payoffs -int_mult 100 -random_seed 1652252657745 -output GambitOutput -f CG_multi_5_10_9.nfg
Players:	5
Actions:	10 10 10 10 10
players:	5
actions:	[10]
r:	-0.2': [[0.7744745402, 0.0, 0.0339391045, 0.0, 0.0, 0.0127348851, 0.0, 0.1252238109, 0.0536276593, 0.0], [0.0, 0.0, 0.0, 0.362313842, 0.0, 0.0, 0.0, 0.6318570671, 0.0, 0.0058290909], [0.1064769602, 0.0, 0.2529944617, 0.0, 0.3867645572, 0.0, 0.2537640209, 0.0, 0.0, 0.0], [0.0492391187, 0.0329414204, 0.0, 0.0, 0.2970314492, 0.5339155506, 0.0, 0.086872461, 0.0, 0.0], [0.2479282709, 0.0, 0.0, 0.0, 0.0863348481, 0.2299932005, 0.2608130774, 0.1749306031, 0.0, 0.0]]>, <NashProfile for 'Generated by GAMUT v1.0.1
A Game With Normal Covariant Random Payoffs
Game Parameter Values:
Random seed:	1652252657745
Cmd Line:	-g CovariantGame -r -0.2 -players 5 -actions 10 -normalize -min_payoff 0.001 -max_payoff 1000 -int_payoffs -int_mult 100 -random_seed 1652252657745 -output GambitOutput -f CG_multi_5_10_9.nfg
Players:	5
Actions:	10 10 10 10 10
players:	5
actions:	[10]
r:	-0.2': [[0.816161474, 0.0, 0.0190046143, 0.0, 0.0, 0.017234805, 0.0, 0.1069464428, 0.040652664, 0.0], [0.0, 0.0717837871, 0.0, 0.3249423036, 0.0, 0.0, 0.0, 0.5976974831, 0.0, 0.0055764262], [0.1292968015, 0.0, 0.2431742255, 0.0, 0.3662810145, 0.0, 0.2612479585, 0.0, 0.0, 0.0], [0.0498117254, 0.0135437808, 0.0, 0.0, 0.2798758508, 0.5783073374, 0.0, 0.0784613057, 0.0, 0.0], [0.2656820084, 0.0, 0.0, 0.0, 0.0743159288, 0.251700594, 0.2444730335, 0.1638284354, 0.0, 0.0]]>, <NashProfile for 'Generated by GAMUT v1.0.1
A Game With Normal Covariant Random Payoffs
Game Parameter Values:
Random seed:	1652252657745
Cmd Line:	-g CovariantGame -r -0.2 -players 5 -actions 10 -normalize -min_payoff 0.001 -max_payoff 1000 -int_payoffs -int_mult 100 -random_seed 1652252657745 -output GambitOutput -f CG_multi_5_10_9.nfg
Players:	5
Actions:	10 10 10 10 10
players:	5
actions:	[10]
r:	-0.2': [[0.8110527413, 0.0, 0.0, 0.0, 0.0, 0.0, 0.0, 0.1889472587, 0.0, 0.0], [0.0, 0.0744757262, 0.0, 0.2522054196, 0.0432834251, 0.0786724012, 0.0, 0.5380475339, 0.0, 0.0133154941], [0.1067203169, 0.0, 0.3091270751, 0.0, 0.381115211, 0.0022039131, 0.200833484, 0.0, 0.0, 0.0], [0.0549636157, 0.0859396534, 0.0, 0.0, 0.2534410508, 0.4638979792, 0.0, 0.1417577009, 0.0, 0.0], [0.2553532121, 0.0260900842, 0.0, 0.0, 0.0895327026, 0.2390261002, 0.2570287199, 0.0909286477, 0.0318646224, 0.0101759109]]>, <NashProfile for 'Generated by GAMUT v1.0.1
A Game With Normal Covariant Random Payoffs
Game Parameter Values:
Random seed:	1652252657745
Cmd Line:	-g CovariantGame -r -0.2 -players 5 -actions 10 -normalize -min_payoff 0.001 -max_payoff 1000 -int_payoffs -int_mult 100 -random_seed 1652252657745 -output GambitOutput -f CG_multi_5_10_9.nfg
Players:	5
Actions:	10 10 10 10 10
players:	5
actions:	[10]
r:	-0.2': [[0.7614559553, 0.0, 0.0, 0.0, 0.0, 0.0277088492, 0.0, 0.1708325374, 0.0400026581, 0.0], [0.0, 0.0, 0.0, 0.3404234426, 0.0533560537, 0.0, 0.0, 0.6062205037, 0.0, 0.0], [0.0778402487, 0.0, 0.3026746928, 0.0, 0.3993192071, 0.0, 0.2201658514, 0.0, 0.0, 0.0], [0.0499785077, 0.0721266868, 0.0, 0.0, 0.2784800413, 0.4807512359, 0.0, 0.1186635283, 0.0, 0.0], [0.2099534373, 0.0234268455, 0.0, 0.0, 0.1422242296, 0.2210236654, 0.2574466754, 0.1246279656, 0.0, 0.0212971813]]>]
Time(in seconds) 155.21


CG 5_10_10
[]
Time(in seconds) 19.78


