RG 3_10_1
[<NashProfile for 'Generated by GAMUT v1.0.1
A Game With Uniformly Random Payoffs
Game Parameter Values:
Random seed:	1652188552396
Cmd Line:	-g RandomGame -players 3 -actions 10 -normalize -min_payoff 0.01 -max_payoff 10 -int_payoffs -int_mult 100 -random_seed 1652188552396 -output GambitOutput -f RG_multi_3_10_1.nfg
Players:	3
Actions:	10 10 10
players:	3
actions:	[10]': [[0.0, 0.0592144231585073, 0.012121716323429056, 0.0, 0.9286638605180636, 0.0, 0.0, 0.0, 0.0, 0.0], [0.5215518750717565, 0.0, 0.0, 0.0618598589087646, 0.41658826601947885, 0.0, 0.0, 0.0, 0.0, 0.0], [0.0, 0.0, 0.0, 0.0, 0.0, 0.0, 0.0, 0.0, 1.0, 0.0]]>]
Time(in seconds) 0.54


RG 3_10_2
[<NashProfile for 'Generated by GAMUT v1.0.1
A Game With Uniformly Random Payoffs
Game Parameter Values:
Random seed:	1652188556881
Cmd Line:	-g RandomGame -players 3 -actions 10 -normalize -min_payoff 0.01 -max_payoff 10 -int_payoffs -int_mult 100 -random_seed 1652188556881 -output GambitOutput -f RG_multi_3_10_2.nfg
Players:	3
Actions:	10 10 10
players:	3
actions:	[10]': [[0.12256693155972062, 0.0, 0.16854143998528623, 0.0, 0.0, 0.18983399948553883, 0.20921730676230335, 0.3098403222071509, 0.0, 0.0], [0.3452758684582597, 0.0, 0.0, 0.0, 0.42956056271177134, 0.0, 0.0, 0.0, 0.0, 0.22516356882996896], [0.0, 0.0, 0.0, 0.5341031646728591, 0.17397341853992904, 0.0, 0.0, 0.21832163077145464, 0.07360178601575716, 0.0]]>]
Time(in seconds) 0.31


RG 3_10_3
[<NashProfile for 'Generated by GAMUT v1.0.1
A Game With Uniformly Random Payoffs
Game Parameter Values:
Random seed:	1652188559157
Cmd Line:	-g RandomGame -players 3 -actions 10 -normalize -min_payoff 0.01 -max_payoff 10 -int_payoffs -int_mult 100 -random_seed 1652188559157 -output GambitOutput -f RG_multi_3_10_3.nfg
Players:	3
Actions:	10 10 10
players:	3
actions:	[10]': [[0.2696142954954865, 0.14566115320828327, 0.0767776569651797, 0.0, 0.10727502163396183, 0.0, 0.2070458685228493, 0.0, 0.06563952478779761, 0.12798647938644186], [0.0, 0.27499300573087343, 0.0, 0.2562939281038716, 0.0, 0.2819488117089837, 0.1823751786555029, 0.0043890758007684195, 0.0, 0.0], [0.0, 0.269301010496726, 0.17414074567600082, 0.0, 0.0, 0.0, 0.0, 0.23376792827668036, 0.11198637760493718, 0.21080393794565558]]>]
Time(in seconds) 0.40


RG 3_10_4
[<NashProfile for 'Generated by GAMUT v1.0.1
A Game With Uniformly Random Payoffs
Game Parameter Values:
Random seed:	1652188561281
Cmd Line:	-g RandomGame -players 3 -actions 10 -normalize -min_payoff 0.01 -max_payoff 10 -int_payoffs -int_mult 100 -random_seed 1652188561281 -output GambitOutput -f RG_multi_3_10_4.nfg
Players:	3
Actions:	10 10 10
players:	3
actions:	[10]': [[0.0, 0.0, 0.0, 0.0, 0.0, 0.6250000127806379, 0.0, 0.3749999872193622, 0.0, 0.0], [0.0, 0.0, 0.0, 0.0, 0.0, 0.0, 0.06538461734823972, 0.0, 0.9346153826517603, 0.0], [0.0, 0.0, 0.0, 0.0, 0.0, 0.0, 0.0, 0.0, 1.0, 0.0]]>]
Time(in seconds) 0.44


RG 3_10_5
[<NashProfile for 'Generated by GAMUT v1.0.1
A Game With Uniformly Random Payoffs
Game Parameter Values:
Random seed:	1652188564585
Cmd Line:	-g RandomGame -players 3 -actions 10 -normalize -min_payoff 0.01 -max_payoff 10 -int_payoffs -int_mult 100 -random_seed 1652188564585 -output GambitOutput -f RG_multi_3_10_5.nfg
Players:	3
Actions:	10 10 10
players:	3
actions:	[10]': [[0.0, 0.0, 0.1671556853142341, 0.0, 0.4682326627902028, 0.0, 0.0, 0.0, 0.3646116518955631, 0.0], [0.0, 0.0, 0.0, 0.3281482529894879, 0.6718517470105121, 0.0, 0.0, 0.0, 0.0, 0.0], [0.0, 0.31180332356192625, 0.31706235190902027, 0.0, 0.0, 0.0, 0.0, 0.0, 0.0, 0.3711343245290534]]>]
Time(in seconds) 0.27


RG 3_10_6
[<NashProfile for 'Generated by GAMUT v1.0.1
A Game With Uniformly Random Payoffs
Game Parameter Values:
Random seed:	1652188567361
Cmd Line:	-g RandomGame -players 3 -actions 10 -normalize -min_payoff 0.01 -max_payoff 10 -int_payoffs -int_mult 100 -random_seed 1652188567361 -output GambitOutput -f RG_multi_3_10_6.nfg
Players:	3
Actions:	10 10 10
players:	3
actions:	[10]': [[0.0, 0.0, 0.1475156692483473, 0.0, 0.0, 0.0, 0.0, 0.023400819263768996, 0.0, 0.8290835114878837], [0.0, 0.10336412200331258, 0.11430809126985368, 0.0, 0.0, 0.16998973749911916, 0.0, 0.281635563584591, 0.014258133877388272, 0.31644435176573527], [0.0, 0.0, 0.31016102581349836, 0.0, 0.2222144370507405, 0.22899900643747376, 0.0, 0.22780152292398165, 0.010824007774305696, 0.0]]>]
Time(in seconds) 0.50


RG 3_10_7
[<NashProfile for 'Generated by GAMUT v1.0.1
A Game With Uniformly Random Payoffs
Game Parameter Values:
Random seed:	1652188569563
Cmd Line:	-g RandomGame -players 3 -actions 10 -normalize -min_payoff 0.01 -max_payoff 10 -int_payoffs -int_mult 100 -random_seed 1652188569563 -output GambitOutput -f RG_multi_3_10_7.nfg
Players:	3
Actions:	10 10 10
players:	3
actions:	[10]': [[0.0, 0.0, 0.0, 0.0, 0.0, 0.0, 1.0, 0.0, 0.0, 0.0], [0.0, 0.5612361638943956, 0.0, 0.19688443869403718, 0.0, 0.0, 0.0, 0.0, 0.24187939741156725, 0.0], [0.0, 0.4965864099731342, 0.0, 0.0, 0.0, 0.0, 0.0, 0.43102341713935693, 0.07239017288750885, 0.0]]>]
Time(in seconds) 0.26


RG 3_10_8
[<NashProfile for 'Generated by GAMUT v1.0.1
A Game With Uniformly Random Payoffs
Game Parameter Values:
Random seed:	1652188572523
Cmd Line:	-g RandomGame -players 3 -actions 10 -normalize -min_payoff 0.01 -max_payoff 10 -int_payoffs -int_mult 100 -random_seed 1652188572523 -output GambitOutput -f RG_multi_3_10_8.nfg
Players:	3
Actions:	10 10 10
players:	3
actions:	[10]': [[0.24047396254298806, 0.0, 0.6577623237042797, 0.0987078378423059, 0.0, 0.0, 0.0, 0.0030558759104263498, 0.0, 0.0], [0.0, 0.0800926907202939, 0.0, 0.0, 0.0, 0.0, 0.0, 0.31372220253167776, 0.0, 0.6061851067480283], [0.0, 0.0, 0.14907897504846782, 0.0, 0.0, 0.15761494151884892, 0.5187246947091568, 0.17458138872352638, 0.0, 0.0]]>]
Time(in seconds) 0.31


RG 3_10_9
[<NashProfile for 'Generated by GAMUT v1.0.1
A Game With Uniformly Random Payoffs
Game Parameter Values:
Random seed:	1652188575127
Cmd Line:	-g RandomGame -players 3 -actions 10 -normalize -min_payoff 0.01 -max_payoff 10 -int_payoffs -int_mult 100 -random_seed 1652188575127 -output GambitOutput -f RG_multi_3_10_9.nfg
Players:	3
Actions:	10 10 10
players:	3
actions:	[10]': [[0.19650698870019812, 0.30389859961408655, 0.0936009428991584, 0.0, 0.0, 0.0, 0.0, 0.0, 0.4059934687865569, 0.0], [0.0, 0.0, 0.0, 0.0, 0.0, 0.0, 0.21535706945690247, 0.4233944473629148, 0.08191435694339663, 0.27933412623678605], [1.0, 0.0, 0.0, 0.0, 0.0, 0.0, 0.0, 0.0, 0.0, 0.0]]>]
Time(in seconds) 0.30


RG 3_10_10
[<NashProfile for 'Generated by GAMUT v1.0.1
A Game With Uniformly Random Payoffs
Game Parameter Values:
Random seed:	1652188580442
Cmd Line:	-g RandomGame -players 3 -actions 10 -normalize -min_payoff 0.01 -max_payoff 10 -int_payoffs -int_mult 100 -random_seed 1652188580442 -output GambitOutput -f RG_multi_3_10_10.nfg
Players:	3
Actions:	10 10 10
players:	3
actions:	[10]': [[0.2608913396113313, 0.0, 0.20605772185792282, 0.2791693368408681, 0.0, 0.2538816016898778, 0.0, 0.0, 0.0, 0.0], [0.0, 0.6336926021886292, 0.0, 0.0, 0.0, 0.0, 0.0, 0.0, 0.24494867965429018, 0.12135871815708056], [0.0, 0.0, 0.41910116863161784, 0.465190791729112, 0.0, 0.0, 0.0, 0.0, 0.0, 0.11570803963927025]]>]
Time(in seconds) 0.29


