RG 3_10_1
[<NashProfile for 'Generated by GAMUT v1.0.1
A Game With Uniformly Random Payoffs
Game Parameter Values:
Random seed:	1652188552396
Cmd Line:	-g RandomGame -players 3 -actions 10 -normalize -min_payoff 0.01 -max_payoff 10 -int_payoffs -int_mult 100 -random_seed 1652188552396 -output GambitOutput -f RG_multi_3_10_1.nfg
Players:	3
Actions:	10 10 10
players:	3
actions:	[10]': [[Rational(0, 1), Rational(0, 1), Rational(0, 1), Rational(67706413197, 68719476736), Rational(1013063539, 68719476736), Rational(0, 1), Rational(0, 1), Rational(0, 1), Rational(0, 1), Rational(0, 1)], [Rational(1, 1), Rational(0, 1), Rational(0, 1), Rational(0, 1), Rational(0, 1), Rational(0, 1), Rational(0, 1), Rational(0, 1), Rational(0, 1), Rational(0, 1)], [Rational(0, 1), Rational(0, 1), Rational(1483715975, 17179869184), Rational(0, 1), Rational(0, 1), Rational(0, 1), Rational(0, 1), Rational(0, 1), Rational(0, 1), Rational(15696153209, 17179869184)]]>]
Time(in seconds) 275.01


RG 3_10_2
[<NashProfile for 'Generated by GAMUT v1.0.1
A Game With Uniformly Random Payoffs
Game Parameter Values:
Random seed:	1652188556881
Cmd Line:	-g RandomGame -players 3 -actions 10 -normalize -min_payoff 0.01 -max_payoff 10 -int_payoffs -int_mult 100 -random_seed 1652188556881 -output GambitOutput -f RG_multi_3_10_2.nfg
Players:	3
Actions:	10 10 10
players:	3
actions:	[10]': [[Rational(0, 1), Rational(183614095903, 549755813888), Rational(366141717985, 549755813888), Rational(0, 1), Rational(0, 1), Rational(0, 1), Rational(0, 1), Rational(0, 1), Rational(0, 1), Rational(0, 1)], [Rational(0, 1), Rational(0, 1), Rational(0, 1), Rational(0, 1), Rational(0, 1), Rational(0, 1), Rational(0, 1), Rational(1, 1), Rational(0, 1), Rational(0, 1)], [Rational(548651886551, 549755813888), Rational(1103927337, 549755813888), Rational(0, 1), Rational(0, 1), Rational(0, 1), Rational(0, 1), Rational(0, 1), Rational(0, 1), Rational(0, 1), Rational(0, 1)]]>]
Time(in seconds) 350.05


RG 3_10_3
[<NashProfile for 'Generated by GAMUT v1.0.1
A Game With Uniformly Random Payoffs
Game Parameter Values:
Random seed:	1652188559157
Cmd Line:	-g RandomGame -players 3 -actions 10 -normalize -min_payoff 0.01 -max_payoff 10 -int_payoffs -int_mult 100 -random_seed 1652188559157 -output GambitOutput -f RG_multi_3_10_3.nfg
Players:	3
Actions:	10 10 10
players:	3
actions:	[10]': [[Rational(0, 1), Rational(108550896697, 549755813888), Rational(802491458033, 1099511627776), Rational(0, 1), Rational(79918376349, 1099511627776), Rational(0, 1), Rational(0, 1), Rational(0, 1), Rational(0, 1), Rational(0, 1)], [Rational(0, 1), Rational(166413021857, 549755813888), Rational(0, 1), Rational(383342792031, 549755813888), Rational(0, 1), Rational(0, 1), Rational(0, 1), Rational(0, 1), Rational(0, 1), Rational(0, 1)], [Rational(0, 1), Rational(0, 1), Rational(714520922531, 1099511627776), Rational(0, 1), Rational(0, 1), Rational(48689311539, 1099511627776), Rational(0, 1), Rational(168150696853, 549755813888), Rational(0, 1), Rational(0, 1)]]>]
Time(in seconds) 184.56


RG 3_10_4
[<NashProfile for 'Generated by GAMUT v1.0.1
A Game With Uniformly Random Payoffs
Game Parameter Values:
Random seed:	1652188561281
Cmd Line:	-g RandomGame -players 3 -actions 10 -normalize -min_payoff 0.01 -max_payoff 10 -int_payoffs -int_mult 100 -random_seed 1652188561281 -output GambitOutput -f RG_multi_3_10_4.nfg
Players:	3
Actions:	10 10 10
players:	3
actions:	[10]': [[Rational(0, 1), Rational(337491452791, 1099511627776), Rational(0, 1), Rational(0, 1), Rational(0, 1), Rational(0, 1), Rational(762020174985, 1099511627776), Rational(0, 1), Rational(0, 1), Rational(0, 1)], [Rational(0, 1), Rational(0, 1), Rational(0, 1), Rational(0, 1), Rational(0, 1), Rational(427148402157, 1099511627776), Rational(0, 1), Rational(0, 1), Rational(672363225619, 1099511627776), Rational(0, 1)], [Rational(0, 1), Rational(0, 1), Rational(0, 1), Rational(0, 1), Rational(1, 1), Rational(0, 1), Rational(0, 1), Rational(0, 1), Rational(0, 1), Rational(0, 1)]]>]
Time(in seconds) 4.97


RG 3_10_5
[<NashProfile for 'Generated by GAMUT v1.0.1
A Game With Uniformly Random Payoffs
Game Parameter Values:
Random seed:	1652188564585
Cmd Line:	-g RandomGame -players 3 -actions 10 -normalize -min_payoff 0.01 -max_payoff 10 -int_payoffs -int_mult 100 -random_seed 1652188564585 -output GambitOutput -f RG_multi_3_10_5.nfg
Players:	3
Actions:	10 10 10
players:	3
actions:	[10]': [[Rational(0, 1), Rational(0, 1), Rational(0, 1), Rational(398629370183, 2199023255552), Rational(0, 1), Rational(0, 1), Rational(0, 1), Rational(14427095985, 549755813888), Rational(1742685501429, 2199023255552), Rational(0, 1)], [Rational(1590191282317, 2199023255552), Rational(0, 1), Rational(608831973235, 2199023255552), Rational(0, 1), Rational(0, 1), Rational(0, 1), Rational(0, 1), Rational(0, 1), Rational(0, 1), Rational(0, 1)], [Rational(94654556761, 1099511627776), Rational(259635758913, 549755813888), Rational(0, 1), Rational(0, 1), Rational(0, 1), Rational(214600395265, 549755813888), Rational(0, 1), Rational(56384762659, 1099511627776), Rational(0, 1), Rational(0, 1)]]>]
Time(in seconds) 19.97


RG 3_10_6
[<NashProfile for 'Generated by GAMUT v1.0.1
A Game With Uniformly Random Payoffs
Game Parameter Values:
Random seed:	1652188567361
Cmd Line:	-g RandomGame -players 3 -actions 10 -normalize -min_payoff 0.01 -max_payoff 10 -int_payoffs -int_mult 100 -random_seed 1652188567361 -output GambitOutput -f RG_multi_3_10_6.nfg
Players:	3
Actions:	10 10 10
players:	3
actions:	[10]': [[Rational(1, 1), Rational(0, 1), Rational(0, 1), Rational(0, 1), Rational(0, 1), Rational(0, 1), Rational(0, 1), Rational(0, 1), Rational(0, 1), Rational(0, 1)], [Rational(15468726835, 17179869184), Rational(0, 1), Rational(0, 1), Rational(0, 1), Rational(0, 1), Rational(0, 1), Rational(0, 1), Rational(0, 1), Rational(0, 1), Rational(1711142349, 17179869184)], [Rational(0, 1), Rational(0, 1), Rational(299042997665, 549755813888), Rational(0, 1), Rational(0, 1), Rational(250712816223, 549755813888), Rational(0, 1), Rational(0, 1), Rational(0, 1), Rational(0, 1)]]>]
Time(in seconds) 0.15


RG 3_10_7
Timeout(in seconds) 900.00


RG 3_10_8
[<NashProfile for 'Generated by GAMUT v1.0.1
A Game With Uniformly Random Payoffs
Game Parameter Values:
Random seed:	1652188572523
Cmd Line:	-g RandomGame -players 3 -actions 10 -normalize -min_payoff 0.01 -max_payoff 10 -int_payoffs -int_mult 100 -random_seed 1652188572523 -output GambitOutput -f RG_multi_3_10_8.nfg
Players:	3
Actions:	10 10 10
players:	3
actions:	[10]': [[Rational(0, 1), Rational(429763391113, 2199023255552), Rational(0, 1), Rational(0, 1), Rational(67745997829, 2199023255552), Rational(1324866272859, 2199023255552), Rational(195122657515, 2199023255552), Rational(0, 1), Rational(45381234059, 549755813888), Rational(0, 1)], [Rational(0, 1), Rational(0, 1), Rational(0, 1), Rational(764852056013, 2199023255552), Rational(0, 1), Rational(0, 1), Rational(0, 1), Rational(0, 1), Rational(1434171199539, 2199023255552), Rational(0, 1)], [Rational(51105290079, 274877906944), Rational(0, 1), Rational(0, 1), Rational(1038562798941, 2199023255552), Rational(0, 1), Rational(0, 1), Rational(446280217311, 2199023255552), Rational(0, 1), Rational(0, 1), Rational(76334479667, 549755813888)]]>]
Time(in seconds) 294.30


RG 3_10_9
Timeout(in seconds) 900.00


RG 3_10_10
Timeout(in seconds) 900.00


