RG 3_10_1
[<NashProfile for 'Generated by GAMUT v1.0.1
A Game With Uniformly Random Payoffs
Game Parameter Values:
Random seed:	1652188552396
Cmd Line:	-g RandomGame -players 3 -actions 10 -normalize -min_payoff 0.01 -max_payoff 10 -int_payoffs -int_mult 100 -random_seed 1652188552396 -output GambitOutput -f RG_multi_3_10_1.nfg
Players:	3
Actions:	10 10 10
players:	3
actions:	[10]': [[0.0, 0.0, 0.0, 0.9852579852, 0.0147420148, 0.0, 0.0, 0.0, 0.0, 0.0], [1.0, 0.0, 0.0, 0.0, 0.0, 0.0, 0.0, 0.0, 0.0, 0.0], [0.0, 0.0, 0.0863636364, 0.0, 0.0, 0.0, 0.0, 0.0, 0.0, 0.9136363636]]>]
Time(in seconds) 2.11


RG 3_10_2
[<NashProfile for 'Generated by GAMUT v1.0.1
A Game With Uniformly Random Payoffs
Game Parameter Values:
Random seed:	1652188556881
Cmd Line:	-g RandomGame -players 3 -actions 10 -normalize -min_payoff 0.01 -max_payoff 10 -int_payoffs -int_mult 100 -random_seed 1652188556881 -output GambitOutput -f RG_multi_3_10_2.nfg
Players:	3
Actions:	10 10 10
players:	3
actions:	[10]': [[0.2316239123, 0.0, 0.0, 0.1753036877, 0.0, 0.1656306306, 0.0, 0.3716527117, 0.0, 0.0557890578], [0.0, 0.0, 0.3631643737, 0.0356008614, 0.0, 0.2861541561, 0.097108124, 0.0, 0.2179724848, 0.0], [0.0, 0.0, 0.3254686121, 0.0, 0.0, 0.0, 0.4704655478, 0.2040658401, 0.0, 0.0]]>, <NashProfile for 'Generated by GAMUT v1.0.1
A Game With Uniformly Random Payoffs
Game Parameter Values:
Random seed:	1652188556881
Cmd Line:	-g RandomGame -players 3 -actions 10 -normalize -min_payoff 0.01 -max_payoff 10 -int_payoffs -int_mult 100 -random_seed 1652188556881 -output GambitOutput -f RG_multi_3_10_2.nfg
Players:	3
Actions:	10 10 10
players:	3
actions:	[10]': [[0.2423234304, 0.0, 0.0, 0.1663001455, 0.0, 0.1677644407, 0.0, 0.3729496164, 0.0, 0.0506623671], [0.0, 0.0, 0.35129154, 0.0444755428, 0.0, 0.2948313587, 0.0942195925, 0.0, 0.2151819661, 0.0], [0.0, 0.0, 0.3245019908, 0.0, 0.0178603796, 0.0, 0.4571970718, 0.2004405578, 0.0, 0.0]]>, <NashProfile for 'Generated by GAMUT v1.0.1
A Game With Uniformly Random Payoffs
Game Parameter Values:
Random seed:	1652188556881
Cmd Line:	-g RandomGame -players 3 -actions 10 -normalize -min_payoff 0.01 -max_payoff 10 -int_payoffs -int_mult 100 -random_seed 1652188556881 -output GambitOutput -f RG_multi_3_10_2.nfg
Players:	3
Actions:	10 10 10
players:	3
actions:	[10]': [[0.2763432096, 0.0, 0.0469652591, 0.164133599, 0.0, 0.1550961484, 0.0, 0.3413496048, 0.0, 0.0161121791], [0.0, 0.0, 0.3250901047, 0.0129042032, 0.0, 0.3576990648, 0.1089914818, 0.0, 0.1953151456, 0.0], [0.0, 0.0, 0.2988403542, 0.0, 0.0426715229, 0.0, 0.4468451322, 0.2116429908, 0.0, 0.0]]>, <NashProfile for 'Generated by GAMUT v1.0.1
A Game With Uniformly Random Payoffs
Game Parameter Values:
Random seed:	1652188556881
Cmd Line:	-g RandomGame -players 3 -actions 10 -normalize -min_payoff 0.01 -max_payoff 10 -int_payoffs -int_mult 100 -random_seed 1652188556881 -output GambitOutput -f RG_multi_3_10_2.nfg
Players:	3
Actions:	10 10 10
players:	3
actions:	[10]': [[0.2238408941, 0.0, 0.1294075325, 0.297276664, 0.0, 0.0985277542, 0.0, 0.244650229, 0.0, 0.0062969262], [0.0061925494, 0.0, 0.2206248644, 0.0, 0.0, 0.3265215931, 0.1465763954, 0.0, 0.3000845977, 0.0], [0.0, 0.0, 0.1449231117, 0.0, 0.1967240918, 0.0, 0.4601413011, 0.1982114954, 0.0, 0.0]]>, <NashProfile for 'Generated by GAMUT v1.0.1
A Game With Uniformly Random Payoffs
Game Parameter Values:
Random seed:	1652188556881
Cmd Line:	-g RandomGame -players 3 -actions 10 -normalize -min_payoff 0.01 -max_payoff 10 -int_payoffs -int_mult 100 -random_seed 1652188556881 -output GambitOutput -f RG_multi_3_10_2.nfg
Players:	3
Actions:	10 10 10
players:	3
actions:	[10]': [[0.2692400569, 0.0, 0.1494992646, 0.2089431543, 0.0, 0.0, 0.0, 0.2600661881, 0.0, 0.1122513361], [0.0286754609, 0.0, 0.202521096, 0.0, 0.0, 0.2442147144, 0.1814110601, 0.0, 0.3431776685, 0.0], [0.0, 0.0, 0.0643881303, 0.0890421434, 0.1313948527, 0.0, 0.4350786364, 0.2800962372, 0.0, 0.0]]>, <NashProfile for 'Generated by GAMUT v1.0.1
A Game With Uniformly Random Payoffs
Game Parameter Values:
Random seed:	1652188556881
Cmd Line:	-g RandomGame -players 3 -actions 10 -normalize -min_payoff 0.01 -max_payoff 10 -int_payoffs -int_mult 100 -random_seed 1652188556881 -output GambitOutput -f RG_multi_3_10_2.nfg
Players:	3
Actions:	10 10 10
players:	3
actions:	[10]': [[0.3871309366, 0.0, 0.0322448344, 0.0469969912, 0.0, 0.0, 0.0, 0.3266886019, 0.0, 0.2069386359], [0.0157510791, 0.0, 0.2357912621, 0.0, 0.0, 0.232497319, 0.2005795453, 0.0, 0.3153807945, 0.0], [0.0, 0.0, 0.1283672225, 0.133479847, 0.0, 0.0, 0.4091915782, 0.3289613523, 0.0, 0.0]]>, <NashProfile for 'Generated by GAMUT v1.0.1
A Game With Uniformly Random Payoffs
Game Parameter Values:
Random seed:	1652188556881
Cmd Line:	-g RandomGame -players 3 -actions 10 -normalize -min_payoff 0.01 -max_payoff 10 -int_payoffs -int_mult 100 -random_seed 1652188556881 -output GambitOutput -f RG_multi_3_10_2.nfg
Players:	3
Actions:	10 10 10
players:	3
actions:	[10]': [[0.5103689088, 0.0, 0.0, 0.0, 0.0, 0.0, 0.0, 0.2333494691, 0.0, 0.2562816221], [0.0498717514, 0.0, 0.4197146931, 0.0, 0.0, 0.0, 0.2661731687, 0.0, 0.2642403868, 0.0], [0.0, 0.0, 0.098509089, 0.2682873472, 0.0, 0.0, 0.3690422795, 0.2641612843, 0.0, 0.0]]>, <NashProfile for 'Generated by GAMUT v1.0.1
A Game With Uniformly Random Payoffs
Game Parameter Values:
Random seed:	1652188556881
Cmd Line:	-g RandomGame -players 3 -actions 10 -normalize -min_payoff 0.01 -max_payoff 10 -int_payoffs -int_mult 100 -random_seed 1652188556881 -output GambitOutput -f RG_multi_3_10_2.nfg
Players:	3
Actions:	10 10 10
players:	3
actions:	[10]': [[0.0975868525, 0.0, 0.0, 0.0, 0.0, 0.0, 0.0, 0.4310236464, 0.0, 0.471389501], [0.0570888137, 0.0085512437, 0.36695455, 0.0, 0.0, 0.0, 0.1253427063, 0.0, 0.4420626862, 0.0], [0.0, 0.0, 0.0, 0.0983000754, 0.0, 0.0, 0.336621427, 0.2547250902, 0.145940446, 0.1644129614]]>, <NashProfile for 'Generated by GAMUT v1.0.1
A Game With Uniformly Random Payoffs
Game Parameter Values:
Random seed:	1652188556881
Cmd Line:	-g RandomGame -players 3 -actions 10 -normalize -min_payoff 0.01 -max_payoff 10 -int_payoffs -int_mult 100 -random_seed 1652188556881 -output GambitOutput -f RG_multi_3_10_2.nfg
Players:	3
Actions:	10 10 10
players:	3
actions:	[10]': [[0.0880098597, 0.0, 0.0789000229, 0.0, 0.0, 0.0, 0.0, 0.4407573897, 0.0, 0.3923327277], [0.060114661, 0.103055938, 0.336973925, 0.018016601, 0.0, 0.0, 0.1369470343, 0.0, 0.3448918407, 0.0], [0.0, 0.0, 0.0, 0.1705149396, 0.0, 0.0, 0.2694915853, 0.2719725692, 0.1085167854, 0.1795041205]]>, <NashProfile for 'Generated by GAMUT v1.0.1
A Game With Uniformly Random Payoffs
Game Parameter Values:
Random seed:	1652188556881
Cmd Line:	-g RandomGame -players 3 -actions 10 -normalize -min_payoff 0.01 -max_payoff 10 -int_payoffs -int_mult 100 -random_seed 1652188556881 -output GambitOutput -f RG_multi_3_10_2.nfg
Players:	3
Actions:	10 10 10
players:	3
actions:	[10]': [[0.0453892174, 0.0, 0.3752163492, 0.0712414366, 0.0, 0.0, 0.0971780782, 0.2249560346, 0.0, 0.1860188841], [0.1076287878, 0.0, 0.3087553039, 0.1138898697, 0.0, 0.0, 0.1263039561, 0.0, 0.3434220826, 0.0], [0.0, 0.0, 0.0, 0.2941262116, 0.0, 0.0, 0.2862096989, 0.2613562763, 0.0580890848, 0.1002187284]]>, <NashProfile for 'Generated by GAMUT v1.0.1
A Game With Uniformly Random Payoffs
Game Parameter Values:
Random seed:	1652188556881
Cmd Line:	-g RandomGame -players 3 -actions 10 -normalize -min_payoff 0.01 -max_payoff 10 -int_payoffs -int_mult 100 -random_seed 1652188556881 -output GambitOutput -f RG_multi_3_10_2.nfg
Players:	3
Actions:	10 10 10
players:	3
actions:	[10]': [[0.3251901567, 0.0, 0.075245658, 0.0603271391, 0.0525867651, 0.0, 0.2411800254, 0.1333678666, 0.0, 0.1121023891], [0.0587496737, 0.0, 0.3624117998, 0.0, 0.0, 0.0, 0.2582783849, 0.0, 0.3205601415, 0.0], [0.0, 0.0, 0.0325224343, 0.3496073365, 0.0, 0.0, 0.3035484969, 0.2747000166, 0.0237385557, 0.0158831601]]>, <NashProfile for 'Generated by GAMUT v1.0.1
A Game With Uniformly Random Payoffs
Game Parameter Values:
Random seed:	1652188556881
Cmd Line:	-g RandomGame -players 3 -actions 10 -normalize -min_payoff 0.01 -max_payoff 10 -int_payoffs -int_mult 100 -random_seed 1652188556881 -output GambitOutput -f RG_multi_3_10_2.nfg
Players:	3
Actions:	10 10 10
players:	3
actions:	[10]': [[0.341529866, 0.0, 0.080575542, 0.0341310328, 0.0620352485, 0.0, 0.1189671345, 0.194573833, 0.0, 0.1681873433], [0.0300617352, 0.0, 0.3788229853, 0.0, 0.0, 0.0, 0.2505489183, 0.0, 0.3405663612, 0.0], [0.0, 0.0, 0.0593320591, 0.3507184813, 0.0, 0.0, 0.3008840663, 0.2890653933, 0.0, 0.0]]>, <NashProfile for 'Generated by GAMUT v1.0.1
A Game With Uniformly Random Payoffs
Game Parameter Values:
Random seed:	1652188556881
Cmd Line:	-g RandomGame -players 3 -actions 10 -normalize -min_payoff 0.01 -max_payoff 10 -int_payoffs -int_mult 100 -random_seed 1652188556881 -output GambitOutput -f RG_multi_3_10_2.nfg
Players:	3
Actions:	10 10 10
players:	3
actions:	[10]': [[0.0, 0.0, 0.4684830986, 0.0853159724, 0.0, 0.0, 0.0267833145, 0.174421586, 0.0, 0.2449960285], [0.0, 0.0, 0.4372212728, 0.1196251647, 0.0, 0.0, 0.1217472155, 0.0, 0.321406347, 0.0], [0.0, 0.0, 0.0, 0.3812716228, 0.0, 0.0, 0.3006502753, 0.2159649576, 0.0, 0.1021131443]]>, <NashProfile for 'Generated by GAMUT v1.0.1
A Game With Uniformly Random Payoffs
Game Parameter Values:
Random seed:	1652188556881
Cmd Line:	-g RandomGame -players 3 -actions 10 -normalize -min_payoff 0.01 -max_payoff 10 -int_payoffs -int_mult 100 -random_seed 1652188556881 -output GambitOutput -f RG_multi_3_10_2.nfg
Players:	3
Actions:	10 10 10
players:	3
actions:	[10]': [[0.0, 0.0, 0.4797398348, 0.0606198547, 0.0, 0.0, 0.0, 0.171307455, 0.0, 0.2883328555], [0.0, 0.0, 0.4935718713, 0.0970375036, 0.0, 0.0, 0.1032843386, 0.0, 0.3061062865, 0.0], [0.0, 0.0, 0.0, 0.3708447295, 0.0, 0.0, 0.3179386592, 0.2251343288, 0.0, 0.0860822826]]>, <NashProfile for 'Generated by GAMUT v1.0.1
A Game With Uniformly Random Payoffs
Game Parameter Values:
Random seed:	1652188556881
Cmd Line:	-g RandomGame -players 3 -actions 10 -normalize -min_payoff 0.01 -max_payoff 10 -int_payoffs -int_mult 100 -random_seed 1652188556881 -output GambitOutput -f RG_multi_3_10_2.nfg
Players:	3
Actions:	10 10 10
players:	3
actions:	[10]': [[0.0, 0.0, 0.2811747436, 0.0662513343, 0.0, 0.1773166723, 0.0, 0.1215483411, 0.0, 0.3537089087], [0.0, 0.0, 0.6725460246, 0.0, 0.0, 0.0, 0.0185567198, 0.0, 0.3088972556, 0.0], [0.0, 0.0, 0.0, 0.3226602666, 0.0, 0.0, 0.369463257, 0.2464956391, 0.0, 0.0613808373]]>, <NashProfile for 'Generated by GAMUT v1.0.1
A Game With Uniformly Random Payoffs
Game Parameter Values:
Random seed:	1652188556881
Cmd Line:	-g RandomGame -players 3 -actions 10 -normalize -min_payoff 0.01 -max_payoff 10 -int_payoffs -int_mult 100 -random_seed 1652188556881 -output GambitOutput -f RG_multi_3_10_2.nfg
Players:	3
Actions:	10 10 10
players:	3
actions:	[10]': [[0.0, 0.0, 0.2843470982, 0.0770815191, 0.0, 0.1720647827, 0.0, 0.1120135082, 0.0, 0.3544930918], [0.0, 0.0, 0.682118167, 0.0, 0.0, 0.0, 0.0, 0.0, 0.317881833, 0.0], [0.0, 0.0, 0.0, 0.3164150563, 0.0, 0.0, 0.3718728835, 0.2463887105, 0.0, 0.0653233497]]>, <NashProfile for 'Generated by GAMUT v1.0.1
A Game With Uniformly Random Payoffs
Game Parameter Values:
Random seed:	1652188556881
Cmd Line:	-g RandomGame -players 3 -actions 10 -normalize -min_payoff 0.01 -max_payoff 10 -int_payoffs -int_mult 100 -random_seed 1652188556881 -output GambitOutput -f RG_multi_3_10_2.nfg
Players:	3
Actions:	10 10 10
players:	3
actions:	[10]': [[0.1086101937, 0.0, 0.3325382459, 0.2586156921, 0.0, 0.0, 0.0, 0.0611231446, 0.0, 0.2391127237], [0.0, 0.0, 0.5620842638, 0.0, 0.0, 0.0, 0.0, 0.0, 0.4379157362, 0.0], [0.0, 0.0, 0.0783845876, 0.2785062251, 0.0, 0.0, 0.3194605887, 0.3047875665, 0.0, 0.0188610321]]>, <NashProfile for 'Generated by GAMUT v1.0.1
A Game With Uniformly Random Payoffs
Game Parameter Values:
Random seed:	1652188556881
Cmd Line:	-g RandomGame -players 3 -actions 10 -normalize -min_payoff 0.01 -max_payoff 10 -int_payoffs -int_mult 100 -random_seed 1652188556881 -output GambitOutput -f RG_multi_3_10_2.nfg
Players:	3
Actions:	10 10 10
players:	3
actions:	[10]': [[0.0, 0.0, 0.1681118903, 0.0983750262, 0.0, 0.232702778, 0.0, 0.1736122165, 0.0, 0.327198089], [0.0, 0.0, 0.5693248797, 0.0, 0.0, 0.0, 0.0574163993, 0.0, 0.373258721, 0.0], [0.0, 0.0, 0.0799621328, 0.3032005033, 0.0, 0.0, 0.3212610606, 0.2955763034, 0.0, 0.0]]>, <NashProfile for 'Generated by GAMUT v1.0.1
A Game With Uniformly Random Payoffs
Game Parameter Values:
Random seed:	1652188556881
Cmd Line:	-g RandomGame -players 3 -actions 10 -normalize -min_payoff 0.01 -max_payoff 10 -int_payoffs -int_mult 100 -random_seed 1652188556881 -output GambitOutput -f RG_multi_3_10_2.nfg
Players:	3
Actions:	10 10 10
players:	3
actions:	[10]': [[0.0, 0.0, 0.2552934391, 0.1190984708, 0.0, 0.1442103662, 0.0, 0.1305528002, 0.1206738326, 0.2301710912], [0.0, 0.0, 0.5749041462, 0.0, 0.0, 0.0, 0.0730737406, 0.0, 0.3520221132, 0.0], [0.0, 0.0, 0.0733458579, 0.3115735851, 0.0, 0.0, 0.3250987033, 0.2899818537, 0.0, 0.0]]>, <NashProfile for 'Generated by GAMUT v1.0.1
A Game With Uniformly Random Payoffs
Game Parameter Values:
Random seed:	1652188556881
Cmd Line:	-g RandomGame -players 3 -actions 10 -normalize -min_payoff 0.01 -max_payoff 10 -int_payoffs -int_mult 100 -random_seed 1652188556881 -output GambitOutput -f RG_multi_3_10_2.nfg
Players:	3
Actions:	10 10 10
players:	3
actions:	[10]': [[0.1112927112, 0.0, 0.4297945457, 0.1055525336, 0.1357220675, 0.1129280041, 0.0, 0.0, 0.0379023494, 0.0668077885], [0.0, 0.0, 0.5173288814, 0.0, 0.0, 0.0, 0.0105230481, 0.0, 0.4721480705, 0.0], [0.1232186356, 0.0, 0.12269755, 0.2420681407, 0.0, 0.0, 0.2418045111, 0.2702111626, 0.0, 0.0]]>, <NashProfile for 'Generated by GAMUT v1.0.1
A Game With Uniformly Random Payoffs
Game Parameter Values:
Random seed:	1652188556881
Cmd Line:	-g RandomGame -players 3 -actions 10 -normalize -min_payoff 0.01 -max_payoff 10 -int_payoffs -int_mult 100 -random_seed 1652188556881 -output GambitOutput -f RG_multi_3_10_2.nfg
Players:	3
Actions:	10 10 10
players:	3
actions:	[10]': [[0.0, 0.0, 0.471578503, 0.2468701862, 0.0, 0.0411744475, 0.0, 0.0, 0.2403768633, 0.0], [0.0204219193, 0.0, 0.5031348481, 0.0, 0.0, 0.0, 0.0452842563, 0.0, 0.4311589763, 0.0], [0.1462002629, 0.0, 0.1041353505, 0.2775900319, 0.0, 0.0, 0.2341651606, 0.2379091941, 0.0, 0.0]]>, <NashProfile for 'Generated by GAMUT v1.0.1
A Game With Uniformly Random Payoffs
Game Parameter Values:
Random seed:	1652188556881
Cmd Line:	-g RandomGame -players 3 -actions 10 -normalize -min_payoff 0.01 -max_payoff 10 -int_payoffs -int_mult 100 -random_seed 1652188556881 -output GambitOutput -f RG_multi_3_10_2.nfg
Players:	3
Actions:	10 10 10
players:	3
actions:	[10]': [[0.0, 0.0, 0.391216354, 0.2294973049, 0.0, 0.0201103278, 0.0, 0.0259140371, 0.2872036253, 0.0460583509], [0.0, 0.0, 0.5505931673, 0.0471964256, 0.0, 0.0, 0.0, 0.0, 0.4022104071, 0.0], [0.0, 0.0, 0.0982855859, 0.295484194, 0.0, 0.0, 0.3045202645, 0.3017099556, 0.0, 0.0]]>, <NashProfile for 'Generated by GAMUT v1.0.1
A Game With Uniformly Random Payoffs
Game Parameter Values:
Random seed:	1652188556881
Cmd Line:	-g RandomGame -players 3 -actions 10 -normalize -min_payoff 0.01 -max_payoff 10 -int_payoffs -int_mult 100 -random_seed 1652188556881 -output GambitOutput -f RG_multi_3_10_2.nfg
Players:	3
Actions:	10 10 10
players:	3
actions:	[10]': [[0.0311373952, 0.0, 0.3889773269, 0.2573148356, 0.0, 0.0, 0.0, 0.0155237136, 0.2805701214, 0.0264766073], [0.0122277565, 0.0, 0.5088959343, 0.0688038308, 0.0, 0.0, 0.0, 0.0, 0.4100724784, 0.0], [0.0, 0.0, 0.1044326844, 0.2939267164, 0.0, 0.0, 0.2945794513, 0.3070611479, 0.0, 0.0]]>, <NashProfile for 'Generated by GAMUT v1.0.1
A Game With Uniformly Random Payoffs
Game Parameter Values:
Random seed:	1652188556881
Cmd Line:	-g RandomGame -players 3 -actions 10 -normalize -min_payoff 0.01 -max_payoff 10 -int_payoffs -int_mult 100 -random_seed 1652188556881 -output GambitOutput -f RG_multi_3_10_2.nfg
Players:	3
Actions:	10 10 10
players:	3
actions:	[10]': [[0.0664772695, 0.0, 0.3519012185, 0.2120671939, 0.0439732678, 0.0, 0.0, 0.0458316472, 0.2627290363, 0.0170203668], [0.0201609663, 0.0, 0.4493396267, 0.1118456017, 0.0, 0.0, 0.0, 0.0, 0.4186538053, 0.0], [0.0, 0.0, 0.1088336955, 0.2990573691, 0.0, 0.0, 0.2778344355, 0.3142744999, 0.0, 0.0]]>, <NashProfile for 'Generated by GAMUT v1.0.1
A Game With Uniformly Random Payoffs
Game Parameter Values:
Random seed:	1652188556881
Cmd Line:	-g RandomGame -players 3 -actions 10 -normalize -min_payoff 0.01 -max_payoff 10 -int_payoffs -int_mult 100 -random_seed 1652188556881 -output GambitOutput -f RG_multi_3_10_2.nfg
Players:	3
Actions:	10 10 10
players:	3
actions:	[10]': [[0.1414227465, 0.0, 0.1760271391, 0.1764234439, 0.0826979066, 0.0, 0.0, 0.1145992203, 0.3088295436, 0.0], [0.0953133571, 0.0, 0.2251541929, 0.2398533809, 0.0, 0.0, 0.0, 0.0, 0.4177397205, 0.0219393486], [0.0, 0.0, 0.0082284218, 0.2626232582, 0.0, 0.0, 0.2662838896, 0.4628644304, 0.0, 0.0]]>, <NashProfile for 'Generated by GAMUT v1.0.1
A Game With Uniformly Random Payoffs
Game Parameter Values:
Random seed:	1652188556881
Cmd Line:	-g RandomGame -players 3 -actions 10 -normalize -min_payoff 0.01 -max_payoff 10 -int_payoffs -int_mult 100 -random_seed 1652188556881 -output GambitOutput -f RG_multi_3_10_2.nfg
Players:	3
Actions:	10 10 10
players:	3
actions:	[10]': [[0.1444152737, 0.0, 0.1793538555, 0.1763468485, 0.0795677105, 0.0, 0.0, 0.1082371164, 0.3120791954, 0.0], [0.1048125102, 0.0, 0.2098850713, 0.2496201417, 0.0, 0.0, 0.0, 0.0, 0.4124347172, 0.0232475595], [0.0, 0.0097696938, 0.0, 0.2604546392, 0.0, 0.0, 0.2649714478, 0.4648042192, 0.0, 0.0]]>, <NashProfile for 'Generated by GAMUT v1.0.1
A Game With Uniformly Random Payoffs
Game Parameter Values:
Random seed:	1652188556881
Cmd Line:	-g RandomGame -players 3 -actions 10 -normalize -min_payoff 0.01 -max_payoff 10 -int_payoffs -int_mult 100 -random_seed 1652188556881 -output GambitOutput -f RG_multi_3_10_2.nfg
Players:	3
Actions:	10 10 10
players:	3
actions:	[10]': [[0.0938752212, 0.0, 0.2480452402, 0.2459735178, 0.0, 0.0, 0.0404522931, 0.0, 0.3716537276, 0.0], [0.1447047127, 0.0, 0.2494364773, 0.2222314228, 0.0, 0.0, 0.0, 0.0, 0.3836273872, 0.0], [0.0, 0.030159007, 0.0, 0.31716081, 0.0, 0.0, 0.2515199195, 0.4011602635, 0.0, 0.0]]>, <NashProfile for 'Generated by GAMUT v1.0.1
A Game With Uniformly Random Payoffs
Game Parameter Values:
Random seed:	1652188556881
Cmd Line:	-g RandomGame -players 3 -actions 10 -normalize -min_payoff 0.01 -max_payoff 10 -int_payoffs -int_mult 100 -random_seed 1652188556881 -output GambitOutput -f RG_multi_3_10_2.nfg
Players:	3
Actions:	10 10 10
players:	3
actions:	[10]': [[0.0954912434, 0.0, 0.1828826741, 0.2098386466, 0.0411470235, 0.0, 0.0618906944, 0.0, 0.408749718, 0.0], [0.1559771022, 0.0, 0.2489734709, 0.2172831737, 0.0, 0.0, 0.0, 0.0, 0.3777662531, 0.0], [0.0, 0.0048198657, 0.0153863279, 0.361719884, 0.0, 0.0, 0.2406518041, 0.3774221183, 0.0, 0.0]]>, <NashProfile for 'Generated by GAMUT v1.0.1
A Game With Uniformly Random Payoffs
Game Parameter Values:
Random seed:	1652188556881
Cmd Line:	-g RandomGame -players 3 -actions 10 -normalize -min_payoff 0.01 -max_payoff 10 -int_payoffs -int_mult 100 -random_seed 1652188556881 -output GambitOutput -f RG_multi_3_10_2.nfg
Players:	3
Actions:	10 10 10
players:	3
actions:	[10]': [[0.0, 0.0, 0.346922257, 0.1947677971, 0.0068524339, 0.0, 0.1090887558, 0.0, 0.323079642, 0.0192891142], [0.0230395304, 0.0, 0.4548713864, 0.0810322349, 0.0, 0.0, 0.1075677286, 0.0, 0.3334891197, 0.0], [0.0, 0.0, 0.1104405551, 0.3734177266, 0.0, 0.0, 0.2797275714, 0.2364141469, 0.0, 0.0]]>, <NashProfile for 'Generated by GAMUT v1.0.1
A Game With Uniformly Random Payoffs
Game Parameter Values:
Random seed:	1652188556881
Cmd Line:	-g RandomGame -players 3 -actions 10 -normalize -min_payoff 0.01 -max_payoff 10 -int_payoffs -int_mult 100 -random_seed 1652188556881 -output GambitOutput -f RG_multi_3_10_2.nfg
Players:	3
Actions:	10 10 10
players:	3
actions:	[10]': [[0.0, 0.0, 0.3373795726, 0.1836105975, 0.0, 0.0, 0.1362819326, 0.0102657516, 0.3181483993, 0.0143137464], [0.0, 0.0, 0.4537128123, 0.0419545365, 0.0, 0.0, 0.2007786446, 0.0, 0.3035540066, 0.0], [0.0, 0.0, 0.0601617889, 0.3670133488, 0.0, 0.0, 0.3034552703, 0.269369592, 0.0, 0.0]]>, <NashProfile for 'Generated by GAMUT v1.0.1
A Game With Uniformly Random Payoffs
Game Parameter Values:
Random seed:	1652188556881
Cmd Line:	-g RandomGame -players 3 -actions 10 -normalize -min_payoff 0.01 -max_payoff 10 -int_payoffs -int_mult 100 -random_seed 1652188556881 -output GambitOutput -f RG_multi_3_10_2.nfg
Players:	3
Actions:	10 10 10
players:	3
actions:	[10]': [[0.181142275, 0.0, 0.2193477637, 0.0851028941, 0.0412123567, 0.0, 0.0, 0.1671849054, 0.1510727181, 0.154937087], [0.0408902568, 0.0, 0.4285320621, 0.0386966077, 0.0, 0.0, 0.1658820699, 0.0, 0.3259990035, 0.0], [0.0, 0.0, 0.0782591816, 0.3343873138, 0.0, 0.0, 0.3020541092, 0.2852993954, 0.0, 0.0]]>, <NashProfile for 'Generated by GAMUT v1.0.1
A Game With Uniformly Random Payoffs
Game Parameter Values:
Random seed:	1652188556881
Cmd Line:	-g RandomGame -players 3 -actions 10 -normalize -min_payoff 0.01 -max_payoff 10 -int_payoffs -int_mult 100 -random_seed 1652188556881 -output GambitOutput -f RG_multi_3_10_2.nfg
Players:	3
Actions:	10 10 10
players:	3
actions:	[10]': [[0.425578599, 0.0, 0.0, 0.0, 0.0573934163, 0.0, 0.0761771111, 0.233304108, 0.0, 0.2075467656], [0.0190629573, 0.0, 0.3836366648, 0.0, 0.0, 0.0, 0.2723485351, 0.0, 0.3249518428, 0.0], [0.0, 0.0, 0.0884568703, 0.3332127067, 0.0, 0.0, 0.2940589211, 0.2842715019, 0.0, 0.0]]>, <NashProfile for 'Generated by GAMUT v1.0.1
A Game With Uniformly Random Payoffs
Game Parameter Values:
Random seed:	1652188556881
Cmd Line:	-g RandomGame -players 3 -actions 10 -normalize -min_payoff 0.01 -max_payoff 10 -int_payoffs -int_mult 100 -random_seed 1652188556881 -output GambitOutput -f RG_multi_3_10_2.nfg
Players:	3
Actions:	10 10 10
players:	3
actions:	[10]': [[0.3779546511, 0.0, 0.0352524603, 0.0, 0.0682145025, 0.0, 0.031693811, 0.2548795404, 0.0, 0.2320050348], [0.0146989718, 0.0, 0.4013181963, 0.0, 0.0, 0.0, 0.2448935327, 0.0, 0.3390892992, 0.0], [0.0, 0.0, 0.0873399624, 0.3378964346, 0.0, 0.0, 0.2819926356, 0.2927709674, 0.0, 0.0]]>, <NashProfile for 'Generated by GAMUT v1.0.1
A Game With Uniformly Random Payoffs
Game Parameter Values:
Random seed:	1652188556881
Cmd Line:	-g RandomGame -players 3 -actions 10 -normalize -min_payoff 0.01 -max_payoff 10 -int_payoffs -int_mult 100 -random_seed 1652188556881 -output GambitOutput -f RG_multi_3_10_2.nfg
Players:	3
Actions:	10 10 10
players:	3
actions:	[10]': [[0.3917912632, 0.0, 0.0407333579, 0.0, 0.0173621764, 0.0, 0.0, 0.226145736, 0.0790864084, 0.2448810582], [0.0457276331, 0.0, 0.4617195851, 0.0, 0.0, 0.0, 0.24599235, 0.0, 0.2465604317, 0.0], [0.0, 0.0, 0.1026005013, 0.3373221798, 0.0, 0.0, 0.2884391811, 0.2716381379, 0.0, 0.0]]>]
Time(in seconds) 2.84


RG 3_10_3
[<NashProfile for 'Generated by GAMUT v1.0.1
A Game With Uniformly Random Payoffs
Game Parameter Values:
Random seed:	1652188559157
Cmd Line:	-g RandomGame -players 3 -actions 10 -normalize -min_payoff 0.01 -max_payoff 10 -int_payoffs -int_mult 100 -random_seed 1652188559157 -output GambitOutput -f RG_multi_3_10_3.nfg
Players:	3
Actions:	10 10 10
players:	3
actions:	[10]': [[0.0, 0.380794702, 0.0, 0.0, 0.619205298, 0.0, 0.0, 0.0, 0.0, 0.0], [0.0, 0.1368821293, 0.0, 0.8631178707, 0.0, 0.0, 0.0, 0.0, 0.0, 0.0], [0.0, 0.0, 1.0, 0.0, 0.0, 0.0, 0.0, 0.0, 0.0, 0.0]]>]
Time(in seconds) 0.17


RG 3_10_4
[<NashProfile for 'Generated by GAMUT v1.0.1
A Game With Uniformly Random Payoffs
Game Parameter Values:
Random seed:	1652188561281
Cmd Line:	-g RandomGame -players 3 -actions 10 -normalize -min_payoff 0.01 -max_payoff 10 -int_payoffs -int_mult 100 -random_seed 1652188561281 -output GambitOutput -f RG_multi_3_10_4.nfg
Players:	3
Actions:	10 10 10
players:	3
actions:	[10]': [[0.3586819265, 0.1999802138, 0.4413378597, 0.0, 0.0, 0.0, 0.0, 0.0, 0.0, 0.0], [0.0, 0.0, 0.0, 0.3193162417, 0.3324339809, 0.0, 0.0873660519, 0.0, 0.1118405232, 0.1490432023], [0.2754662666, 0.0, 0.0, 0.0, 0.0, 0.0824163327, 0.0, 0.0, 0.3519027083, 0.2902146924]]>]
Time(in seconds) 0.40


RG 3_10_5
[]
Time(in seconds) 0.48


RG 3_10_6
[]
Time(in seconds) 0.28


RG 3_10_7
[<NashProfile for 'Generated by GAMUT v1.0.1
A Game With Uniformly Random Payoffs
Game Parameter Values:
Random seed:	1652188569563
Cmd Line:	-g RandomGame -players 3 -actions 10 -normalize -min_payoff 0.01 -max_payoff 10 -int_payoffs -int_mult 100 -random_seed 1652188569563 -output GambitOutput -f RG_multi_3_10_7.nfg
Players:	3
Actions:	10 10 10
players:	3
actions:	[10]': [[0.4524983413, 0.0, 0.0, 0.0, 0.364899587, 0.0, 0.1826020717, 0.0, 0.0, 0.0], [0.0, 0.3364819258, 0.0, 0.0, 0.0, 0.0, 0.2329153145, 0.3041776241, 0.0, 0.1264251356], [0.0, 0.0, 0.0, 0.2043040391, 0.0, 0.0, 0.0, 0.1517629476, 0.6439330133, 0.0]]>, <NashProfile for 'Generated by GAMUT v1.0.1
A Game With Uniformly Random Payoffs
Game Parameter Values:
Random seed:	1652188569563
Cmd Line:	-g RandomGame -players 3 -actions 10 -normalize -min_payoff 0.01 -max_payoff 10 -int_payoffs -int_mult 100 -random_seed 1652188569563 -output GambitOutput -f RG_multi_3_10_7.nfg
Players:	3
Actions:	10 10 10
players:	3
actions:	[10]': [[0.3809297326, 0.0, 0.0, 0.0, 0.4578621781, 0.0, 0.1612080893, 0.0, 0.0, 0.0], [0.0, 0.2198997087, 0.0, 0.0, 0.0, 0.0, 0.284692183, 0.4319792521, 0.0, 0.0634288563], [0.0, 0.0, 0.0, 0.1719685299, 0.0, 0.0, 0.0, 0.2424471998, 0.5855842703, 0.0]]>, <NashProfile for 'Generated by GAMUT v1.0.1
A Game With Uniformly Random Payoffs
Game Parameter Values:
Random seed:	1652188569563
Cmd Line:	-g RandomGame -players 3 -actions 10 -normalize -min_payoff 0.01 -max_payoff 10 -int_payoffs -int_mult 100 -random_seed 1652188569563 -output GambitOutput -f RG_multi_3_10_7.nfg
Players:	3
Actions:	10 10 10
players:	3
actions:	[10]': [[0.1357642094, 0.6090595863, 0.0, 0.0, 0.0, 0.0, 0.2534251104, 0.0017510939, 0.0, 0.0], [0.0, 0.1852812016, 0.0, 0.1621069755, 0.0, 0.0, 0.6526118229, 0.0, 0.0, 0.0], [0.0, 0.0, 0.0182797642, 0.0, 0.0, 0.0284946436, 0.0, 0.5555351201, 0.3976904721, 0.0]]>, <NashProfile for 'Generated by GAMUT v1.0.1
A Game With Uniformly Random Payoffs
Game Parameter Values:
Random seed:	1652188569563
Cmd Line:	-g RandomGame -players 3 -actions 10 -normalize -min_payoff 0.01 -max_payoff 10 -int_payoffs -int_mult 100 -random_seed 1652188569563 -output GambitOutput -f RG_multi_3_10_7.nfg
Players:	3
Actions:	10 10 10
players:	3
actions:	[10]': [[0.135107709, 0.6081079684, 0.0, 0.0, 0.0024405683, 0.0, 0.2515432442, 0.0028005101, 0.0, 0.0], [0.0, 0.1833296455, 0.0, 0.1625925347, 0.0, 0.0, 0.6540778198, 0.0, 0.0, 0.0], [0.0, 0.0, 0.0234811297, 0.0, 0.0, 0.0243826995, 0.0, 0.5541986244, 0.3979375464, 0.0]]>, <NashProfile for 'Generated by GAMUT v1.0.1
A Game With Uniformly Random Payoffs
Game Parameter Values:
Random seed:	1652188569563
Cmd Line:	-g RandomGame -players 3 -actions 10 -normalize -min_payoff 0.01 -max_payoff 10 -int_payoffs -int_mult 100 -random_seed 1652188569563 -output GambitOutput -f RG_multi_3_10_7.nfg
Players:	3
Actions:	10 10 10
players:	3
actions:	[10]': [[0.1343325523, 0.0, 0.0, 0.0, 0.8656674477, 0.0, 0.0, 0.0, 0.0, 0.0], [0.0, 0.0, 0.0, 0.1869396308, 0.0, 0.0, 0.8130603692, 0.0, 0.0, 0.0], [0.0, 0.0, 0.0, 0.0, 0.0, 0.0, 0.0, 0.4815190301, 0.5184809699, 0.0]]>, <NashProfile for 'Generated by GAMUT v1.0.1
A Game With Uniformly Random Payoffs
Game Parameter Values:
Random seed:	1652188569563
Cmd Line:	-g RandomGame -players 3 -actions 10 -normalize -min_payoff 0.01 -max_payoff 10 -int_payoffs -int_mult 100 -random_seed 1652188569563 -output GambitOutput -f RG_multi_3_10_7.nfg
Players:	3
Actions:	10 10 10
players:	3
actions:	[10]': [[0.113538111, 0.0, 0.0, 0.0, 0.886461889, 0.0, 0.0, 0.0, 0.0, 0.0], [0.0, 0.0, 0.0, 0.1543889512, 0.0, 0.0568089116, 0.7888021372, 0.0, 0.0, 0.0], [0.0, 0.0, 0.0, 0.0, 0.0, 0.0, 0.0, 0.4898624449, 0.5101375551, 0.0]]>, <NashProfile for 'Generated by GAMUT v1.0.1
A Game With Uniformly Random Payoffs
Game Parameter Values:
Random seed:	1652188569563
Cmd Line:	-g RandomGame -players 3 -actions 10 -normalize -min_payoff 0.01 -max_payoff 10 -int_payoffs -int_mult 100 -random_seed 1652188569563 -output GambitOutput -f RG_multi_3_10_7.nfg
Players:	3
Actions:	10 10 10
players:	3
actions:	[10]': [[0.0, 0.1178234033, 0.0, 0.0, 0.7037356156, 0.0, 0.0, 0.0, 0.1784409812, 0.0], [0.0, 0.0, 0.0, 0.4090790154, 0.0, 0.0589657802, 0.5319552044, 0.0, 0.0, 0.0], [0.0, 0.0, 0.0, 0.0, 0.0, 0.0, 0.0, 0.5574914223, 0.4425085777, 0.0]]>, <NashProfile for 'Generated by GAMUT v1.0.1
A Game With Uniformly Random Payoffs
Game Parameter Values:
Random seed:	1652188569563
Cmd Line:	-g RandomGame -players 3 -actions 10 -normalize -min_payoff 0.01 -max_payoff 10 -int_payoffs -int_mult 100 -random_seed 1652188569563 -output GambitOutput -f RG_multi_3_10_7.nfg
Players:	3
Actions:	10 10 10
players:	3
actions:	[10]': [[0.0, 0.186456673, 0.0, 0.0, 0.4426704873, 0.0, 0.0, 0.0, 0.3708728396, 0.0], [0.0177216453, 0.0, 0.0, 0.4903606828, 0.0, 0.0, 0.4919176719, 0.0, 0.0, 0.0], [0.0, 0.0, 0.0, 0.0, 0.0, 0.0933024988, 0.0, 0.522011735, 0.3846857662, 0.0]]>, <NashProfile for 'Generated by GAMUT v1.0.1
A Game With Uniformly Random Payoffs
Game Parameter Values:
Random seed:	1652188569563
Cmd Line:	-g RandomGame -players 3 -actions 10 -normalize -min_payoff 0.01 -max_payoff 10 -int_payoffs -int_mult 100 -random_seed 1652188569563 -output GambitOutput -f RG_multi_3_10_7.nfg
Players:	3
Actions:	10 10 10
players:	3
actions:	[10]': [[0.0533788624, 0.0919125025, 0.0, 0.0, 0.5031642193, 0.0, 0.0, 0.0, 0.3515444157, 0.0], [0.0704130081, 0.0655598846, 0.0, 0.2766555128, 0.0, 0.0, 0.2900944004, 0.0, 0.0, 0.2972771941], [0.0, 0.0, 0.0, 0.0, 0.0, 0.216833412, 0.0, 0.3906169313, 0.3925496566, 0.0]]>, <NashProfile for 'Generated by GAMUT v1.0.1
A Game With Uniformly Random Payoffs
Game Parameter Values:
Random seed:	1652188569563
Cmd Line:	-g RandomGame -players 3 -actions 10 -normalize -min_payoff 0.01 -max_payoff 10 -int_payoffs -int_mult 100 -random_seed 1652188569563 -output GambitOutput -f RG_multi_3_10_7.nfg
Players:	3
Actions:	10 10 10
players:	3
actions:	[10]': [[0.0276169658, 0.0580840558, 0.0, 0.0, 0.5265293553, 0.0, 0.0, 0.0, 0.3877696231, 0.0], [0.0821016804, 0.0436148059, 0.0, 0.2771002993, 0.0, 0.0, 0.2949652233, 0.0, 0.0, 0.3022179911], [0.0, 0.0, 0.0, 0.0, 0.0, 0.1794555782, 0.0, 0.3884538389, 0.3988918014, 0.0331987815]]>, <NashProfile for 'Generated by GAMUT v1.0.1
A Game With Uniformly Random Payoffs
Game Parameter Values:
Random seed:	1652188569563
Cmd Line:	-g RandomGame -players 3 -actions 10 -normalize -min_payoff 0.01 -max_payoff 10 -int_payoffs -int_mult 100 -random_seed 1652188569563 -output GambitOutput -f RG_multi_3_10_7.nfg
Players:	3
Actions:	10 10 10
players:	3
actions:	[10]': [[0.0, 0.0204688098, 0.0, 0.0, 0.5554452777, 0.0, 0.0, 0.0, 0.4240859125, 0.0], [0.0877927971, 0.0310051293, 0.0, 0.2919632063, 0.0, 0.0, 0.3053027807, 0.0, 0.0, 0.2839360865], [0.0, 0.0, 0.0, 0.0, 0.0, 0.1440547199, 0.0, 0.3839339988, 0.4010244381, 0.0709868431]]>, <NashProfile for 'Generated by GAMUT v1.0.1
A Game With Uniformly Random Payoffs
Game Parameter Values:
Random seed:	1652188569563
Cmd Line:	-g RandomGame -players 3 -actions 10 -normalize -min_payoff 0.01 -max_payoff 10 -int_payoffs -int_mult 100 -random_seed 1652188569563 -output GambitOutput -f RG_multi_3_10_7.nfg
Players:	3
Actions:	10 10 10
players:	3
actions:	[10]': [[0.0, 0.0, 0.0, 0.0, 0.5457237274, 0.0, 0.0, 0.0, 0.4542762726, 0.0], [0.3877292134, 0.0233854501, 0.0, 0.2065565016, 0.0, 0.0, 0.1797023948, 0.0, 0.0, 0.2026264401], [0.0, 0.0, 0.0, 0.0, 0.0, 0.1298502067, 0.0, 0.3715607301, 0.4565694038, 0.0420196593]]>, <NashProfile for 'Generated by GAMUT v1.0.1
A Game With Uniformly Random Payoffs
Game Parameter Values:
Random seed:	1652188569563
Cmd Line:	-g RandomGame -players 3 -actions 10 -normalize -min_payoff 0.01 -max_payoff 10 -int_payoffs -int_mult 100 -random_seed 1652188569563 -output GambitOutput -f RG_multi_3_10_7.nfg
Players:	3
Actions:	10 10 10
players:	3
actions:	[10]': [[0.0, 0.063372046, 0.1336991535, 0.0, 0.3829735237, 0.0, 0.0837495745, 0.0, 0.3362057024, 0.0], [0.0054299171, 0.2246713132, 0.0, 0.4725429705, 0.0, 0.0460625925, 0.2512932065, 0.0, 0.0, 0.0], [0.0, 0.0, 0.0, 0.0, 0.0, 0.1583916974, 0.0, 0.390019749, 0.4515885535, 0.0]]>, <NashProfile for 'Generated by GAMUT v1.0.1
A Game With Uniformly Random Payoffs
Game Parameter Values:
Random seed:	1652188569563
Cmd Line:	-g RandomGame -players 3 -actions 10 -normalize -min_payoff 0.01 -max_payoff 10 -int_payoffs -int_mult 100 -random_seed 1652188569563 -output GambitOutput -f RG_multi_3_10_7.nfg
Players:	3
Actions:	10 10 10
players:	3
actions:	[10]': [[0.0, 0.5446562806, 0.0, 0.0, 0.0, 0.0, 0.2766430065, 0.0, 0.1787007129, 0.0], [0.0, 0.3429795504, 0.0, 0.4544707525, 0.0, 0.0, 0.2025496971, 0.0, 0.0, 0.0], [0.0, 0.0, 0.0, 0.0, 0.0, 0.0868574035, 0.0, 0.491220376, 0.4219222205, 0.0]]>, <NashProfile for 'Generated by GAMUT v1.0.1
A Game With Uniformly Random Payoffs
Game Parameter Values:
Random seed:	1652188569563
Cmd Line:	-g RandomGame -players 3 -actions 10 -normalize -min_payoff 0.01 -max_payoff 10 -int_payoffs -int_mult 100 -random_seed 1652188569563 -output GambitOutput -f RG_multi_3_10_7.nfg
Players:	3
Actions:	10 10 10
players:	3
actions:	[10]': [[0.0, 0.4850226693, 0.0265694194, 0.0, 0.0, 0.0, 0.2897546119, 0.0, 0.1986532994, 0.0], [0.0, 0.4679246426, 0.0, 0.4759930799, 0.0, 0.0, 0.0560822775, 0.0, 0.0, 0.0], [0.0, 0.0, 0.0, 0.1277301848, 0.013468937, 0.0710648862, 0.0, 0.3989968035, 0.3887391885, 0.0]]>, <NashProfile for 'Generated by GAMUT v1.0.1
A Game With Uniformly Random Payoffs
Game Parameter Values:
Random seed:	1652188569563
Cmd Line:	-g RandomGame -players 3 -actions 10 -normalize -min_payoff 0.01 -max_payoff 10 -int_payoffs -int_mult 100 -random_seed 1652188569563 -output GambitOutput -f RG_multi_3_10_7.nfg
Players:	3
Actions:	10 10 10
players:	3
actions:	[10]': [[0.0, 0.482090129, 0.025364382, 0.0, 0.0, 0.0, 0.292666885, 0.0, 0.1998786039, 0.0], [0.0, 0.479056166, 0.0, 0.4737217062, 0.0, 0.0, 0.0472221278, 0.0, 0.0, 0.0], [0.0, 0.0, 0.0, 0.1548044335, 0.0052201839, 0.0584759854, 0.0, 0.3884972029, 0.3747450061, 0.0182571882]]>, <NashProfile for 'Generated by GAMUT v1.0.1
A Game With Uniformly Random Payoffs
Game Parameter Values:
Random seed:	1652188569563
Cmd Line:	-g RandomGame -players 3 -actions 10 -normalize -min_payoff 0.01 -max_payoff 10 -int_payoffs -int_mult 100 -random_seed 1652188569563 -output GambitOutput -f RG_multi_3_10_7.nfg
Players:	3
Actions:	10 10 10
players:	3
actions:	[10]': [[0.0, 0.4837648488, 0.0207971694, 0.0, 0.0, 0.0, 0.2957600185, 0.0, 0.1996779633, 0.0], [0.0, 0.4805905835, 0.0, 0.4667403949, 0.0, 0.0, 0.0526690217, 0.0, 0.0, 0.0], [0.0, 0.0, 0.0, 0.1676654079, 0.0, 0.055872395, 0.0, 0.3846043315, 0.3654415478, 0.0264163179]]>, <NashProfile for 'Generated by GAMUT v1.0.1
A Game With Uniformly Random Payoffs
Game Parameter Values:
Random seed:	1652188569563
Cmd Line:	-g RandomGame -players 3 -actions 10 -normalize -min_payoff 0.01 -max_payoff 10 -int_payoffs -int_mult 100 -random_seed 1652188569563 -output GambitOutput -f RG_multi_3_10_7.nfg
Players:	3
Actions:	10 10 10
players:	3
actions:	[10]': [[0.0, 0.5468802196, 0.0, 0.0, 0.0, 0.0, 0.3644183114, 0.0, 0.088701469, 0.0], [0.0, 0.4775153066, 0.0, 0.5003956307, 0.0220890627, 0.0, 0.0, 0.0, 0.0, 0.0], [0.0, 0.0, 0.0, 0.1001084305, 0.0, 0.0, 0.0, 0.482066799, 0.2861966251, 0.1316281454]]>, <NashProfile for 'Generated by GAMUT v1.0.1
A Game With Uniformly Random Payoffs
Game Parameter Values:
Random seed:	1652188569563
Cmd Line:	-g RandomGame -players 3 -actions 10 -normalize -min_payoff 0.01 -max_payoff 10 -int_payoffs -int_mult 100 -random_seed 1652188569563 -output GambitOutput -f RG_multi_3_10_7.nfg
Players:	3
Actions:	10 10 10
players:	3
actions:	[10]': [[0.0, 0.0, 0.0, 0.0, 0.0, 0.0, 1.0, 0.0, 0.0, 0.0], [0.0, 0.5612361607, 0.0, 0.1968844359, 0.0, 0.0, 0.0, 0.0, 0.2418794034, 0.0], [0.0, 0.4965864096, 0.0, 0.0, 0.0, 0.0, 0.0, 0.4310234154, 0.072390175, 0.0]]>, <NashProfile for 'Generated by GAMUT v1.0.1
A Game With Uniformly Random Payoffs
Game Parameter Values:
Random seed:	1652188569563
Cmd Line:	-g RandomGame -players 3 -actions 10 -normalize -min_payoff 0.01 -max_payoff 10 -int_payoffs -int_mult 100 -random_seed 1652188569563 -output GambitOutput -f RG_multi_3_10_7.nfg
Players:	3
Actions:	10 10 10
players:	3
actions:	[10]': [[0.0, 0.0, 0.0359624592, 0.0, 0.1565747251, 0.0, 0.3810024142, 0.0, 0.4264604015, 0.0], [0.0, 0.1500029946, 0.0, 0.2185740915, 0.0, 0.631422914, 0.0, 0.0, 0.0, 0.0], [0.0, 0.0, 0.0, 0.1365910166, 0.0, 0.0, 0.0, 0.3905934373, 0.4728155461, 0.0]]>]
Time(in seconds) 1.73


RG 3_10_8
[<NashProfile for 'Generated by GAMUT v1.0.1
A Game With Uniformly Random Payoffs
Game Parameter Values:
Random seed:	1652188572523
Cmd Line:	-g RandomGame -players 3 -actions 10 -normalize -min_payoff 0.01 -max_payoff 10 -int_payoffs -int_mult 100 -random_seed 1652188572523 -output GambitOutput -f RG_multi_3_10_8.nfg
Players:	3
Actions:	10 10 10
players:	3
actions:	[10]': [[0.0, 0.0, 1.0, 0.0, 0.0, 0.0, 0.0, 0.0, 0.0, 0.0], [0.0, 0.0, 0.0, 0.0, 0.0, 1.0, 0.0, 0.0, 0.0, 0.0], [0.0, 1.0, 0.0, 0.0, 0.0, 0.0, 0.0, 0.0, 0.0, 0.0]]>, <NashProfile for 'Generated by GAMUT v1.0.1
A Game With Uniformly Random Payoffs
Game Parameter Values:
Random seed:	1652188572523
Cmd Line:	-g RandomGame -players 3 -actions 10 -normalize -min_payoff 0.01 -max_payoff 10 -int_payoffs -int_mult 100 -random_seed 1652188572523 -output GambitOutput -f RG_multi_3_10_8.nfg
Players:	3
Actions:	10 10 10
players:	3
actions:	[10]': [[0.0, 0.0723276017, 0.8762623752, 0.0, 0.0, 0.0, 0.0, 0.0, 0.0514100231, 0.0], [0.0, 0.0, 0.0, 0.0, 0.0, 0.912395575, 0.087604425, 0.0, 0.0, 0.0], [0.0, 0.4376798555, 0.0, 0.0, 0.0, 0.0, 0.0, 0.0, 0.2127273943, 0.3495927502]]>, <NashProfile for 'Generated by GAMUT v1.0.1
A Game With Uniformly Random Payoffs
Game Parameter Values:
Random seed:	1652188572523
Cmd Line:	-g RandomGame -players 3 -actions 10 -normalize -min_payoff 0.01 -max_payoff 10 -int_payoffs -int_mult 100 -random_seed 1652188572523 -output GambitOutput -f RG_multi_3_10_8.nfg
Players:	3
Actions:	10 10 10
players:	3
actions:	[10]': [[0.0, 0.0, 0.7847995975, 0.0, 0.0, 0.0, 0.0, 0.0, 0.1285836143, 0.0866167882], [0.0, 0.0, 0.0, 0.0, 0.0, 0.7383497464, 0.1431510694, 0.1184991842, 0.0, 0.0], [0.0, 0.2138413117, 0.0, 0.0, 0.0, 0.0, 0.0, 0.0, 0.4007408388, 0.3854178495]]>, <NashProfile for 'Generated by GAMUT v1.0.1
A Game With Uniformly Random Payoffs
Game Parameter Values:
Random seed:	1652188572523
Cmd Line:	-g RandomGame -players 3 -actions 10 -normalize -min_payoff 0.01 -max_payoff 10 -int_payoffs -int_mult 100 -random_seed 1652188572523 -output GambitOutput -f RG_multi_3_10_8.nfg
Players:	3
Actions:	10 10 10
players:	3
actions:	[10]': [[0.0, 0.1524448322, 0.6215786236, 0.0, 0.0, 0.0, 0.0, 0.0, 0.0015451508, 0.2244313934], [0.0, 0.0, 0.0, 0.1131352029, 0.0533960255, 0.7764176677, 0.0158614427, 0.0411896612, 0.0, 0.0], [0.0, 0.5669255284, 0.0, 0.0, 0.0, 0.0, 0.0, 0.0, 0.0517469571, 0.3813275145]]>, <NashProfile for 'Generated by GAMUT v1.0.1
A Game With Uniformly Random Payoffs
Game Parameter Values:
Random seed:	1652188572523
Cmd Line:	-g RandomGame -players 3 -actions 10 -normalize -min_payoff 0.01 -max_payoff 10 -int_payoffs -int_mult 100 -random_seed 1652188572523 -output GambitOutput -f RG_multi_3_10_8.nfg
Players:	3
Actions:	10 10 10
players:	3
actions:	[10]': [[0.0, 0.1528502453, 0.6206261792, 0.0, 0.0, 0.0, 0.0, 0.0, 0.0, 0.2265235756], [0.0, 0.0, 0.0, 0.1480724495, 0.0413088188, 0.7860434474, 0.0, 0.0245752843, 0.0, 0.0], [0.0, 0.5811567593, 0.0, 0.0, 0.0, 0.0, 0.0, 0.0, 0.0436282591, 0.3752149816]]>, <NashProfile for 'Generated by GAMUT v1.0.1
A Game With Uniformly Random Payoffs
Game Parameter Values:
Random seed:	1652188572523
Cmd Line:	-g RandomGame -players 3 -actions 10 -normalize -min_payoff 0.01 -max_payoff 10 -int_payoffs -int_mult 100 -random_seed 1652188572523 -output GambitOutput -f RG_multi_3_10_8.nfg
Players:	3
Actions:	10 10 10
players:	3
actions:	[10]': [[0.0, 0.1873788991, 0.4247336596, 0.0, 0.0, 0.1008467202, 0.0, 0.0, 0.0340781229, 0.2529625982], [0.0, 0.0, 0.0722934625, 0.0319188297, 0.1152621378, 0.6319287508, 0.0, 0.0374303207, 0.1111664986, 0.0], [0.0, 0.5928757452, 0.0, 0.0, 0.0, 0.0, 0.0, 0.0, 0.0, 0.4071242548]]>, <NashProfile for 'Generated by GAMUT v1.0.1
A Game With Uniformly Random Payoffs
Game Parameter Values:
Random seed:	1652188572523
Cmd Line:	-g RandomGame -players 3 -actions 10 -normalize -min_payoff 0.01 -max_payoff 10 -int_payoffs -int_mult 100 -random_seed 1652188572523 -output GambitOutput -f RG_multi_3_10_8.nfg
Players:	3
Actions:	10 10 10
players:	3
actions:	[10]': [[0.0, 0.2764801667, 0.4045388321, 0.0, 0.0, 0.063117159, 0.0, 0.0, 0.0483564635, 0.2075073787], [0.0, 0.0, 0.0902416251, 0.0, 0.1088025006, 0.6502698755, 0.02946316, 0.0779795386, 0.0432433001, 0.0], [0.0, 0.4974930643, 0.0, 0.0512313004, 0.0, 0.0, 0.0, 0.0, 0.101477488, 0.3497981474]]>, <NashProfile for 'Generated by GAMUT v1.0.1
A Game With Uniformly Random Payoffs
Game Parameter Values:
Random seed:	1652188572523
Cmd Line:	-g RandomGame -players 3 -actions 10 -normalize -min_payoff 0.01 -max_payoff 10 -int_payoffs -int_mult 100 -random_seed 1652188572523 -output GambitOutput -f RG_multi_3_10_8.nfg
Players:	3
Actions:	10 10 10
players:	3
actions:	[10]': [[0.0, 0.3445215985, 0.4388416497, 0.0, 0.0, 0.0053683948, 0.0, 0.0, 0.0, 0.211268357], [0.0, 0.0, 0.1202762483, 0.0, 0.0961184744, 0.5416964841, 0.0240522695, 0.1267942931, 0.0910622305, 0.0], [0.0, 0.4251765117, 0.0, 0.1229486151, 0.0, 0.0, 0.0, 0.0, 0.1524233256, 0.2994515476]]>, <NashProfile for 'Generated by GAMUT v1.0.1
A Game With Uniformly Random Payoffs
Game Parameter Values:
Random seed:	1652188572523
Cmd Line:	-g RandomGame -players 3 -actions 10 -normalize -min_payoff 0.01 -max_payoff 10 -int_payoffs -int_mult 100 -random_seed 1652188572523 -output GambitOutput -f RG_multi_3_10_8.nfg
Players:	3
Actions:	10 10 10
players:	3
actions:	[10]': [[0.0, 0.2998676094, 0.3806221444, 0.0, 0.0, 0.0536949087, 0.0, 0.0, 0.0, 0.2658153376], [0.0, 0.0, 0.1054679109, 0.0, 0.1038217983, 0.5528323412, 0.0, 0.1479540649, 0.0899238847, 0.0], [0.0, 0.5784760037, 0.0, 0.0734729913, 0.0, 0.0, 0.0, 0.0, 0.0529849827, 0.2950660223]]>, <NashProfile for 'Generated by GAMUT v1.0.1
A Game With Uniformly Random Payoffs
Game Parameter Values:
Random seed:	1652188572523
Cmd Line:	-g RandomGame -players 3 -actions 10 -normalize -min_payoff 0.01 -max_payoff 10 -int_payoffs -int_mult 100 -random_seed 1652188572523 -output GambitOutput -f RG_multi_3_10_8.nfg
Players:	3
Actions:	10 10 10
players:	3
actions:	[10]': [[0.0, 0.0, 0.7900555259, 0.0, 0.0, 0.0, 0.0081167377, 0.0, 0.0, 0.2018277364], [0.0, 0.0, 0.0, 0.0, 0.0, 0.4532753025, 0.2147149721, 0.216654073, 0.0, 0.1153556524], [0.0, 0.0, 0.0268087564, 0.0, 0.0, 0.0, 0.0, 0.0, 0.5131191184, 0.4600721252]]>, <NashProfile for 'Generated by GAMUT v1.0.1
A Game With Uniformly Random Payoffs
Game Parameter Values:
Random seed:	1652188572523
Cmd Line:	-g RandomGame -players 3 -actions 10 -normalize -min_payoff 0.01 -max_payoff 10 -int_payoffs -int_mult 100 -random_seed 1652188572523 -output GambitOutput -f RG_multi_3_10_8.nfg
Players:	3
Actions:	10 10 10
players:	3
actions:	[10]': [[0.0, 0.0, 0.7859915232, 0.0, 0.0, 0.0, 0.0294191696, 0.0, 0.0, 0.1845893073], [0.0, 0.0, 0.0, 0.0, 0.0, 0.5345018667, 0.1842007401, 0.1818397351, 0.0, 0.0994576581], [0.0, 0.0, 0.0, 0.0, 0.0, 0.0, 0.0, 0.0, 0.5397031777, 0.4602968223]]>, <NashProfile for 'Generated by GAMUT v1.0.1
A Game With Uniformly Random Payoffs
Game Parameter Values:
Random seed:	1652188572523
Cmd Line:	-g RandomGame -players 3 -actions 10 -normalize -min_payoff 0.01 -max_payoff 10 -int_payoffs -int_mult 100 -random_seed 1652188572523 -output GambitOutput -f RG_multi_3_10_8.nfg
Players:	3
Actions:	10 10 10
players:	3
actions:	[10]': [[0.0, 0.0, 0.7821913425, 0.0, 0.0, 0.0, 0.0391010434, 0.0, 0.0406081085, 0.1380995056], [0.0, 0.0, 0.0, 0.0, 0.0, 0.5927084229, 0.1646175937, 0.1624677534, 0.0, 0.08020623], [0.0, 0.0, 0.0, 0.0, 0.0, 0.0, 0.0, 0.0, 0.5566009269, 0.4433990731]]>, <NashProfile for 'Generated by GAMUT v1.0.1
A Game With Uniformly Random Payoffs
Game Parameter Values:
Random seed:	1652188572523
Cmd Line:	-g RandomGame -players 3 -actions 10 -normalize -min_payoff 0.01 -max_payoff 10 -int_payoffs -int_mult 100 -random_seed 1652188572523 -output GambitOutput -f RG_multi_3_10_8.nfg
Players:	3
Actions:	10 10 10
players:	3
actions:	[10]': [[0.0, 0.0, 0.8663281206, 0.0, 0.0, 0.0, 0.1336718794, 0.0, 0.0, 0.0], [0.0, 0.0, 0.0, 0.0, 0.0, 0.644910139, 0.0343973853, 0.1245955638, 0.0, 0.1960969119], [0.0, 0.137012808, 0.0, 0.0, 0.0, 0.0, 0.0, 0.0, 0.4612543853, 0.4017328067]]>, <NashProfile for 'Generated by GAMUT v1.0.1
A Game With Uniformly Random Payoffs
Game Parameter Values:
Random seed:	1652188572523
Cmd Line:	-g RandomGame -players 3 -actions 10 -normalize -min_payoff 0.01 -max_payoff 10 -int_payoffs -int_mult 100 -random_seed 1652188572523 -output GambitOutput -f RG_multi_3_10_8.nfg
Players:	3
Actions:	10 10 10
players:	3
actions:	[10]': [[0.0, 0.0, 0.6886412741, 0.1561070038, 0.0, 0.0, 0.1552517221, 0.0, 0.0, 0.0], [0.0, 0.0, 0.0, 0.0, 0.0925196131, 0.3461830666, 0.0865129436, 0.2745776566, 0.0, 0.20020672], [0.0, 0.1243456443, 0.0, 0.0, 0.0, 0.0, 0.0, 0.0, 0.51156276, 0.3640915957]]>, <NashProfile for 'Generated by GAMUT v1.0.1
A Game With Uniformly Random Payoffs
Game Parameter Values:
Random seed:	1652188572523
Cmd Line:	-g RandomGame -players 3 -actions 10 -normalize -min_payoff 0.01 -max_payoff 10 -int_payoffs -int_mult 100 -random_seed 1652188572523 -output GambitOutput -f RG_multi_3_10_8.nfg
Players:	3
Actions:	10 10 10
players:	3
actions:	[10]': [[0.0, 0.0, 0.6888020467, 0.156780314, 0.0, 0.0, 0.1544176393, 0.0, 0.0, 0.0], [0.0, 0.0, 0.0, 0.0, 0.0939487519, 0.3429464186, 0.087412358, 0.2760555564, 0.0, 0.1996369151], [0.0, 0.1254109952, 0.0026131464, 0.0, 0.0, 0.0, 0.0, 0.0, 0.5085542016, 0.3634216568]]>]
Time(in seconds) 4.35


RG 3_10_9
[<NashProfile for 'Generated by GAMUT v1.0.1
A Game With Uniformly Random Payoffs
Game Parameter Values:
Random seed:	1652188575127
Cmd Line:	-g RandomGame -players 3 -actions 10 -normalize -min_payoff 0.01 -max_payoff 10 -int_payoffs -int_mult 100 -random_seed 1652188575127 -output GambitOutput -f RG_multi_3_10_9.nfg
Players:	3
Actions:	10 10 10
players:	3
actions:	[10]': [[0.4776508103, 0.3596462923, 0.0, 0.0, 0.1627028974, 0.0, 0.0, 0.0, 0.0, 0.0], [0.0, 0.0, 0.0, 0.0, 0.3774595137, 0.0, 0.0, 0.6225404863, 0.0, 0.0], [0.0, 0.0540105404, 0.0, 0.0, 0.0, 0.9459894596, 0.0, 0.0, 0.0, 0.0]]>, <NashProfile for 'Generated by GAMUT v1.0.1
A Game With Uniformly Random Payoffs
Game Parameter Values:
Random seed:	1652188575127
Cmd Line:	-g RandomGame -players 3 -actions 10 -normalize -min_payoff 0.01 -max_payoff 10 -int_payoffs -int_mult 100 -random_seed 1652188575127 -output GambitOutput -f RG_multi_3_10_9.nfg
Players:	3
Actions:	10 10 10
players:	3
actions:	[10]': [[0.4120678555, 0.4824971921, 0.0, 0.0, 0.1054349524, 0.0, 0.0, 0.0, 0.0, 0.0], [0.0, 0.0, 0.0, 0.0, 0.3102136482, 0.1123155392, 0.0, 0.5774708125, 0.0, 0.0], [0.0, 0.0126389888, 0.0, 0.0, 0.0, 0.9040908651, 0.0832701461, 0.0, 0.0, 0.0]]>, <NashProfile for 'Generated by GAMUT v1.0.1
A Game With Uniformly Random Payoffs
Game Parameter Values:
Random seed:	1652188575127
Cmd Line:	-g RandomGame -players 3 -actions 10 -normalize -min_payoff 0.01 -max_payoff 10 -int_payoffs -int_mult 100 -random_seed 1652188575127 -output GambitOutput -f RG_multi_3_10_9.nfg
Players:	3
Actions:	10 10 10
players:	3
actions:	[10]': [[0.3415721472, 0.4109394075, 0.0, 0.0, 0.1614279857, 0.0, 0.0, 0.0, 0.0860604595, 0.0], [0.0, 0.0, 0.0, 0.0, 0.2933098916, 0.1278154589, 0.0, 0.5788746495, 0.0, 0.0], [0.0036291817, 0.0, 0.0, 0.0, 0.0, 0.8879360203, 0.108434798, 0.0, 0.0, 0.0]]>, <NashProfile for 'Generated by GAMUT v1.0.1
A Game With Uniformly Random Payoffs
Game Parameter Values:
Random seed:	1652188575127
Cmd Line:	-g RandomGame -players 3 -actions 10 -normalize -min_payoff 0.01 -max_payoff 10 -int_payoffs -int_mult 100 -random_seed 1652188575127 -output GambitOutput -f RG_multi_3_10_9.nfg
Players:	3
Actions:	10 10 10
players:	3
actions:	[10]': [[0.3785096205, 0.3467174374, 0.0, 0.0, 0.2087023074, 0.0, 0.0, 0.0, 0.0660706347, 0.0], [0.0, 0.0, 0.0, 0.0, 0.3376350176, 0.0, 0.0, 0.6623649824, 0.0, 0.0], [0.110982416, 0.0, 0.0, 0.0, 0.0210041405, 0.8680134435, 0.0, 0.0, 0.0, 0.0]]>, <NashProfile for 'Generated by GAMUT v1.0.1
A Game With Uniformly Random Payoffs
Game Parameter Values:
Random seed:	1652188575127
Cmd Line:	-g RandomGame -players 3 -actions 10 -normalize -min_payoff 0.01 -max_payoff 10 -int_payoffs -int_mult 100 -random_seed 1652188575127 -output GambitOutput -f RG_multi_3_10_9.nfg
Players:	3
Actions:	10 10 10
players:	3
actions:	[10]': [[0.3813172683, 0.3492752936, 0.0, 0.0, 0.2053905427, 0.0, 0.0, 0.0, 0.0640168954, 0.0], [0.0271285997, 0.0, 0.0, 0.0, 0.3375483664, 0.0, 0.0, 0.635323034, 0.0, 0.0], [0.1390806405, 0.0, 0.0, 0.0, 0.0523764554, 0.8085429041, 0.0, 0.0, 0.0, 0.0]]>, <NashProfile for 'Generated by GAMUT v1.0.1
A Game With Uniformly Random Payoffs
Game Parameter Values:
Random seed:	1652188575127
Cmd Line:	-g RandomGame -players 3 -actions 10 -normalize -min_payoff 0.01 -max_payoff 10 -int_payoffs -int_mult 100 -random_seed 1652188575127 -output GambitOutput -f RG_multi_3_10_9.nfg
Players:	3
Actions:	10 10 10
players:	3
actions:	[10]': [[0.2419423429, 0.2419036934, 0.2558764296, 0.0, 0.2602775341, 0.0, 0.0, 0.0, 0.0, 0.0], [0.173969937, 0.0, 0.0, 0.0, 0.2757396593, 0.0, 0.0, 0.3852374666, 0.0, 0.1650529371], [0.4425610941, 0.0, 0.0, 0.0, 0.0, 0.5574389059, 0.0, 0.0, 0.0, 0.0]]>, <NashProfile for 'Generated by GAMUT v1.0.1
A Game With Uniformly Random Payoffs
Game Parameter Values:
Random seed:	1652188575127
Cmd Line:	-g RandomGame -players 3 -actions 10 -normalize -min_payoff 0.01 -max_payoff 10 -int_payoffs -int_mult 100 -random_seed 1652188575127 -output GambitOutput -f RG_multi_3_10_9.nfg
Players:	3
Actions:	10 10 10
players:	3
actions:	[10]': [[0.5643805185, 0.0, 0.2335273443, 0.0, 0.2020921373, 0.0, 0.0, 0.0, 0.0, 0.0], [0.4536330227, 0.0, 0.0, 0.0, 0.2689928494, 0.0, 0.0, 0.277374128, 0.0, 0.0], [0.0, 0.0, 0.0, 0.3454067846, 0.0, 0.6545932154, 0.0, 0.0, 0.0, 0.0]]>, <NashProfile for 'Generated by GAMUT v1.0.1
A Game With Uniformly Random Payoffs
Game Parameter Values:
Random seed:	1652188575127
Cmd Line:	-g RandomGame -players 3 -actions 10 -normalize -min_payoff 0.01 -max_payoff 10 -int_payoffs -int_mult 100 -random_seed 1652188575127 -output GambitOutput -f RG_multi_3_10_9.nfg
Players:	3
Actions:	10 10 10
players:	3
actions:	[10]': [[0.5262330203, 0.2916169778, 0.0, 0.0, 0.0588400687, 0.0, 0.1233099332, 0.0, 0.0, 0.0], [0.4085928909, 0.0, 0.0, 0.0, 0.4124395358, 0.0, 0.0, 0.1789675733, 0.0, 0.0], [0.0764700111, 0.0, 0.0, 0.0, 0.2706883314, 0.6528416575, 0.0, 0.0, 0.0, 0.0]]>, <NashProfile for 'Generated by GAMUT v1.0.1
A Game With Uniformly Random Payoffs
Game Parameter Values:
Random seed:	1652188575127
Cmd Line:	-g RandomGame -players 3 -actions 10 -normalize -min_payoff 0.01 -max_payoff 10 -int_payoffs -int_mult 100 -random_seed 1652188575127 -output GambitOutput -f RG_multi_3_10_9.nfg
Players:	3
Actions:	10 10 10
players:	3
actions:	[10]': [[0.3676538347, 0.120142146, 0.0, 0.0, 0.1354245678, 0.2022347354, 0.1346802496, 0.0, 0.0398644667, 0.0], [0.193140278, 0.0, 0.0, 0.0, 0.4217085571, 0.0, 0.2440632925, 0.1410878724, 0.0, 0.0], [0.3310788019, 0.0, 0.172039565, 0.1262715009, 0.3706101322, 0.0, 0.0, 0.0, 0.0, 0.0]]>, <NashProfile for 'Generated by GAMUT v1.0.1
A Game With Uniformly Random Payoffs
Game Parameter Values:
Random seed:	1652188575127
Cmd Line:	-g RandomGame -players 3 -actions 10 -normalize -min_payoff 0.01 -max_payoff 10 -int_payoffs -int_mult 100 -random_seed 1652188575127 -output GambitOutput -f RG_multi_3_10_9.nfg
Players:	3
Actions:	10 10 10
players:	3
actions:	[10]': [[0.4903839484, 0.2398471067, 0.0, 0.0, 0.2008924236, 0.0, 0.0688765214, 0.0, 0.0, 0.0], [0.2751295101, 0.0, 0.0, 0.0, 0.4432451883, 0.0, 0.120809929, 0.1608153726, 0.0, 0.0], [0.4366715248, 0.0, 0.2211397609, 0.0069499905, 0.3352387238, 0.0, 0.0, 0.0, 0.0, 0.0]]>, <NashProfile for 'Generated by GAMUT v1.0.1
A Game With Uniformly Random Payoffs
Game Parameter Values:
Random seed:	1652188575127
Cmd Line:	-g RandomGame -players 3 -actions 10 -normalize -min_payoff 0.01 -max_payoff 10 -int_payoffs -int_mult 100 -random_seed 1652188575127 -output GambitOutput -f RG_multi_3_10_9.nfg
Players:	3
Actions:	10 10 10
players:	3
actions:	[10]': [[0.4865610333, 0.2461328468, 0.0, 0.0, 0.2010764718, 0.0, 0.0662296481, 0.0, 0.0, 0.0], [0.2699129465, 0.0, 0.0, 0.0, 0.4440373537, 0.0, 0.1170580232, 0.1689916766, 0.0, 0.0], [0.4362431196, 0.0, 0.2277188101, 0.0, 0.3360380703, 0.0, 0.0, 0.0, 0.0, 0.0]]>, <NashProfile for 'Generated by GAMUT v1.0.1
A Game With Uniformly Random Payoffs
Game Parameter Values:
Random seed:	1652188575127
Cmd Line:	-g RandomGame -players 3 -actions 10 -normalize -min_payoff 0.01 -max_payoff 10 -int_payoffs -int_mult 100 -random_seed 1652188575127 -output GambitOutput -f RG_multi_3_10_9.nfg
Players:	3
Actions:	10 10 10
players:	3
actions:	[10]': [[0.3491389862, 0.0263369107, 0.0, 0.3423882445, 0.131228945, 0.0, 0.0872156004, 0.0, 0.0636913133, 0.0], [0.0729819454, 0.0, 0.0264131149, 0.0, 0.2017729963, 0.0, 0.3399368065, 0.2795501894, 0.0, 0.0793449474], [0.3157554432, 0.0, 0.439126042, 0.0, 0.2451185147, 0.0, 0.0, 0.0, 0.0, 0.0]]>, <NashProfile for 'Generated by GAMUT v1.0.1
A Game With Uniformly Random Payoffs
Game Parameter Values:
Random seed:	1652188575127
Cmd Line:	-g RandomGame -players 3 -actions 10 -normalize -min_payoff 0.01 -max_payoff 10 -int_payoffs -int_mult 100 -random_seed 1652188575127 -output GambitOutput -f RG_multi_3_10_9.nfg
Players:	3
Actions:	10 10 10
players:	3
actions:	[10]': [[0.3508183077, 0.0, 0.0, 0.365361227, 0.1287818446, 0.0, 0.1133665434, 0.0, 0.0416720773, 0.0], [0.0829726862, 0.0, 0.0437385426, 0.0, 0.2213464644, 0.0, 0.3291038395, 0.2702119661, 0.0, 0.0526265012], [0.3081012548, 0.0, 0.4273136468, 0.0, 0.2645850984, 0.0, 0.0, 0.0, 0.0, 0.0]]>]
Time(in seconds) 0.89


RG 3_10_10
[]
Time(in seconds) 1.19


