RG 5_10_1
[<NashProfile for 'Generated by GAMUT v1.0.1
A Game With Uniformly Random Payoffs
Game Parameter Values:
Random seed:	1652368282462
Cmd Line:	-g RandomGame -players 5 -actions 10 -normalize -min_payoff 0.001 -max_payoff 1000 -int_payoffs -int_mult 100 -random_seed 1652368282462 -output GambitOutput -f RG_multi_5_10_1.nfg
Players:	5
Actions:	10 10 10 10 10
players:	5
actions:	[10]': [[0.11602687333682428, 0.0, 0.0, 0.0, 0.07170623547511808, 0.10570932294876724, 0.0, 0.0, 0.26881402215408545, 0.4377435460852048], [0.15795748909143786, 0.11281316928351681, 0.044823342454270935, 0.19575132000979953, 0.0, 0.12569534453701953, 0.0, 0.13413129367203439, 0.0, 0.2288280409519209], [0.0, 0.3227266612546413, 0.07196983686810811, 0.12847968118800265, 0.2888397525425798, 0.08580099711979745, 0.04502406338520675, 0.05715900764166416, 0.0, 0.0], [0.0, 0.5167601894088873, 0.06584408569226917, 0.0, 0.17283628380463611, 0.13435556744993593, 0.0, 0.0, 0.07426212350069002, 0.0359417501435814], [0.10245072776348182, 0.4322290977054493, 0.2954617566168321, 0.0, 0.0, 0.0, 0.0, 0.0, 0.14122218579431536, 0.02863623211992138]]>]
Time(in seconds) 564.66


RG 5_10_2
[<NashProfile for 'Generated by GAMUT v1.0.1
A Game With Uniformly Random Payoffs
Game Parameter Values:
Random seed:	1652368304570
Cmd Line:	-g RandomGame -players 5 -actions 10 -normalize -min_payoff 0.001 -max_payoff 1000 -int_payoffs -int_mult 100 -random_seed 1652368304570 -output GambitOutput -f RG_multi_5_10_2.nfg
Players:	5
Actions:	10 10 10 10 10
players:	5
actions:	[10]': [[0.6053747163808415, 0.0, 0.17404617677032186, 0.0, 0.0, 0.0, 0.0, 0.2205791068488367, 0.0, 0.0], [0.0, 0.001718861447352229, 0.0, 0.0, 0.5748113706924615, 0.0, 0.0, 0.017020817849423546, 0.40644895001076276, 0.0], [0.0, 0.33153167580964027, 0.2883665005585722, 0.0386278243538798, 0.13105014374986812, 0.0, 0.0, 0.0, 0.21042385552803972, 0.0], [0.0, 0.0, 0.38422165216687626, 0.04438253029922882, 0.0, 0.33399695477242125, 0.23739886276147368, 0.0, 0.0, 0.0], [0.0, 0.17283543416828795, 0.0, 0.2211925942218082, 0.0, 0.2860923041054369, 0.2767432073839038, 0.0, 0.0, 0.043136460120563165]]>]
Time(in seconds) 490.21


RG 5_10_3
[<NashProfile for 'Generated by GAMUT v1.0.1
A Game With Uniformly Random Payoffs
Game Parameter Values:
Random seed:	1652368307904
Cmd Line:	-g RandomGame -players 5 -actions 10 -normalize -min_payoff 0.001 -max_payoff 1000 -int_payoffs -int_mult 100 -random_seed 1652368307904 -output GambitOutput -f RG_multi_5_10_3.nfg
Players:	5
Actions:	10 10 10 10 10
players:	5
actions:	[10]': [[0.0, 0.2081783103224325, 0.2412194034117707, 0.30953402851721123, 0.0, 0.13087266018221688, 0.11019559756636858, 0.0, 0.0, 0.0], [0.29988842403752, 0.17522566959622518, 0.0, 0.0, 0.1837900263284761, 0.0, 0.14212570833162835, 0.12334144934877096, 0.0, 0.07562872235737937], [0.022336895012456878, 0.0, 0.32985580023634975, 0.0, 0.126735280876175, 0.3094362733605448, 0.0, 0.12242829961578325, 0.0, 0.08920745089869028], [0.0, 0.0, 0.0, 0.0, 0.20252494640683585, 0.5190646925944898, 0.03958906949938974, 0.0, 0.0, 0.2388212914992846], [0.0, 0.6582584665010418, 0.042221888161217636, 0.13728903325540667, 0.1622306120823338, 0.0, 0.0, 0.0, 0.0, 0.0]]>]
Time(in seconds) 746.86


RG 5_10_4
[<NashProfile for 'Generated by GAMUT v1.0.1
A Game With Uniformly Random Payoffs
Game Parameter Values:
Random seed:	1652368310848
Cmd Line:	-g RandomGame -players 5 -actions 10 -normalize -min_payoff 0.001 -max_payoff 1000 -int_payoffs -int_mult 100 -random_seed 1652368310848 -output GambitOutput -f RG_multi_5_10_4.nfg
Players:	5
Actions:	10 10 10 10 10
players:	5
actions:	[10]': [[0.380662620841338, 0.0, 0.1689237611821854, 0.1558961920464283, 0.0, 0.0, 0.08818923124541422, 0.0, 0.2063281946846341, 0.0], [0.0, 0.0, 0.0, 0.134068794272752, 0.18273507007215237, 0.007977182739667809, 0.13778828551263225, 0.14724759995360556, 0.19038318498087706, 0.19979988246831296], [0.3876371518260751, 0.0, 0.0, 0.0, 0.31847697516085427, 0.21384587103322683, 0.0, 0.0, 0.08004000197984383, 0.0], [0.0, 0.0, 0.192476731043053, 0.3126886313769485, 0.06794787301925387, 0.11295098928711056, 0.0, 0.31393577527363414, 0.0, 0.0], [0.0, 0.05668883294130346, 0.3633158928015883, 0.0622064235428122, 0.059669490870440635, 0.27595047698574077, 0.12755509070768412, 0.0, 0.05461379215043048, 0.0]]>]
Time(in seconds) 734.73


RG 5_10_5
[<NashProfile for 'Generated by GAMUT v1.0.1
A Game With Uniformly Random Payoffs
Game Parameter Values:
Random seed:	1652368313763
Cmd Line:	-g RandomGame -players 5 -actions 10 -normalize -min_payoff 0.001 -max_payoff 1000 -int_payoffs -int_mult 100 -random_seed 1652368313763 -output GambitOutput -f RG_multi_5_10_5.nfg
Players:	5
Actions:	10 10 10 10 10
players:	5
actions:	[10]': [[0.0, 0.0, 0.0, 0.24120292227916793, 0.1246558124487083, 0.09077713310820092, 0.0, 0.35647877042267073, 0.05813816687787023, 0.12874719486338185], [0.13071931111706284, 0.06543740721832211, 0.0, 0.211041880865153, 0.169551976454874, 0.08771661156686045, 0.0, 0.0, 0.19691187546499475, 0.13862093731273278], [0.17683101349281127, 0.06559151278690895, 0.2658849606905701, 0.1084809514448807, 0.0, 0.08126289798087766, 0.22759525932468289, 0.0, 0.0, 0.07435340427926836], [0.0, 0.242129641387902, 0.14462017865175295, 0.0, 0.15541025736779665, 0.0, 0.0, 0.0, 0.3341866008110904, 0.12365332178145802], [0.0, 0.0, 0.3625799554566077, 0.0, 0.1287292138713243, 0.25293283559581187, 0.0, 0.08441867246981373, 0.17133932260644244, 0.0]]>]
Time(in seconds) 443.12


RG 5_10_6
[<NashProfile for 'Generated by GAMUT v1.0.1
A Game With Uniformly Random Payoffs
Game Parameter Values:
Random seed:	1652368316694
Cmd Line:	-g RandomGame -players 5 -actions 10 -normalize -min_payoff 0.001 -max_payoff 1000 -int_payoffs -int_mult 100 -random_seed 1652368316694 -output GambitOutput -f RG_multi_5_10_6.nfg
Players:	5
Actions:	10 10 10 10 10
players:	5
actions:	[10]': [[0.14892639694284404, 0.0, 0.045685339600403975, 0.1348486494469636, 0.40237338134351786, 0.025378486425677145, 0.0, 0.10775665869915797, 0.1350310875414354, 0.0], [0.0, 0.17360626934787576, 0.16372266566765858, 0.0, 0.3622871319789851, 0.0, 0.26484908984596534, 0.0, 0.0, 0.03553484315951525], [0.0, 0.0775028921303233, 0.0, 0.3198392107515073, 0.14384660211556768, 0.23296262338087667, 0.08497427576961462, 0.14087439585211048, 0.0, 0.0], [0.25376685680757366, 0.0, 0.0, 0.0, 0.0, 0.0, 0.482479160543829, 0.20612930319042685, 0.0, 0.0576246794581705], [0.24976343387258185, 0.0, 0.18212227189283545, 0.12465401287366548, 0.10326565976742155, 0.18745324124882548, 0.0, 0.15274138034467033, 0.0, 0.0]]>]
Time(in seconds) 318.07


RG 5_10_7
Timeout(in seconds) 900.02


RG 5_10_8
[<NashProfile for 'Generated by GAMUT v1.0.1
A Game With Uniformly Random Payoffs
Game Parameter Values:
Random seed:	1652368322531
Cmd Line:	-g RandomGame -players 5 -actions 10 -normalize -min_payoff 0.001 -max_payoff 1000 -int_payoffs -int_mult 100 -random_seed 1652368322531 -output GambitOutput -f RG_multi_5_10_8.nfg
Players:	5
Actions:	10 10 10 10 10
players:	5
actions:	[10]': [[0.0, 0.0, 0.6790104487984291, 0.0, 0.25403756256982163, 0.06695198863174924, 0.0, 0.0, 0.0, 0.0], [0.09895358693706197, 0.054805266740833296, 0.0, 0.2161365095883188, 0.0, 0.058434831055814304, 0.0, 0.29786051956835685, 0.27380928610961464, 0.0], [0.26691185485326824, 0.09783056568325889, 0.2298855810038782, 0.0, 0.055156854517931085, 0.0, 0.0, 0.14632840814799147, 0.0, 0.20388673579367214], [0.08736769932427185, 0.0, 0.0, 0.07583700714150503, 0.0, 0.272255134513752, 0.0, 0.10994658860932663, 0.3664695402979273, 0.08812403011321725], [0.18743569405736546, 0.06760413394667328, 0.19173980526529089, 0.0, 0.0, 0.2650024532334184, 0.288217913497252, 0.0, 0.0, 0.0]]>]
Time(in seconds) 498.99


RG 5_10_9
[<NashProfile for 'Generated by GAMUT v1.0.1
A Game With Uniformly Random Payoffs
Game Parameter Values:
Random seed:	1652368325739
Cmd Line:	-g RandomGame -players 5 -actions 10 -normalize -min_payoff 0.001 -max_payoff 1000 -int_payoffs -int_mult 100 -random_seed 1652368325739 -output GambitOutput -f RG_multi_5_10_9.nfg
Players:	5
Actions:	10 10 10 10 10
players:	5
actions:	[10]': [[0.0, 0.3299185701099121, 0.21901776072724974, 0.07771939877158342, 0.04454969259935745, 0.16206202763174352, 0.0, 0.0, 0.0, 0.1667325501601537], [0.0, 0.0, 0.0, 0.0, 0.25638020647269094, 0.0, 0.2621719759157692, 0.36012382117717273, 0.0, 0.12132399643436721], [0.0, 0.0, 0.0, 0.3864704371613988, 0.0, 0.6135295628386013, 0.0, 0.0, 0.0, 0.0], [0.0, 0.17105420916224748, 0.0, 0.2112186425493351, 0.13492550266376202, 0.0, 0.0, 0.46734613937858843, 0.0, 0.015455506246067063], [0.024761867998303447, 0.38086917823872213, 0.18393450145740092, 0.13868008015479297, 0.0, 0.045260311761977125, 0.0, 0.036683061170170006, 0.0, 0.18981099921863323]]>]
Time(in seconds) 418.77


RG 5_10_10
[<NashProfile for 'Generated by GAMUT v1.0.1
A Game With Uniformly Random Payoffs
Game Parameter Values:
Random seed:	1652368329021
Cmd Line:	-g RandomGame -players 5 -actions 10 -normalize -min_payoff 0.001 -max_payoff 1000 -int_payoffs -int_mult 100 -random_seed 1652368329021 -output GambitOutput -f RG_multi_5_10_10.nfg
Players:	5
Actions:	10 10 10 10 10
players:	5
actions:	[10]': [[0.10987048710826236, 0.059191345051096515, 0.07973713749816816, 0.17246578699212436, 0.19582991218588516, 0.11691413665608347, 0.20506422285223913, 0.0002476847432230194, 0.055490426155384326, 0.00518886075753348], [0.503341408539904, 0.0, 0.0, 0.0, 0.0, 0.3075991837986683, 0.007888551139366377, 0.0, 0.0, 0.18117085652206139], [0.0, 0.23304845032010216, 0.0, 0.06795817554734893, 0.15579287611713005, 0.2604791362052726, 0.15398339113414014, 0.0, 0.1287379706760059, 0.0], [0.15680053548967923, 0.15417752186295341, 0.0, 0.20195507019956935, 0.05974468631679888, 0.010509738992981476, 0.0, 0.20489295002201532, 0.0, 0.21191949711600241], [0.0, 0.2996881664383699, 0.0, 0.325157665540018, 0.0, 0.0, 0.0, 0.0, 0.0, 0.37515416802161217]]>]
Time(in seconds) 527.79


