CG 5_5 Global Newton 

CG 5_5_1
[]
Time(in seconds) 0.79


CG 5_5_2
[<NashProfile for 'Generated by GAMUT v1.0.1
A Game With Normal Covariant Random Payoffs
Game Parameter Values:
Random seed:	1644412805452
Cmd Line:	-g CovariantGame -r -0.2 -players 5 -actions 5 -normalize -min_payoff 0.01 -max_payoff 10 -int_payoffs -int_mult 100 -random_seed 1644412805452 -f CG_multi_5_5_2.nfg -output GambitOutput
Players:	5
Actions:	5 5 5 5 5
players:	5
actions:	[5]
r:	-0.2': [[0.6486255237, 0.1606804667, 0.0, 0.0, 0.1906940096], [0.0, 0.9726476883, 0.0273523117, 0.0, 0.0], [0.2493007523, 0.0, 0.0, 0.724775529, 0.0259237187], [0.2371356885, 0.0744052079, 0.6884591036, 0.0, 0.0], [0.0, 0.2733912137, 0.213145113, 0.194773272, 0.3186904013]]>, <NashProfile for 'Generated by GAMUT v1.0.1
A Game With Normal Covariant Random Payoffs
Game Parameter Values:
Random seed:	1644412805452
Cmd Line:	-g CovariantGame -r -0.2 -players 5 -actions 5 -normalize -min_payoff 0.01 -max_payoff 10 -int_payoffs -int_mult 100 -random_seed 1644412805452 -f CG_multi_5_5_2.nfg -output GambitOutput
Players:	5
Actions:	5 5 5 5 5
players:	5
actions:	[5]
r:	-0.2': [[0.6494471707, 0.157202635, 0.0, 0.0, 0.1933501944], [0.0, 0.9621068517, 0.0265949619, 0.0112981863, 0.0], [0.2472610471, 0.0, 0.0, 0.7334859669, 0.0192529859], [0.2412675878, 0.0798244159, 0.6789079963, 0.0, 0.0], [0.0, 0.268734376, 0.2243282189, 0.195713883, 0.311223522]]>, <NashProfile for 'Generated by GAMUT v1.0.1
A Game With Normal Covariant Random Payoffs
Game Parameter Values:
Random seed:	1644412805452
Cmd Line:	-g CovariantGame -r -0.2 -players 5 -actions 5 -normalize -min_payoff 0.01 -max_payoff 10 -int_payoffs -int_mult 100 -random_seed 1644412805452 -f CG_multi_5_5_2.nfg -output GambitOutput
Players:	5
Actions:	5 5 5 5 5
players:	5
actions:	[5]
r:	-0.2': [[0.5235637928, 0.0378472155, 0.0, 0.0, 0.4385889917], [0.0, 0.7542464322, 0.0, 0.2457535678, 0.0], [0.1421916087, 0.0103062912, 0.2223032305, 0.6251988696, 0.0], [0.0533733765, 0.249611676, 0.5656538967, 0.1142048299, 0.0171562209], [0.2589355823, 0.2191697406, 0.5218946771, 0.0, 0.0]]>, <NashProfile for 'Generated by GAMUT v1.0.1
A Game With Normal Covariant Random Payoffs
Game Parameter Values:
Random seed:	1644412805452
Cmd Line:	-g CovariantGame -r -0.2 -players 5 -actions 5 -normalize -min_payoff 0.01 -max_payoff 10 -int_payoffs -int_mult 100 -random_seed 1644412805452 -f CG_multi_5_5_2.nfg -output GambitOutput
Players:	5
Actions:	5 5 5 5 5
players:	5
actions:	[5]
r:	-0.2': [[0.5121231062, 0.0423010713, 0.0, 0.0, 0.4455758224], [0.0, 0.7519692797, 0.0, 0.2480307203, 0.0], [0.1454187419, 0.0, 0.2199764708, 0.6346047873, 0.0], [0.0523160399, 0.2510304585, 0.5638570961, 0.1230283828, 0.0097680228], [0.2566906259, 0.2136670587, 0.5296423154, 0.0, 0.0]]>, <NashProfile for 'Generated by GAMUT v1.0.1
A Game With Normal Covariant Random Payoffs
Game Parameter Values:
Random seed:	1644412805452
Cmd Line:	-g CovariantGame -r -0.2 -players 5 -actions 5 -normalize -min_payoff 0.01 -max_payoff 10 -int_payoffs -int_mult 100 -random_seed 1644412805452 -f CG_multi_5_5_2.nfg -output GambitOutput
Players:	5
Actions:	5 5 5 5 5
players:	5
actions:	[5]
r:	-0.2': [[0.5080360109, 0.0716419691, 0.0, 0.0, 0.42032202], [0.0, 0.7991782249, 0.0, 0.2008217751, 0.0], [0.1469921027, 0.0, 0.2104884943, 0.6425194031, 0.0], [0.0540132983, 0.3389871339, 0.513824214, 0.0931753538, 0.0], [0.2311267925, 0.2121101139, 0.5567630936, 0.0, 0.0]]>, <NashProfile for 'Generated by GAMUT v1.0.1
A Game With Normal Covariant Random Payoffs
Game Parameter Values:
Random seed:	1644412805452
Cmd Line:	-g CovariantGame -r -0.2 -players 5 -actions 5 -normalize -min_payoff 0.01 -max_payoff 10 -int_payoffs -int_mult 100 -random_seed 1644412805452 -f CG_multi_5_5_2.nfg -output GambitOutput
Players:	5
Actions:	5 5 5 5 5
players:	5
actions:	[5]
r:	-0.2': [[0.5080802804, 0.0722056593, 0.0, 0.0, 0.4197140603], [0.0002425132, 0.8001108684, 0.0, 0.1996466184, 0.0], [0.1469455318, 0.0, 0.2103010623, 0.6427534058, 0.0], [0.0538838945, 0.3407480808, 0.5130767517, 0.092291273, 0.0], [0.230839632, 0.2119244895, 0.5572358785, 0.0, 0.0]]>]
Time(in seconds) 0.91


CG 5_5_3
[]
Time(in seconds) 0.49


CG 5_5_4
[]
Time(in seconds) 0.91


CG 5_5_5
[]
Time(in seconds) 0.54


CG 5_5_6
[]
Time(in seconds) 2.83


CG 5_5_7
[]
Time(in seconds) 0.39


CG 5_5_8
[]
Time(in seconds) 0.70


CG 5_5_9
[]
Time(in seconds) 1.83


CG 5_5_10
[]
Time(in seconds) 0.10


