CG 5_5_1
[<NashProfile for 'Generated by GAMUT v1.0.1
A Game With Normal Covariant Random Payoffs
Game Parameter Values:
Random seed:	1644412867147
Cmd Line:	-g CovariantGame -r -0.2 -players 5 -actions 5 -normalize -min_payoff 0.01 -max_payoff 10 -int_payoffs -int_mult 100 -random_seed 1644412867147 -f CG_multi_5_5_1.nfg -output GambitOutput
Players:	5
Actions:	5 5 5 5 5
players:	5
actions:	[5]
r:	-0.2': [[0.16769498036643316, 0.317944348452856, 0.47970876106353294, 0.0, 0.03465191011717782], [0.47915944987072173, 0.012382968847056239, 0.049521414369109014, 0.0, 0.4589361669131131], [0.029696399881039528, 0.0, 0.16456515799416255, 0.4529824836696872, 0.3527559584551107], [0.4284848266082568, 0.3797283940364555, 0.1792658694869843, 0.012520909868303384, 0.0], [0.0, 0.0, 1.0, 0.0, 0.0]]>]
Time(in seconds) 2.24


CG 5_5_2
[<NashProfile for 'Generated by GAMUT v1.0.1
A Game With Normal Covariant Random Payoffs
Game Parameter Values:
Random seed:	1644412805452
Cmd Line:	-g CovariantGame -r -0.2 -players 5 -actions 5 -normalize -min_payoff 0.01 -max_payoff 10 -int_payoffs -int_mult 100 -random_seed 1644412805452 -f CG_multi_5_5_2.nfg -output GambitOutput
Players:	5
Actions:	5 5 5 5 5
players:	5
actions:	[5]
r:	-0.2': [[0.14577145327569663, 0.09414621515222048, 0.6399039953541229, 0.0, 0.12017833621795994], [0.0, 0.18138874683021772, 0.0, 0.20122134067054237, 0.6173899124992399], [0.0, 0.20475003582375645, 0.16947802300688894, 0.34669199712281534, 0.2790799440465393], [0.3567933466980478, 0.15934403625279364, 0.0, 0.4838626170491586, 0.0], [0.1638830207427089, 0.0, 0.442388765289439, 0.0, 0.39372821396785207]]>]
Time(in seconds) 2.09


CG 5_5_3
[<NashProfile for 'Generated by GAMUT v1.0.1
A Game With Normal Covariant Random Payoffs
Game Parameter Values:
Random seed:	1644412808938
Cmd Line:	-g CovariantGame -r -0.2 -players 5 -actions 5 -normalize -min_payoff 0.01 -max_payoff 10 -int_payoffs -int_mult 100 -random_seed 1644412808938 -f CG_multi_5_5_3.nfg -output GambitOutput
Players:	5
Actions:	5 5 5 5 5
players:	5
actions:	[5]
r:	-0.2': [[0.2028157987124632, 0.2557036631791984, 0.19444177956034162, 0.0, 0.3470387585479969], [0.6052725576425365, 0.0, 0.3947274423574636, 0.0, 0.0], [0.09300926253972756, 0.1238704622527444, 0.34144628153931506, 0.26626953298597317, 0.17540446068223975], [0.2074889860100347, 0.41506124678634687, 0.22038485620802548, 0.1570649109955929, 0.0], [0.5154311240371721, 0.0, 0.0, 0.48456887596282794, 0.0]]>]
Time(in seconds) 1.50


CG 5_5_4
[<NashProfile for 'Generated by GAMUT v1.0.1
A Game With Normal Covariant Random Payoffs
Game Parameter Values:
Random seed:	1644412811461
Cmd Line:	-g CovariantGame -r -0.2 -players 5 -actions 5 -normalize -min_payoff 0.01 -max_payoff 10 -int_payoffs -int_mult 100 -random_seed 1644412811461 -f CG_multi_5_5_4.nfg -output GambitOutput
Players:	5
Actions:	5 5 5 5 5
players:	5
actions:	[5]
r:	-0.2': [[0.3546494328798627, 0.0, 0.2532547805686104, 0.0, 0.39209578655152694], [0.4124022021003188, 0.053571083916911205, 0.53402671398277, 0.0, 0.0], [0.0, 0.7203932444843598, 0.27960675551564024, 0.0, 0.0], [0.0, 0.0, 0.44182202169745716, 0.0235101169807297, 0.5346678613218132], [0.2582120055432283, 0.11511793518540678, 0.33261434477368085, 0.023735708451612856, 0.27032000604607126]]>]
Time(in seconds) 1.81


CG 5_5_5
[<NashProfile for 'Generated by GAMUT v1.0.1
A Game With Normal Covariant Random Payoffs
Game Parameter Values:
Random seed:	1644412813698
Cmd Line:	-g CovariantGame -r -0.2 -players 5 -actions 5 -normalize -min_payoff 0.01 -max_payoff 10 -int_payoffs -int_mult 100 -random_seed 1644412813698 -f CG_multi_5_5_5.nfg -output GambitOutput
Players:	5
Actions:	5 5 5 5 5
players:	5
actions:	[5]
r:	-0.2': [[0.3173199994911445, 0.1748250777255616, 0.0, 0.28064136398463185, 0.227213558798662], [0.4638144918955192, 0.21792516215044172, 0.2166524270527271, 0.0, 0.10160791890131202], [0.0, 0.7383629737517655, 0.26163702624823454, 0.0, 0.0], [0.0, 0.08260726564517762, 0.0, 0.9173927343548224, 0.0], [0.0, 0.061199782906678046, 0.0, 0.6144577680144916, 0.3243424490788304]]>]
Time(in seconds) 2.32


CG 5_5_6
[<NashProfile for 'Generated by GAMUT v1.0.1
A Game With Normal Covariant Random Payoffs
Game Parameter Values:
Random seed:	1644412816306
Cmd Line:	-g CovariantGame -r -0.2 -players 5 -actions 5 -normalize -min_payoff 0.01 -max_payoff 10 -int_payoffs -int_mult 100 -random_seed 1644412816306 -f CG_multi_5_5_6.nfg -output GambitOutput
Players:	5
Actions:	5 5 5 5 5
players:	5
actions:	[5]
r:	-0.2': [[0.25460732897406896, 0.0, 0.08088201564907446, 0.5176639017577293, 0.1468467536191273], [0.0, 0.0, 0.10404531439183297, 0.6422616406082048, 0.25369304499996226], [0.0, 0.0, 0.19205650331601684, 0.30154559498465133, 0.5063979016993317], [0.08386993994417943, 0.0, 0.4387086662458312, 0.20380415803007088, 0.27361723577991853], [0.1402584874007914, 0.014428152899585094, 0.510091580317463, 0.32812717915090045, 0.007094600231260076]]>]
Time(in seconds) 2.32


CG 5_5_7
[<NashProfile for 'Generated by GAMUT v1.0.1
A Game With Normal Covariant Random Payoffs
Game Parameter Values:
Random seed:	1644412819629
Cmd Line:	-g CovariantGame -r -0.2 -players 5 -actions 5 -normalize -min_payoff 0.01 -max_payoff 10 -int_payoffs -int_mult 100 -random_seed 1644412819629 -f CG_multi_5_5_7.nfg -output GambitOutput
Players:	5
Actions:	5 5 5 5 5
players:	5
actions:	[5]
r:	-0.2': [[0.23392324167772358, 0.0, 0.0, 0.15905934141439776, 0.6070174169078787], [0.0, 1.0, 0.0, 0.0, 0.0], [0.11051428411763813, 0.0, 0.23731224911030016, 0.6521734667720616, 0.0], [0.21806747729845793, 0.356545216004415, 0.05538622820206449, 0.0, 0.37000107849506253], [0.1570797710009863, 0.0, 0.25428343103179607, 0.18076021829367964, 0.40787657967353796]]>]
Time(in seconds) 1.46


CG 5_5_8
[<NashProfile for 'Generated by GAMUT v1.0.1
A Game With Normal Covariant Random Payoffs
Game Parameter Values:
Random seed:	1644412822337
Cmd Line:	-g CovariantGame -r -0.2 -players 5 -actions 5 -normalize -min_payoff 0.01 -max_payoff 10 -int_payoffs -int_mult 100 -random_seed 1644412822337 -f CG_multi_5_5_8.nfg -output GambitOutput
Players:	5
Actions:	5 5 5 5 5
players:	5
actions:	[5]
r:	-0.2': [[0.1998486940271239, 0.6186063140095739, 0.18154499196330215, 0.0, 0.0], [0.048739329175854273, 0.2684341493387616, 0.19680917278758595, 0.4860173486977981, 0.0], [0.0, 0.0, 0.2864711583181668, 0.0, 0.7135288416818333], [0.007564260432278259, 0.287588245593452, 0.4458172022483201, 0.25903029172594977, 0.0], [0.3877956101169856, 0.2723679135324895, 0.0, 0.13201552467933386, 0.207820951671191]]>]
Time(in seconds) 1.72


CG 5_5_9
[<NashProfile for 'Generated by GAMUT v1.0.1
A Game With Normal Covariant Random Payoffs
Game Parameter Values:
Random seed:	1644412825726
Cmd Line:	-g CovariantGame -r -0.2 -players 5 -actions 5 -normalize -min_payoff 0.01 -max_payoff 10 -int_payoffs -int_mult 100 -random_seed 1644412825726 -f CG_multi_5_5_9.nfg -output GambitOutput
Players:	5
Actions:	5 5 5 5 5
players:	5
actions:	[5]
r:	-0.2': [[0.5124115309027472, 0.22096511060512955, 0.0860283513301041, 0.07291830132356021, 0.10767670583845897], [0.12335560931407667, 0.2808730596523623, 0.031007180888397275, 0.0, 0.5647641501451637], [0.4921935560951367, 0.04598102966739848, 0.3131779663055223, 0.14864744793194243, 0.0], [0.0, 0.31345951421893065, 0.0, 0.193291618316813, 0.4932488674642564], [0.40353879456593283, 0.0, 0.19577520526757994, 0.21352433563453954, 0.1871616645319478]]>]
Time(in seconds) 1.82


CG 5_5_10
[<NashProfile for 'Generated by GAMUT v1.0.1
A Game With Normal Covariant Random Payoffs
Game Parameter Values:
Random seed:	1644412829588
Cmd Line:	-g CovariantGame -r -0.2 -players 5 -actions 5 -normalize -min_payoff 0.01 -max_payoff 10 -int_payoffs -int_mult 100 -random_seed 1644412829588 -f CG_multi_5_5_10.nfg -output GambitOutput
Players:	5
Actions:	5 5 5 5 5
players:	5
actions:	[5]
r:	-0.2': [[0.18782561035744272, 0.04213341330378964, 0.17266649584229024, 0.17404738193244498, 0.42332709856403244], [0.33758838336370833, 0.1593404299988966, 0.0, 0.12429271741895842, 0.3787784692184367], [0.0, 0.0, 0.10565648159378004, 0.4457118804602486, 0.4486316379459713], [0.0, 0.32388767442219624, 0.0, 0.29695286882405214, 0.37915945675375157], [0.2648630904776003, 0.3919662715442331, 0.0, 0.2617277529314213, 0.08144288504674524]]>]
Time(in seconds) 1.73


