CG 5_10_1
[]
Time(in seconds) 9.36


CG 5_10_2
[]
Time(in seconds) 16.93


CG 5_10_3
[<NashProfile for 'Generated by GAMUT v1.0.1
A Game With Normal Covariant Random Payoffs
Game Parameter Values:
Random seed:	1661946091120
Cmd Line:	-g CovariantGame -r -0.1 -players 5 -actions 10 -normalize -min_payoff 0.001 -max_payoff 1000 -int_payoffs -int_mult 100 -random_seed 1661946091120 -output GambitOutput -f CG_multi_5_10_0.1_3.nfg
Players:	5
Actions:	10 10 10 10 10
players:	5
actions:	[10]
r:	-0.1': [[0.5024860232, 0.2163622076, 0.0400871305, 0.0, 0.0, 0.1712346751, 0.0, 0.0698299636, 0.0, 0.0], [0.0, 0.0, 0.0, 0.0, 0.2496744671, 0.0, 0.4286236291, 0.1999294821, 0.0, 0.1217724217], [0.0842383985, 0.0, 0.0, 0.0, 0.0, 0.0628833649, 0.8238532748, 0.0290249618, 0.0, 0.0], [0.0736008125, 0.0, 0.0, 0.4910846515, 0.0, 0.0, 0.435314536, 0.0, 0.0, 0.0], [0.0, 0.0, 0.0, 0.0, 0.6150123381, 0.2673884983, 0.0, 0.0, 0.1175991635, 0.0]]>, <NashProfile for 'Generated by GAMUT v1.0.1
A Game With Normal Covariant Random Payoffs
Game Parameter Values:
Random seed:	1661946091120
Cmd Line:	-g CovariantGame -r -0.1 -players 5 -actions 10 -normalize -min_payoff 0.001 -max_payoff 1000 -int_payoffs -int_mult 100 -random_seed 1661946091120 -output GambitOutput -f CG_multi_5_10_0.1_3.nfg
Players:	5
Actions:	10 10 10 10 10
players:	5
actions:	[10]
r:	-0.1': [[0.4879869827, 0.2110648392, 0.037656106, 0.0, 0.0, 0.173048716, 0.0, 0.090243356, 0.0, 0.0], [0.0, 0.0, 0.0, 0.0, 0.2636850677, 0.0, 0.4543067285, 0.1866102857, 0.0, 0.0953979181], [0.0420140083, 0.0, 0.0, 0.0, 0.0, 0.0530429735, 0.8218618401, 0.0830811781, 0.0, 0.0], [0.0382975144, 0.0, 0.0, 0.4707034053, 0.0, 0.0, 0.4909990803, 0.0, 0.0, 0.0], [0.0, 0.0, 0.0, 0.0228688564, 0.5827268333, 0.2527035087, 0.0, 0.0, 0.1417008016, 0.0]]>, <NashProfile for 'Generated by GAMUT v1.0.1
A Game With Normal Covariant Random Payoffs
Game Parameter Values:
Random seed:	1661946091120
Cmd Line:	-g CovariantGame -r -0.1 -players 5 -actions 10 -normalize -min_payoff 0.001 -max_payoff 1000 -int_payoffs -int_mult 100 -random_seed 1661946091120 -output GambitOutput -f CG_multi_5_10_0.1_3.nfg
Players:	5
Actions:	10 10 10 10 10
players:	5
actions:	[10]
r:	-0.1': [[0.5018234937, 0.1624350002, 0.0848908741, 0.0, 0.0, 0.1422022449, 0.0, 0.1086483871, 0.0, 0.0], [0.0, 0.0, 0.0, 0.0, 0.2557188036, 0.0, 0.4863612099, 0.2422350651, 0.0, 0.0156849214], [0.0, 0.0, 0.1021922255, 0.0, 0.0, 0.0, 0.8367892212, 0.0610185532, 0.0, 0.0], [0.0279229354, 0.0, 0.0, 0.4370109223, 0.0, 0.0, 0.5350661422, 0.0, 0.0, 0.0], [0.0, 0.0, 0.0, 0.0795610358, 0.5126033749, 0.2793514351, 0.0, 0.0, 0.1284841542, 0.0]]>, <NashProfile for 'Generated by GAMUT v1.0.1
A Game With Normal Covariant Random Payoffs
Game Parameter Values:
Random seed:	1661946091120
Cmd Line:	-g CovariantGame -r -0.1 -players 5 -actions 10 -normalize -min_payoff 0.001 -max_payoff 1000 -int_payoffs -int_mult 100 -random_seed 1661946091120 -output GambitOutput -f CG_multi_5_10_0.1_3.nfg
Players:	5
Actions:	10 10 10 10 10
players:	5
actions:	[10]
r:	-0.1': [[0.5163677931, 0.1736573297, 0.1397236728, 0.0, 0.0, 0.098703193, 0.0, 0.0715480114, 0.0, 0.0], [0.0, 0.0, 0.0, 0.0, 0.2039355701, 0.0, 0.5076401843, 0.2884242456, 0.0, 0.0], [0.0, 0.0, 0.1504481751, 0.0, 0.0, 0.0, 0.8126422221, 0.0369096027, 0.0, 0.0], [0.0804146044, 0.0, 0.0, 0.3923999856, 0.0, 0.0, 0.4704340278, 0.0, 0.0567513823, 0.0], [0.0, 0.0, 0.0, 0.118273914, 0.464899777, 0.3073020239, 0.0, 0.0, 0.1095242851, 0.0]]>, <NashProfile for 'Generated by GAMUT v1.0.1
A Game With Normal Covariant Random Payoffs
Game Parameter Values:
Random seed:	1661946091120
Cmd Line:	-g CovariantGame -r -0.1 -players 5 -actions 10 -normalize -min_payoff 0.001 -max_payoff 1000 -int_payoffs -int_mult 100 -random_seed 1661946091120 -output GambitOutput -f CG_multi_5_10_0.1_3.nfg
Players:	5
Actions:	10 10 10 10 10
players:	5
actions:	[10]
r:	-0.1': [[0.5045989084, 0.1677696779, 0.1635582841, 0.0, 0.0, 0.0844338304, 0.0, 0.0796392993, 0.0, 0.0], [0.0, 0.0, 0.0, 0.0, 0.1868708423, 0.0, 0.5103082284, 0.3028209293, 0.0, 0.0], [0.0, 0.0, 0.15920869, 0.0, 0.0, 0.0, 0.8095986994, 0.0311926107, 0.0, 0.0], [0.0929185909, 0.0, 0.0, 0.3794797241, 0.0, 0.0, 0.4475942793, 0.0, 0.0800074057, 0.0], [0.0, 0.0, 0.0134523476, 0.1252079814, 0.4479748493, 0.3184070454, 0.0, 0.0, 0.0949577762, 0.0]]>, <NashProfile for 'Generated by GAMUT v1.0.1
A Game With Normal Covariant Random Payoffs
Game Parameter Values:
Random seed:	1661946091120
Cmd Line:	-g CovariantGame -r -0.1 -players 5 -actions 10 -normalize -min_payoff 0.001 -max_payoff 1000 -int_payoffs -int_mult 100 -random_seed 1661946091120 -output GambitOutput -f CG_multi_5_10_0.1_3.nfg
Players:	5
Actions:	10 10 10 10 10
players:	5
actions:	[10]
r:	-0.1': [[0.4845097551, 0.150995332, 0.1214797125, 0.0, 0.0, 0.1292407296, 0.0, 0.1137744707, 0.0, 0.0], [0.0, 0.0, 0.0, 0.0, 0.2169983779, 0.0, 0.4992496706, 0.2604067612, 0.0022389816, 0.0211062088], [0.0, 0.0, 0.1140225622, 0.0, 0.0, 0.0, 0.8294805744, 0.0564968634, 0.0, 0.0], [0.0350888398, 0.0, 0.0, 0.4289455434, 0.0, 0.0, 0.50419491, 0.0, 0.0317707068, 0.0], [0.0, 0.0, 0.0467314327, 0.0909540893, 0.4670411885, 0.2922440533, 0.0, 0.0, 0.1030292362, 0.0]]>, <NashProfile for 'Generated by GAMUT v1.0.1
A Game With Normal Covariant Random Payoffs
Game Parameter Values:
Random seed:	1661946091120
Cmd Line:	-g CovariantGame -r -0.1 -players 5 -actions 10 -normalize -min_payoff 0.001 -max_payoff 1000 -int_payoffs -int_mult 100 -random_seed 1661946091120 -output GambitOutput -f CG_multi_5_10_0.1_3.nfg
Players:	5
Actions:	10 10 10 10 10
players:	5
actions:	[10]
r:	-0.1': [[0.4799530873, 0.1988505207, 0.154559513, 0.0, 0.0, 0.1121694489, 0.0, 0.0544674301, 0.0, 0.0], [0.0, 0.0, 0.0, 0.0, 0.1663450971, 0.0, 0.4753560706, 0.178801344, 0.0, 0.1794974883], [0.0420609946, 0.0, 0.0, 0.0919916888, 0.0, 0.0715785978, 0.6691764237, 0.1251922951, 0.0, 0.0], [0.1993198439, 0.0, 0.0, 0.4143242345, 0.0, 0.0, 0.3863559216, 0.0, 0.0, 0.0], [0.0, 0.0, 0.0, 0.0871018899, 0.6157169343, 0.2803485369, 0.0, 0.0, 0.016832639, 0.0]]>, <NashProfile for 'Generated by GAMUT v1.0.1
A Game With Normal Covariant Random Payoffs
Game Parameter Values:
Random seed:	1661946091120
Cmd Line:	-g CovariantGame -r -0.1 -players 5 -actions 10 -normalize -min_payoff 0.001 -max_payoff 1000 -int_payoffs -int_mult 100 -random_seed 1661946091120 -output GambitOutput -f CG_multi_5_10_0.1_3.nfg
Players:	5
Actions:	10 10 10 10 10
players:	5
actions:	[10]
r:	-0.1': [[0.4738299848, 0.1934189353, 0.1296628341, 0.0390380867, 0.0, 0.1104536562, 0.0, 0.053596503, 0.0, 0.0], [0.0, 0.0, 0.0, 0.0, 0.1701445029, 0.0, 0.4646425665, 0.1787863873, 0.0, 0.1864265433], [0.065190383, 0.0, 0.0, 0.1026557122, 0.0, 0.0793357441, 0.6462677083, 0.1065504523, 0.0, 0.0], [0.2204723879, 0.0, 0.0, 0.4059020466, 0.0, 0.0, 0.3736255654, 0.0, 0.0, 0.0], [0.0, 0.0, 0.0, 0.090460209, 0.6451173583, 0.2633153819, 0.0, 0.0, 0.0011070507, 0.0]]>, <NashProfile for 'Generated by GAMUT v1.0.1
A Game With Normal Covariant Random Payoffs
Game Parameter Values:
Random seed:	1661946091120
Cmd Line:	-g CovariantGame -r -0.1 -players 5 -actions 10 -normalize -min_payoff 0.001 -max_payoff 1000 -int_payoffs -int_mult 100 -random_seed 1661946091120 -output GambitOutput -f CG_multi_5_10_0.1_3.nfg
Players:	5
Actions:	10 10 10 10 10
players:	5
actions:	[10]
r:	-0.1': [[0.4810294849, 0.1803909195, 0.2061298386, 0.0677866771, 0.0, 0.0646630798, 0.0, 0.0, 0.0, 0.0], [0.0, 0.0752122007, 0.0225297785, 0.0275026398, 0.196415608, 0.0939047309, 0.393115117, 0.039887472, 0.0, 0.1514324533], [0.0192112104, 0.0, 0.0, 0.0654596436, 0.0, 0.1152587529, 0.5390349585, 0.2610354346, 0.0, 0.0], [0.2044450078, 0.0, 0.0, 0.4151241071, 0.0, 0.0, 0.3804308851, 0.0, 0.0, 0.0], [0.0, 0.0, 0.0, 0.0712050303, 0.5979696751, 0.285724217, 0.0, 0.0, 0.0451010776, 0.0]]>, <NashProfile for 'Generated by GAMUT v1.0.1
A Game With Normal Covariant Random Payoffs
Game Parameter Values:
Random seed:	1661946091120
Cmd Line:	-g CovariantGame -r -0.1 -players 5 -actions 10 -normalize -min_payoff 0.001 -max_payoff 1000 -int_payoffs -int_mult 100 -random_seed 1661946091120 -output GambitOutput -f CG_multi_5_10_0.1_3.nfg
Players:	5
Actions:	10 10 10 10 10
players:	5
actions:	[10]
r:	-0.1': [[0.5117270854, 0.1585771667, 0.2203835912, 0.0, 0.0, 0.1093121567, 0.0, 0.0, 0.0, 0.0], [0.0, 0.0, 0.0072400526, 0.1237098255, 0.0406518651, 0.0381248202, 0.5259082025, 0.0585109144, 0.0, 0.2058543198], [0.0, 0.0, 0.0, 0.1133913418, 0.0, 0.1003426525, 0.5407832396, 0.2454827661, 0.0, 0.0], [0.1478845104, 0.0, 0.0, 0.4356322675, 0.0, 0.0, 0.4164832222, 0.0, 0.0, 0.0], [0.0, 0.0, 0.0015372552, 0.1701359041, 0.4373162425, 0.2818699565, 0.0, 0.0322451617, 0.07689548, 0.0]]>]
Time(in seconds) 34.77


CG 5_10_4
[]
Time(in seconds) 19.39


CG 5_10_5
[]
Time(in seconds) 20.21


CG 5_10_6
[]
Time(in seconds) 12.10


CG 5_10_7
[]
Time(in seconds) 16.22


CG 5_10_8
[]
Time(in seconds) 31.92


CG 5_10_9
[]
Time(in seconds) 12.34


CG 5_10_10
Timeout(in seconds) 900.02


