CG 5_10_1
[<NashProfile for 'Generated by GAMUT v1.0.1
A Game With Normal Covariant Random Payoffs
Game Parameter Values:
Random seed:	1661946082250
Cmd Line:	-g CovariantGame -r -0.1 -players 5 -actions 10 -normalize -min_payoff 0.001 -max_payoff 1000 -int_payoffs -int_mult 100 -random_seed 1661946082250 -output GambitOutput -f CG_multi_5_10_0.1_1.nfg
Players:	5
Actions:	10 10 10 10 10
players:	5
actions:	[10]
r:	-0.1': [[0.060420850982590577, 0.290692056995301, 0.19857070020459455, 0.02350964265911367, 0.2283368286449217, 0.03263298870298347, 0.0, 0.0, 0.08554496389330908, 0.08029196791718601], [0.1543953673036534, 0.0, 0.0, 0.035858622443535985, 0.32141877523371903, 0.13986316844261548, 0.05953612855819723, 0.0, 0.18231067076073226, 0.10661726725754656], [0.0, 0.0, 0.39073980909113815, 0.2783797979329656, 0.0, 0.27592545443557437, 0.05495493854032199, 0.0, 0.0, 0.0], [0.0, 0.1651149054943459, 0.1503380393531903, 0.0, 0.0, 0.09552109370624076, 0.20024662755725647, 0.0, 0.21957543913388994, 0.16920389475507658], [0.16902922679754026, 0.2450147814430753, 0.2968152331154542, 0.0, 0.055197850151480966, 0.0, 0.0, 0.23394290849244917, 0.0, 0.0]]>]
Time(in seconds) 198.76


CG 5_10_2
[<NashProfile for 'Generated by GAMUT v1.0.1
A Game With Normal Covariant Random Payoffs
Game Parameter Values:
Random seed:	1661946088185
Cmd Line:	-g CovariantGame -r -0.1 -players 5 -actions 10 -normalize -min_payoff 0.001 -max_payoff 1000 -int_payoffs -int_mult 100 -random_seed 1661946088185 -output GambitOutput -f CG_multi_5_10_0.1_2.nfg
Players:	5
Actions:	10 10 10 10 10
players:	5
actions:	[10]
r:	-0.1': [[0.0, 0.1005534214478873, 0.0, 0.00833887073294617, 0.0, 0.1347543746402949, 0.16223358471905783, 0.12362609719894549, 0.26684589075753656, 0.20364776050333164], [0.07120188121027292, 0.11119735555086929, 0.10464801491686708, 0.3159160625370759, 0.0, 0.0, 0.0, 0.14326512881657338, 0.0225414299616596, 0.23123012700668188], [0.04443386027802535, 0.2812454747784656, 0.0, 0.31938825938326276, 0.1463702132668224, 0.0, 0.0, 0.20856219229342385, 0.0, 0.0], [0.06506669469006898, 0.09178075924862479, 0.0, 0.0, 0.3522587380803708, 0.11272521255981836, 0.0, 0.07845260355235234, 0.09820855881926499, 0.20150743304949967], [0.0, 0.24389454242313732, 0.0, 0.201825906027965, 0.14586593477811347, 0.04685416371246534, 0.0, 0.0021041756476203695, 0.17686221431400112, 0.18259306309669732]]>]
Time(in seconds) 247.34


CG 5_10_3
[<NashProfile for 'Generated by GAMUT v1.0.1
A Game With Normal Covariant Random Payoffs
Game Parameter Values:
Random seed:	1661946091120
Cmd Line:	-g CovariantGame -r -0.1 -players 5 -actions 10 -normalize -min_payoff 0.001 -max_payoff 1000 -int_payoffs -int_mult 100 -random_seed 1661946091120 -output GambitOutput -f CG_multi_5_10_0.1_3.nfg
Players:	5
Actions:	10 10 10 10 10
players:	5
actions:	[10]
r:	-0.1': [[0.3332201290732211, 0.18350184594863395, 0.07387481052451766, 0.0, 0.017647369526995735, 0.2299306474174888, 0.0, 0.0, 0.08892402179283683, 0.07290117571630594], [0.0, 0.0, 0.5152296885586533, 0.13063161193343448, 0.0, 0.0, 0.0, 0.14798502509074846, 0.20615367441716378, 0.0], [0.0, 0.49955771121441056, 0.03814650846636095, 0.0, 0.01193017311458509, 0.11932458027590313, 0.03976516369685361, 0.2500555011348194, 0.0, 0.041220362097067205], [0.020827328310753134, 0.0, 0.008712613731129804, 0.21002374085697473, 0.17461390053972037, 0.2712877679089243, 0.3145346486524977, 0.0, 0.0, 0.0], [0.0, 0.27788374874663474, 0.32483391984562576, 0.1666953378808646, 0.0, 0.06812732937918382, 0.011515578857339925, 0.036912084134791086, 0.06896609948776415, 0.045065901667795845]]>]
Time(in seconds) 296.99


CG 5_10_4
[<NashProfile for 'Generated by GAMUT v1.0.1
A Game With Normal Covariant Random Payoffs
Game Parameter Values:
Random seed:	1661946093957
Cmd Line:	-g CovariantGame -r -0.1 -players 5 -actions 10 -normalize -min_payoff 0.001 -max_payoff 1000 -int_payoffs -int_mult 100 -random_seed 1661946093957 -output GambitOutput -f CG_multi_5_10_0.1_4.nfg
Players:	5
Actions:	10 10 10 10 10
players:	5
actions:	[10]
r:	-0.1': [[0.0, 0.01886251942455637, 0.2524107460298452, 0.0, 0.07667837979234336, 0.10322454209890902, 0.2236988160396363, 0.0, 0.08610586608486828, 0.2390191305298414], [0.23578320775259712, 0.058147025906497334, 0.11846963591085667, 0.03418289613222794, 0.1736757610470081, 0.06159772591325519, 0.09782672160496757, 0.1315204210660286, 0.0, 0.08879660466656156], [0.21387562003177865, 0.15325071934887066, 0.0, 0.11950942359893764, 0.0, 0.0, 0.2531699777205535, 0.0, 0.0, 0.26019425929985945], [0.03796136831651527, 0.17454442913593624, 0.0, 0.12577654358419785, 0.0, 0.0223013927240233, 0.29317640074437257, 0.1466714524917942, 0.19956841300316064, 0.0], [0.0, 0.06035011191715627, 0.0, 0.0, 0.05653827526837416, 0.12850709854214254, 0.0, 0.7034930093450442, 0.05111150492728274, 0.0]]>]
Time(in seconds) 253.88


CG 5_10_5
[<NashProfile for 'Generated by GAMUT v1.0.1
A Game With Normal Covariant Random Payoffs
Game Parameter Values:
Random seed:	1661946096780
Cmd Line:	-g CovariantGame -r -0.1 -players 5 -actions 10 -normalize -min_payoff 0.001 -max_payoff 1000 -int_payoffs -int_mult 100 -random_seed 1661946096780 -output GambitOutput -f CG_multi_5_10_0.1_5.nfg
Players:	5
Actions:	10 10 10 10 10
players:	5
actions:	[10]
r:	-0.1': [[0.12459317654758094, 0.0946272975433203, 0.23330503274925304, 0.0, 0.114942079341443, 0.10576338564660753, 0.1905776244939708, 0.0, 0.13619140367782442, 0.0], [0.17268911221554287, 0.0, 0.0, 0.4676494211146135, 0.0, 0.010037529970109121, 0.049593398870681954, 0.0874972677216879, 0.16200035934353121, 0.050532910763833455], [0.10949274836479271, 0.0, 0.2389522499110681, 0.0, 0.06460917843956043, 0.38484876871884816, 0.0, 0.00310232877771986, 0.12148859955521475, 0.07750612623279593], [0.0, 0.2532320288435327, 0.026254519957534014, 0.4365631040676227, 0.0, 0.0, 0.08309477790225737, 0.0, 0.02639659008558798, 0.17445897914346525], [0.08884264282302395, 0.0, 0.20900142328758084, 0.26002074181940515, 0.0, 0.2401214836472499, 0.14825503834417453, 0.02227528095193918, 0.0, 0.03148338912662649]]>]
Time(in seconds) 414.35


CG 5_10_6
[<NashProfile for 'Generated by GAMUT v1.0.1
A Game With Normal Covariant Random Payoffs
Game Parameter Values:
Random seed:	1661946099700
Cmd Line:	-g CovariantGame -r -0.1 -players 5 -actions 10 -normalize -min_payoff 0.001 -max_payoff 1000 -int_payoffs -int_mult 100 -random_seed 1661946099700 -output GambitOutput -f CG_multi_5_10_0.1_6.nfg
Players:	5
Actions:	10 10 10 10 10
players:	5
actions:	[10]
r:	-0.1': [[0.0, 0.0, 0.0, 0.49758695958718235, 0.0, 0.0, 0.18815596496723314, 0.22936394092558623, 0.08489313451999823, 0.0], [0.0, 0.2497369069146678, 0.041312367258643845, 0.0, 0.10020703942786202, 0.208551833520101, 0.1837883849891016, 0.03154115726970161, 0.07733821331418833, 0.1075240973057339], [0.10110042607415755, 0.20184577438202306, 0.0, 0.0, 0.0, 0.03499538654420777, 0.2857492454879077, 0.10440960499167688, 0.2718995625200269, 0.0], [0.18941827553300383, 0.14016687100809633, 0.0, 0.20216178376036303, 0.11239231916389222, 0.07777919054821643, 0.1167175991139124, 0.0, 0.16136396087251573, 0.0], [0.24541692570112345, 0.10734040256126717, 0.0, 0.14288118035938066, 0.0, 0.07661616217088354, 0.0, 0.2634673037228437, 0.0, 0.16427802548450152]]>]
Time(in seconds) 332.67


CG 5_10_7
Timeout(in seconds) 900.02


CG 5_10_8
[<NashProfile for 'Generated by GAMUT v1.0.1
A Game With Normal Covariant Random Payoffs
Game Parameter Values:
Random seed:	1661946105442
Cmd Line:	-g CovariantGame -r -0.1 -players 5 -actions 10 -normalize -min_payoff 0.001 -max_payoff 1000 -int_payoffs -int_mult 100 -random_seed 1661946105442 -output GambitOutput -f CG_multi_5_10_0.1_8.nfg
Players:	5
Actions:	10 10 10 10 10
players:	5
actions:	[10]
r:	-0.1': [[0.2765561652911143, 0.02597689615891059, 0.1371071742495279, 0.09241416348186159, 0.12677922037107667, 0.005602646595950834, 0.0, 0.1886026477024243, 0.0, 0.1469610861491339], [0.0, 0.0, 0.07481398111336768, 0.22448522850362487, 0.0, 0.0, 0.0, 0.3754589890439494, 0.23752285327039438, 0.08771894806866373], [0.0, 0.04208794786739009, 0.13083764055068695, 0.0, 0.491198679897648, 0.1778586491973336, 0.0, 0.07673710091359119, 0.0, 0.08127998157335015], [0.16635009765243075, 0.13940275786590223, 0.0720534497987802, 0.0, 0.0, 0.21471462384669732, 0.013114567924772362, 0.16092178685281996, 0.0, 0.23344271605859723], [0.4967430934744194, 0.031497835616143825, 0.0, 0.0, 0.0, 0.11942839149414579, 0.273899022082021, 0.0, 0.07843165733326998, 0.0]]>]
Time(in seconds) 482.69


CG 5_10_9
[<NashProfile for 'Generated by GAMUT v1.0.1
A Game With Normal Covariant Random Payoffs
Game Parameter Values:
Random seed:	1661946108319
Cmd Line:	-g CovariantGame -r -0.1 -players 5 -actions 10 -normalize -min_payoff 0.001 -max_payoff 1000 -int_payoffs -int_mult 100 -random_seed 1661946108319 -output GambitOutput -f CG_multi_5_10_0.1_9.nfg
Players:	5
Actions:	10 10 10 10 10
players:	5
actions:	[10]
r:	-0.1': [[0.09088114419447789, 0.0722121681661782, 0.17746787999369448, 0.13447782380995596, 0.0, 0.01445101339852517, 0.015479290414731367, 0.13812064307371658, 0.0, 0.3569100369487201], [0.0, 0.3299069379779624, 0.05986821287503338, 0.0, 0.09975972335591406, 0.13304540666379427, 0.04882890378369806, 0.04693592162036208, 0.17446835433057242, 0.10718653939266344], [0.09626821700575817, 0.37333132008322983, 0.16540298926918967, 0.039335092910663706, 0.022093794453695036, 0.0, 0.18950472661851508, 0.1140638596589485, 0.0, 0.0], [0.1557518436778525, 0.0, 0.1714867988074726, 0.0, 0.0, 0.2710060965539215, 0.1576832566758315, 0.2366453761088164, 0.007184239836064134, 0.00024238834004142748], [0.06928349195023557, 0.06825754575254524, 0.1979398842335387, 0.10819311245412883, 0.0, 0.0, 0.06074021547524405, 0.19558421179313526, 0.15712756580878603, 0.14287397253238637]]>]
Time(in seconds) 501.13


CG 5_10_10
[<NashProfile for 'Generated by GAMUT v1.0.1
A Game With Normal Covariant Random Payoffs
Game Parameter Values:
Random seed:	1661946112022
Cmd Line:	-g CovariantGame -r -0.1 -players 5 -actions 10 -normalize -min_payoff 0.001 -max_payoff 1000 -int_payoffs -int_mult 100 -random_seed 1661946112022 -output GambitOutput -f CG_multi_5_10_0.1_10.nfg
Players:	5
Actions:	10 10 10 10 10
players:	5
actions:	[10]
r:	-0.1': [[0.0663698482053447, 0.07612440728362802, 0.0, 0.27443065618823026, 0.04845960752127726, 0.1665664291624007, 0.29847352371003544, 0.06957552792908352, 0.0, 0.0], [0.11881013027734422, 0.17395723235966143, 0.0, 0.0, 0.14829436789767347, 0.04584674180385166, 0.24649793894577265, 0.1186614174805765, 0.07578696760903202, 0.07214520362608795], [0.14274584596901638, 0.10490206994788781, 0.0, 0.2776321637716888, 0.0, 0.08840019403046757, 0.07550223152710644, 0.10382621584826082, 0.08642439583142492, 0.12056688307414716], [0.0, 0.1464048974671422, 0.05218155033171777, 0.22613361467517562, 0.17802517431215736, 0.08192971674372738, 0.011139318055228813, 0.06025099292781246, 0.07780773856307331, 0.16612699692396513], [0.1465432772597323, 0.22380313115261513, 0.011073861191609259, 0.0, 0.12524290016778059, 0.11822927112568764, 0.1665466994582616, 0.10752044440264907, 0.10104041524166434, 0.0]]>]
Time(in seconds) 528.59


