CG 3_10_1
[<NashProfile for 'Generated by GAMUT v1.0.1
A Game With Normal Covariant Random Payoffs
Game Parameter Values:
Random seed:	1644574305256
Cmd Line:	-g CovariantGame -r -0.2 -players 3 -actions 10 -normalize -min_payoff 0.01 -max_payoff 10 -int_payoffs -int_mult 100 -random_seed 1644574305256 -f CG_multi_3_10_1.nfg -output GambitOutput
Players:	3
Actions:	10 10 10
players:	3
actions:	[10]
r:	-0.2': [[0.2878032994778763, 0.0, 0.3511950578554752, 0.0, 0.0, 0.3610016426666486, 0.0, 0.0, 0.0, 0.0], [0.0, 0.0, 0.0, 0.0, 0.8166540923601279, 0.18334590763987213, 0.0, 0.0, 0.0, 0.0], [0.0, 0.32438379990868643, 0.0, 0.0, 0.0, 0.0, 0.6756162000913136, 0.0, 0.0, 0.0]]>]
Time(in seconds) 0.29


CG 3_10_2
[<NashProfile for 'Generated by GAMUT v1.0.1
A Game With Normal Covariant Random Payoffs
Game Parameter Values:
Random seed:	1644574308229
Cmd Line:	-g CovariantGame -r -0.2 -players 3 -actions 10 -normalize -min_payoff 0.01 -max_payoff 10 -int_payoffs -int_mult 100 -random_seed 1644574308229 -f CG_multi_3_10_2.nfg -output GambitOutput
Players:	3
Actions:	10 10 10
players:	3
actions:	[10]
r:	-0.2': [[0.0, 0.0, 0.0, 0.0, 0.0, 0.07038777602644793, 0.0, 0.0, 0.0, 0.929612223973552], [0.0, 0.18705359799334992, 0.0, 0.0, 0.0, 0.0, 0.5319606640840908, 0.0, 0.0, 0.28098573792255915], [0.0, 0.0, 0.0, 0.3601870495468735, 0.0, 0.0, 0.0, 0.0, 0.6398129504531265, 0.0]]>]
Time(in seconds) 0.24


CG 3_10_3
[<NashProfile for 'Generated by GAMUT v1.0.1
A Game With Normal Covariant Random Payoffs
Game Parameter Values:
Random seed:	1644574310716
Cmd Line:	-g CovariantGame -r -0.2 -players 3 -actions 10 -normalize -min_payoff 0.01 -max_payoff 10 -int_payoffs -int_mult 100 -random_seed 1644574310716 -f CG_multi_3_10_3.nfg -output GambitOutput
Players:	3
Actions:	10 10 10
players:	3
actions:	[10]
r:	-0.2': [[0.12591571022608644, 0.43624494192995594, 0.0, 0.05531805051643262, 0.0, 0.08524036879830857, 0.06460002820346665, 0.13567857656254617, 0.0970023237632035, 0.0], [0.044458916884268604, 0.047404959641113346, 0.0, 0.1844221998689, 0.12486642832885957, 0.06557143458295034, 0.1426439017554514, 0.17745747864433511, 0.05725165873622502, 0.1559230215578968], [0.0, 0.45173409131573566, 0.11793552471849192, 0.15318573757134898, 0.06287063964407574, 0.0, 0.0, 0.0, 0.0, 0.21427400675034766]]>]
Time(in seconds) 0.40


CG 3_10_4
[<NashProfile for 'Generated by GAMUT v1.0.1
A Game With Normal Covariant Random Payoffs
Game Parameter Values:
Random seed:	1644574313247
Cmd Line:	-g CovariantGame -r -0.2 -players 3 -actions 10 -normalize -min_payoff 0.01 -max_payoff 10 -int_payoffs -int_mult 100 -random_seed 1644574313247 -f CG_multi_3_10_4.nfg -output GambitOutput
Players:	3
Actions:	10 10 10
players:	3
actions:	[10]
r:	-0.2': [[0.0, 0.30468698231611197, 0.019427518026601222, 0.1950320061445981, 0.0, 0.08858506261676453, 0.12083513014290301, 0.20753700333477249, 0.0, 0.06389629741824866], [0.0, 0.461340743310186, 0.0, 0.04131297497945332, 0.44952263456727953, 0.0, 0.0, 0.0, 0.0, 0.047823647143081176], [0.2285915850025137, 0.25603508174748557, 0.1278884231524558, 0.004581486715967019, 0.25261518168643476, 0.0, 0.0, 0.057921479830650165, 0.07236676186449295, 0.0]]>]
Time(in seconds) 0.51


CG 3_10_5
[<NashProfile for 'Generated by GAMUT v1.0.1
A Game With Normal Covariant Random Payoffs
Game Parameter Values:
Random seed:	1644574315299
Cmd Line:	-g CovariantGame -r -0.2 -players 3 -actions 10 -normalize -min_payoff 0.01 -max_payoff 10 -int_payoffs -int_mult 100 -random_seed 1644574315299 -f CG_multi_3_10_5.nfg -output GambitOutput
Players:	3
Actions:	10 10 10
players:	3
actions:	[10]
r:	-0.2': [[0.0, 0.0, 0.0, 0.7476833318135814, 0.1288273620197635, 0.0, 0.0, 0.12348930616665513, 0.0, 0.0], [0.0, 0.5254063762831128, 0.0, 0.0, 0.0, 0.0, 0.005847398874107502, 0.3347280018261869, 0.0, 0.13401822301659289], [0.0, 0.0, 0.0, 0.0, 0.0, 0.6370950491826747, 0.03110402724757113, 0.18345647094773113, 0.14834445262202303, 0.0]]>]
Time(in seconds) 0.33


CG 3_10_6
[<NashProfile for 'Generated by GAMUT v1.0.1
A Game With Normal Covariant Random Payoffs
Game Parameter Values:
Random seed:	1644574317383
Cmd Line:	-g CovariantGame -r -0.2 -players 3 -actions 10 -normalize -min_payoff 0.01 -max_payoff 10 -int_payoffs -int_mult 100 -random_seed 1644574317383 -f CG_multi_3_10_6.nfg -output GambitOutput
Players:	3
Actions:	10 10 10
players:	3
actions:	[10]
r:	-0.2': [[0.054546068782686266, 0.2452452258107317, 0.0, 0.0, 0.14474043598657704, 0.0, 0.5554682694200052, 0.0, 0.0, 0.0], [0.0, 0.3680603960569905, 0.0, 0.0, 0.0, 0.0280818453320839, 0.20879201323338067, 0.1822436131799742, 0.0, 0.2128221321975707], [0.42127254195694247, 0.0, 0.0, 0.0, 0.0, 0.06492432314822083, 0.09289968703266237, 0.0, 0.42090344786217426, 0.0]]>]
Time(in seconds) 0.30


CG 3_10_7
[<NashProfile for 'Generated by GAMUT v1.0.1
A Game With Normal Covariant Random Payoffs
Game Parameter Values:
Random seed:	1644574319500
Cmd Line:	-g CovariantGame -r -0.2 -players 3 -actions 10 -normalize -min_payoff 0.01 -max_payoff 10 -int_payoffs -int_mult 100 -random_seed 1644574319500 -f CG_multi_3_10_7.nfg -output GambitOutput
Players:	3
Actions:	10 10 10
players:	3
actions:	[10]
r:	-0.2': [[0.0, 0.06319225908012019, 0.036495116968370656, 0.0, 0.0, 0.15719881649223333, 0.0, 0.0, 0.0, 0.7431138074592759], [0.0, 0.0, 0.10190857404750159, 0.16934802220921705, 0.0, 0.0, 0.26793552118396396, 0.4608078825593175, 0.0, 0.0], [0.12082396394538499, 0.22235587163302017, 0.035089321086671774, 0.0, 0.0, 0.4371730506012356, 0.18455779273368741, 0.0, 0.0, 0.0]]>]
Time(in seconds) 0.27


CG 3_10_8
[<NashProfile for 'Generated by GAMUT v1.0.1
A Game With Normal Covariant Random Payoffs
Game Parameter Values:
Random seed:	1644574321694
Cmd Line:	-g CovariantGame -r -0.2 -players 3 -actions 10 -normalize -min_payoff 0.01 -max_payoff 10 -int_payoffs -int_mult 100 -random_seed 1644574321694 -f CG_multi_3_10_8.nfg -output GambitOutput
Players:	3
Actions:	10 10 10
players:	3
actions:	[10]
r:	-0.2': [[0.0, 0.0, 0.0, 0.0, 0.0, 0.5173777091090145, 0.0, 0.4826222908909855, 0.0, 0.0], [0.3636101793032319, 0.2148022346336628, 0.0, 0.0, 0.0, 0.0, 0.0, 0.0, 0.0, 0.4215875860631053], [0.0, 0.0, 0.0, 0.20614347464469385, 0.0, 0.19334855370693138, 0.0, 0.0, 0.0, 0.6005079716483749]]>]
Time(in seconds) 0.36


CG 3_10_9
[<NashProfile for 'Generated by GAMUT v1.0.1
A Game With Normal Covariant Random Payoffs
Game Parameter Values:
Random seed:	1644574323774
Cmd Line:	-g CovariantGame -r -0.2 -players 3 -actions 10 -normalize -min_payoff 0.01 -max_payoff 10 -int_payoffs -int_mult 100 -random_seed 1644574323774 -f CG_multi_3_10_9.nfg -output GambitOutput
Players:	3
Actions:	10 10 10
players:	3
actions:	[10]
r:	-0.2': [[0.0, 0.0, 0.0, 0.0, 0.0, 0.0, 0.09300756729878855, 0.5987297207710295, 0.30826271193018184, 0.0], [0.164763707728223, 0.36198282156985, 0.0, 0.11830421451339959, 0.0, 0.1773987699528271, 0.0, 0.0, 0.0, 0.1775504862357003], [0.0, 0.34452871112649075, 0.4207987963100293, 0.0, 0.0, 0.03533531072546266, 0.0, 0.0, 0.09510617623371928, 0.10423100560429806]]>]
Time(in seconds) 0.51


CG 3_10_10
[<NashProfile for 'Generated by GAMUT v1.0.1
A Game With Normal Covariant Random Payoffs
Game Parameter Values:
Random seed:	1644574327088
Cmd Line:	-g CovariantGame -r -0.2 -players 3 -actions 10 -normalize -min_payoff 0.01 -max_payoff 10 -int_payoffs -int_mult 100 -random_seed 1644574327088 -f CG_multi_3_10_10.nfg -output GambitOutput
Players:	3
Actions:	10 10 10
players:	3
actions:	[10]
r:	-0.2': [[0.12297693252675782, 0.08913728899508182, 0.10657145628361399, 0.07731085788219243, 0.09630720804428235, 0.10770434182067233, 0.09796032008571331, 0.10799272028344711, 0.08000750846703271, 0.11403163841877492], [0.11787674566461027, 0.07729872925657684, 0.09296962780999565, 0.08024025850944608, 0.07441437901329173, 0.12837734573660495, 0.1093913025696688, 0.10366621531496262, 0.1077100910440638, 0.10805544287899795], [0.12474788295753308, 0.07385339976238205, 0.0842243169514105, 0.11361124972736913, 0.09849532622239784, 0.10872159318984348, 0.09497993107236904, 0.12187029523606999, 0.08901893640137361, 0.09047718766384172]]>]
Time(in seconds) 0.39


