CG 3_10_1
[<NashProfile for 'Generated by GAMUT v1.0.1
A Game With Normal Covariant Random Payoffs
Game Parameter Values:
Random seed:	1644574305256
Cmd Line:	-g CovariantGame -r -0.2 -players 3 -actions 10 -normalize -min_payoff 0.01 -max_payoff 10 -int_payoffs -int_mult 100 -random_seed 1644574305256 -f CG_multi_3_10_1.nfg -output GambitOutput
Players:	3
Actions:	10 10 10
players:	3
actions:	[10]
r:	-0.2': [[0.2878032949, 0.0, 0.3511950503, 0.0, 0.0, 0.3610016548, 0.0, 0.0, 0.0, 0.0], [0.0, 0.0, 0.0, 0.0, 0.8166540943, 0.1833459057, 0.0, 0.0, 0.0, 0.0], [0.0, 0.3243838007, 0.0, 0.0, 0.0, 0.0, 0.6756161993, 0.0, 0.0, 0.0]]>, <NashProfile for 'Generated by GAMUT v1.0.1
A Game With Normal Covariant Random Payoffs
Game Parameter Values:
Random seed:	1644574305256
Cmd Line:	-g CovariantGame -r -0.2 -players 3 -actions 10 -normalize -min_payoff 0.01 -max_payoff 10 -int_payoffs -int_mult 100 -random_seed 1644574305256 -f CG_multi_3_10_1.nfg -output GambitOutput
Players:	3
Actions:	10 10 10
players:	3
actions:	[10]
r:	-0.2': [[0.2897934542, 0.0, 0.357488101, 0.0, 0.0, 0.3527184448, 0.0, 0.0, 0.0, 0.0], [0.0, 0.0, 0.0, 0.0, 0.827181253, 0.172818747, 0.0, 0.0, 0.0, 0.0], [0.0, 0.3252759617, 0.0, 0.0, 0.0081693691, 0.0, 0.6665546692, 0.0, 0.0, 0.0]]>, <NashProfile for 'Generated by GAMUT v1.0.1
A Game With Normal Covariant Random Payoffs
Game Parameter Values:
Random seed:	1644574305256
Cmd Line:	-g CovariantGame -r -0.2 -players 3 -actions 10 -normalize -min_payoff 0.01 -max_payoff 10 -int_payoffs -int_mult 100 -random_seed 1644574305256 -f CG_multi_3_10_1.nfg -output GambitOutput
Players:	3
Actions:	10 10 10
players:	3
actions:	[10]
r:	-0.2': [[0.291986733, 0.0, 0.3645056629, 0.0, 0.0, 0.3435076041, 0.0, 0.0, 0.0, 0.0], [0.0, 0.0, 0.0, 0.0, 0.818335968, 0.181664032, 0.0, 0.0, 0.0, 0.0], [0.0, 0.3446782339, 0.0, 0.0296970868, 0.0301501531, 0.0, 0.5954745261, 0.0, 0.0, 0.0]]>, <NashProfile for 'Generated by GAMUT v1.0.1
A Game With Normal Covariant Random Payoffs
Game Parameter Values:
Random seed:	1644574305256
Cmd Line:	-g CovariantGame -r -0.2 -players 3 -actions 10 -normalize -min_payoff 0.01 -max_payoff 10 -int_payoffs -int_mult 100 -random_seed 1644574305256 -f CG_multi_3_10_1.nfg -output GambitOutput
Players:	3
Actions:	10 10 10
players:	3
actions:	[10]
r:	-0.2': [[0.384718838, 0.0, 0.4149461204, 0.0, 0.0, 0.1332859786, 0.0, 0.067049063, 0.0, 0.0], [0.1455795201, 0.2199362475, 0.0857299729, 0.0, 0.0317618443, 0.5169924151, 0.0, 0.0, 0.0, 0.0], [0.0, 0.4187339164, 0.0, 0.0, 0.0, 0.0, 0.5261706723, 0.0, 0.0, 0.0550954113]]>]
Time(in seconds) 0.61


CG 3_10_2
[<NashProfile for 'Generated by GAMUT v1.0.1
A Game With Normal Covariant Random Payoffs
Game Parameter Values:
Random seed:	1644574308229
Cmd Line:	-g CovariantGame -r -0.2 -players 3 -actions 10 -normalize -min_payoff 0.01 -max_payoff 10 -int_payoffs -int_mult 100 -random_seed 1644574308229 -f CG_multi_3_10_2.nfg -output GambitOutput
Players:	3
Actions:	10 10 10
players:	3
actions:	[10]
r:	-0.2': [[0.4984226398, 0.0, 0.0, 0.0, 0.3784598097, 0.0, 0.0, 0.0, 0.0, 0.1231175504], [0.0126466442, 0.0771395108, 0.1417279267, 0.3612812602, 0.0, 0.0, 0.0, 0.4072046582, 0.0, 0.0], [0.0, 0.0, 0.0, 0.2835044605, 0.0, 0.1879432509, 0.0, 0.3920646806, 0.136487608, 0.0]]>, <NashProfile for 'Generated by GAMUT v1.0.1
A Game With Normal Covariant Random Payoffs
Game Parameter Values:
Random seed:	1644574308229
Cmd Line:	-g CovariantGame -r -0.2 -players 3 -actions 10 -normalize -min_payoff 0.01 -max_payoff 10 -int_payoffs -int_mult 100 -random_seed 1644574308229 -f CG_multi_3_10_2.nfg -output GambitOutput
Players:	3
Actions:	10 10 10
players:	3
actions:	[10]
r:	-0.2': [[0.6636251266, 0.0, 0.0, 0.0, 0.3034111246, 0.0, 0.0, 0.0, 0.0, 0.0329637488], [0.0, 0.0, 0.1359761198, 0.4644002549, 0.0, 0.0, 0.0281450999, 0.3714785254, 0.0, 0.0], [0.0, 0.0, 0.0, 0.2947927763, 0.0, 0.1253010569, 0.0, 0.3350952279, 0.2448109389, 0.0]]>, <NashProfile for 'Generated by GAMUT v1.0.1
A Game With Normal Covariant Random Payoffs
Game Parameter Values:
Random seed:	1644574308229
Cmd Line:	-g CovariantGame -r -0.2 -players 3 -actions 10 -normalize -min_payoff 0.01 -max_payoff 10 -int_payoffs -int_mult 100 -random_seed 1644574308229 -f CG_multi_3_10_2.nfg -output GambitOutput
Players:	3
Actions:	10 10 10
players:	3
actions:	[10]
r:	-0.2': [[0.0, 0.0, 0.0, 0.0, 0.0, 0.070387778, 0.0, 0.0, 0.0, 0.929612222], [0.0, 0.187053589, 0.0, 0.0, 0.0, 0.0, 0.5319606678, 0.0, 0.0, 0.2809857432], [0.0, 0.0, 0.0, 0.3601870506, 0.0, 0.0, 0.0, 0.0, 0.6398129494, 0.0]]>]
Time(in seconds) 1.71


CG 3_10_3
[<NashProfile for 'Generated by GAMUT v1.0.1
A Game With Normal Covariant Random Payoffs
Game Parameter Values:
Random seed:	1644574310716
Cmd Line:	-g CovariantGame -r -0.2 -players 3 -actions 10 -normalize -min_payoff 0.01 -max_payoff 10 -int_payoffs -int_mult 100 -random_seed 1644574310716 -f CG_multi_3_10_3.nfg -output GambitOutput
Players:	3
Actions:	10 10 10
players:	3
actions:	[10]
r:	-0.2': [[0.0, 0.0065354881, 0.0, 0.0899310499, 0.5626228357, 0.0, 0.0, 0.3409106264, 0.0, 0.0], [0.1619788077, 0.0, 0.3626026092, 0.0, 0.0, 0.0, 0.0927629928, 0.3826555903, 0.0, 0.0], [0.1161165526, 0.209422407, 0.5494074288, 0.0, 0.0, 0.0, 0.1051706905, 0.0, 0.019882921, 0.0]]>, <NashProfile for 'Generated by GAMUT v1.0.1
A Game With Normal Covariant Random Payoffs
Game Parameter Values:
Random seed:	1644574310716
Cmd Line:	-g CovariantGame -r -0.2 -players 3 -actions 10 -normalize -min_payoff 0.01 -max_payoff 10 -int_payoffs -int_mult 100 -random_seed 1644574310716 -f CG_multi_3_10_3.nfg -output GambitOutput
Players:	3
Actions:	10 10 10
players:	3
actions:	[10]
r:	-0.2': [[0.0, 0.0, 0.0, 0.0691039292, 0.5880341429, 0.0, 0.0, 0.3428619279, 0.0, 0.0], [0.1619142761, 0.0, 0.3516529128, 0.0, 0.0, 0.0, 0.0945844216, 0.3918483895, 0.0, 0.0], [0.1438553479, 0.1860523153, 0.5624804944, 0.0, 0.0, 0.0, 0.0197671717, 0.0, 0.0878446706, 0.0]]>, <NashProfile for 'Generated by GAMUT v1.0.1
A Game With Normal Covariant Random Payoffs
Game Parameter Values:
Random seed:	1644574310716
Cmd Line:	-g CovariantGame -r -0.2 -players 3 -actions 10 -normalize -min_payoff 0.01 -max_payoff 10 -int_payoffs -int_mult 100 -random_seed 1644574310716 -f CG_multi_3_10_3.nfg -output GambitOutput
Players:	3
Actions:	10 10 10
players:	3
actions:	[10]
r:	-0.2': [[0.0, 0.0, 0.0, 0.0637642794, 0.5963449792, 0.0, 0.0, 0.3398907414, 0.0, 0.0], [0.1641421841, 0.0, 0.3485674066, 0.0, 0.0, 0.0, 0.0941959388, 0.3930944705, 0.0, 0.0], [0.1491878043, 0.185649204, 0.5649009529, 0.0, 0.0, 0.0, 0.0, 0.0, 0.1002620388, 0.0]]>, <NashProfile for 'Generated by GAMUT v1.0.1
A Game With Normal Covariant Random Payoffs
Game Parameter Values:
Random seed:	1644574310716
Cmd Line:	-g CovariantGame -r -0.2 -players 3 -actions 10 -normalize -min_payoff 0.01 -max_payoff 10 -int_payoffs -int_mult 100 -random_seed 1644574310716 -f CG_multi_3_10_3.nfg -output GambitOutput
Players:	3
Actions:	10 10 10
players:	3
actions:	[10]
r:	-0.2': [[0.0, 0.0, 0.3059940423, 0.0, 0.1208224775, 0.2016145599, 0.0, 0.3715689203, 0.0, 0.0], [0.0, 0.0, 0.2467471358, 0.0620867081, 0.0, 0.0683559483, 0.0, 0.176920179, 0.3024151558, 0.143474873], [0.0, 0.0568351466, 0.3765840411, 0.0, 0.0524577149, 0.1095499722, 0.0357338206, 0.0, 0.2936093697, 0.075229935]]>, <NashProfile for 'Generated by GAMUT v1.0.1
A Game With Normal Covariant Random Payoffs
Game Parameter Values:
Random seed:	1644574310716
Cmd Line:	-g CovariantGame -r -0.2 -players 3 -actions 10 -normalize -min_payoff 0.01 -max_payoff 10 -int_payoffs -int_mult 100 -random_seed 1644574310716 -f CG_multi_3_10_3.nfg -output GambitOutput
Players:	3
Actions:	10 10 10
players:	3
actions:	[10]
r:	-0.2': [[0.0, 0.0, 0.2989471505, 0.0, 0.1312600634, 0.193702261, 0.0, 0.3760905251, 0.0, 0.0], [0.0, 0.0, 0.2693170077, 0.0407738046, 0.0, 0.0253332514, 0.0, 0.2608030168, 0.2797092845, 0.124063635], [0.0, 0.0197162412, 0.4343790065, 0.0, 0.0, 0.1190069805, 0.055393991, 0.0, 0.2935057846, 0.0779979961]]>]
Time(in seconds) 2.31


CG 3_10_4
[<NashProfile for 'Generated by GAMUT v1.0.1
A Game With Normal Covariant Random Payoffs
Game Parameter Values:
Random seed:	1644574313247
Cmd Line:	-g CovariantGame -r -0.2 -players 3 -actions 10 -normalize -min_payoff 0.01 -max_payoff 10 -int_payoffs -int_mult 100 -random_seed 1644574313247 -f CG_multi_3_10_4.nfg -output GambitOutput
Players:	3
Actions:	10 10 10
players:	3
actions:	[10]
r:	-0.2': [[0.0, 0.0, 0.0, 0.0, 0.0, 0.0, 0.0, 0.0, 1.0, 0.0], [0.0, 0.0, 0.0, 0.8994821274, 0.0140175999, 0.0, 0.0, 0.0, 0.0, 0.0865002726], [0.0, 0.5353291266, 0.0, 0.0, 0.0, 0.0, 0.0, 0.2708810216, 0.1937898518, 0.0]]>, <NashProfile for 'Generated by GAMUT v1.0.1
A Game With Normal Covariant Random Payoffs
Game Parameter Values:
Random seed:	1644574313247
Cmd Line:	-g CovariantGame -r -0.2 -players 3 -actions 10 -normalize -min_payoff 0.01 -max_payoff 10 -int_payoffs -int_mult 100 -random_seed 1644574313247 -f CG_multi_3_10_4.nfg -output GambitOutput
Players:	3
Actions:	10 10 10
players:	3
actions:	[10]
r:	-0.2': [[0.0, 0.0, 0.0, 0.0, 0.0, 0.0, 0.1363982887, 0.0202211047, 0.8433806066, 0.0], [0.0, 0.0, 0.0, 0.8609783008, 0.0, 0.0, 0.0, 0.0, 0.0, 0.1390216992], [0.0, 0.7673880797, 0.0, 0.0, 0.0, 0.0, 0.0, 0.0, 0.1460543288, 0.0865575915]]>, <NashProfile for 'Generated by GAMUT v1.0.1
A Game With Normal Covariant Random Payoffs
Game Parameter Values:
Random seed:	1644574313247
Cmd Line:	-g CovariantGame -r -0.2 -players 3 -actions 10 -normalize -min_payoff 0.01 -max_payoff 10 -int_payoffs -int_mult 100 -random_seed 1644574313247 -f CG_multi_3_10_4.nfg -output GambitOutput
Players:	3
Actions:	10 10 10
players:	3
actions:	[10]
r:	-0.2': [[0.462944437, 0.1554646802, 0.0, 0.0, 0.0, 0.1938939714, 0.0129911697, 0.0, 0.1747057418, 0.0], [0.0, 0.0, 0.355634287, 0.01923739, 0.1610281805, 0.0, 0.0, 0.0, 0.2914634407, 0.1726367018], [0.0, 0.7149957477, 0.0, 0.0, 0.0, 0.0032740588, 0.0, 0.0108804506, 0.0, 0.2708497428]]>, <NashProfile for 'Generated by GAMUT v1.0.1
A Game With Normal Covariant Random Payoffs
Game Parameter Values:
Random seed:	1644574313247
Cmd Line:	-g CovariantGame -r -0.2 -players 3 -actions 10 -normalize -min_payoff 0.01 -max_payoff 10 -int_payoffs -int_mult 100 -random_seed 1644574313247 -f CG_multi_3_10_4.nfg -output GambitOutput
Players:	3
Actions:	10 10 10
players:	3
actions:	[10]
r:	-0.2': [[0.4789553678, 0.1362823424, 0.0, 0.0, 0.0, 0.1772839986, 0.0088673574, 0.0, 0.1986109338, 0.0], [0.0, 0.0, 0.3725348877, 0.0126188626, 0.1378767545, 0.0, 0.0, 0.0, 0.3178457862, 0.1591237089], [0.0, 0.7281609436, 0.0, 0.0, 0.0, 0.009974605, 0.0, 0.0, 0.0, 0.2618644514]]>, <NashProfile for 'Generated by GAMUT v1.0.1
A Game With Normal Covariant Random Payoffs
Game Parameter Values:
Random seed:	1644574313247
Cmd Line:	-g CovariantGame -r -0.2 -players 3 -actions 10 -normalize -min_payoff 0.01 -max_payoff 10 -int_payoffs -int_mult 100 -random_seed 1644574313247 -f CG_multi_3_10_4.nfg -output GambitOutput
Players:	3
Actions:	10 10 10
players:	3
actions:	[10]
r:	-0.2': [[0.5080340997, 0.1041291545, 0.0, 0.0, 0.0, 0.136623475, 0.0179174665, 0.0, 0.2332958042, 0.0], [0.0, 0.0, 0.3980905708, 0.0, 0.1102328915, 0.0, 0.0, 0.0, 0.3468413201, 0.1448352176], [0.0, 0.7637524626, 0.0, 0.0, 0.0, 0.0016516186, 0.0, 0.0, 0.0, 0.2345959188]]>, <NashProfile for 'Generated by GAMUT v1.0.1
A Game With Normal Covariant Random Payoffs
Game Parameter Values:
Random seed:	1644574313247
Cmd Line:	-g CovariantGame -r -0.2 -players 3 -actions 10 -normalize -min_payoff 0.01 -max_payoff 10 -int_payoffs -int_mult 100 -random_seed 1644574313247 -f CG_multi_3_10_4.nfg -output GambitOutput
Players:	3
Actions:	10 10 10
players:	3
actions:	[10]
r:	-0.2': [[0.2777788573, 0.2004569844, 0.0, 0.0, 0.0, 0.216026984, 0.0826959725, 0.0, 0.2230412019, 0.0], [0.0, 0.0, 0.3389400945, 0.0506584589, 0.0, 0.0, 0.0, 0.0, 0.3977315555, 0.2126698911], [0.0, 0.796627784, 0.0, 0.0, 0.0228290061, 0.0493333714, 0.0, 0.0, 0.0, 0.1312098385]]>, <NashProfile for 'Generated by GAMUT v1.0.1
A Game With Normal Covariant Random Payoffs
Game Parameter Values:
Random seed:	1644574313247
Cmd Line:	-g CovariantGame -r -0.2 -players 3 -actions 10 -normalize -min_payoff 0.01 -max_payoff 10 -int_payoffs -int_mult 100 -random_seed 1644574313247 -f CG_multi_3_10_4.nfg -output GambitOutput
Players:	3
Actions:	10 10 10
players:	3
actions:	[10]
r:	-0.2': [[0.2934262703, 0.0834282751, 0.0, 0.0, 0.0, 0.0755377277, 0.2341676096, 0.0, 0.3134401173, 0.0], [0.0, 0.0, 0.3501119604, 0.0, 0.0, 0.1043126076, 0.0, 0.0, 0.3859780504, 0.1595973817], [0.0, 0.992806732, 0.0, 0.0, 0.0, 0.007193268, 0.0, 0.0, 0.0, 0.0]]>, <NashProfile for 'Generated by GAMUT v1.0.1
A Game With Normal Covariant Random Payoffs
Game Parameter Values:
Random seed:	1644574313247
Cmd Line:	-g CovariantGame -r -0.2 -players 3 -actions 10 -normalize -min_payoff 0.01 -max_payoff 10 -int_payoffs -int_mult 100 -random_seed 1644574313247 -f CG_multi_3_10_4.nfg -output GambitOutput
Players:	3
Actions:	10 10 10
players:	3
actions:	[10]
r:	-0.2': [[0.2635383455, 0.1971875936, 0.0, 0.0, 0.0, 0.0, 0.2029035597, 0.0, 0.3363705012, 0.0], [0.0, 0.0, 0.3397461714, 0.0, 0.0, 0.1096155663, 0.0, 0.0, 0.3891864558, 0.1614518064], [0.0, 1.0, 0.0, 0.0, 0.0, 0.0, 0.0, 0.0, 0.0, 0.0]]>]
Time(in seconds) 1.99


CG 3_10_5
[]
Time(in seconds) 1.51


CG 3_10_6
[<NashProfile for 'Generated by GAMUT v1.0.1
A Game With Normal Covariant Random Payoffs
Game Parameter Values:
Random seed:	1644574317383
Cmd Line:	-g CovariantGame -r -0.2 -players 3 -actions 10 -normalize -min_payoff 0.01 -max_payoff 10 -int_payoffs -int_mult 100 -random_seed 1644574317383 -f CG_multi_3_10_6.nfg -output GambitOutput
Players:	3
Actions:	10 10 10
players:	3
actions:	[10]
r:	-0.2': [[0.7224298027, 0.0, 0.0, 0.0, 0.0, 0.0, 0.0931905822, 0.0, 0.1254048438, 0.0589747713], [0.2857147543, 0.0198380282, 0.0, 0.0, 0.4688697441, 0.1708975853, 0.0335258999, 0.0, 0.0, 0.0211539881], [0.0, 0.2459736835, 0.2286219137, 0.0, 0.0, 0.0, 0.4158690628, 0.0, 0.10953534, 0.0]]>, <NashProfile for 'Generated by GAMUT v1.0.1
A Game With Normal Covariant Random Payoffs
Game Parameter Values:
Random seed:	1644574317383
Cmd Line:	-g CovariantGame -r -0.2 -players 3 -actions 10 -normalize -min_payoff 0.01 -max_payoff 10 -int_payoffs -int_mult 100 -random_seed 1644574317383 -f CG_multi_3_10_6.nfg -output GambitOutput
Players:	3
Actions:	10 10 10
players:	3
actions:	[10]
r:	-0.2': [[0.7403012749, 0.0, 0.0, 0.0, 0.0050411043, 0.0, 0.0, 0.0, 0.2546576208, 0.0], [0.3225781137, 0.0, 0.0, 0.0, 0.4489475172, 0.2223372629, 0.0, 0.0, 0.0, 0.0061371062], [0.0, 0.2391553538, 0.2741585345, 0.0, 0.1186668481, 0.0, 0.3496898937, 0.0, 0.0183293699, 0.0]]>, <NashProfile for 'Generated by GAMUT v1.0.1
A Game With Normal Covariant Random Payoffs
Game Parameter Values:
Random seed:	1644574317383
Cmd Line:	-g CovariantGame -r -0.2 -players 3 -actions 10 -normalize -min_payoff 0.01 -max_payoff 10 -int_payoffs -int_mult 100 -random_seed 1644574317383 -f CG_multi_3_10_6.nfg -output GambitOutput
Players:	3
Actions:	10 10 10
players:	3
actions:	[10]
r:	-0.2': [[0.7085863141, 0.0, 0.0, 0.0, 0.0169256023, 0.0, 0.0, 0.0, 0.2744880836, 0.0], [0.3460002398, 0.0, 0.0, 0.0, 0.465855962, 0.1793826557, 0.0, 0.0, 0.0, 0.0087611425], [0.0, 0.2412354466, 0.2954091535, 0.0, 0.1122831619, 0.0, 0.351072238, 0.0, 0.0, 0.0]]>, <NashProfile for 'Generated by GAMUT v1.0.1
A Game With Normal Covariant Random Payoffs
Game Parameter Values:
Random seed:	1644574317383
Cmd Line:	-g CovariantGame -r -0.2 -players 3 -actions 10 -normalize -min_payoff 0.01 -max_payoff 10 -int_payoffs -int_mult 100 -random_seed 1644574317383 -f CG_multi_3_10_6.nfg -output GambitOutput
Players:	3
Actions:	10 10 10
players:	3
actions:	[10]
r:	-0.2': [[0.6522715134, 0.0, 0.0, 0.0, 0.0687247504, 0.0, 0.0, 0.0, 0.2790037363, 0.0], [0.3467306754, 0.0951258383, 0.0, 0.0, 0.4030475145, 0.108655784, 0.0, 0.0, 0.0, 0.0464401879], [0.0, 0.2403236195, 0.3188036437, 0.0, 0.0849723781, 0.0, 0.3559003587, 0.0, 0.0, 0.0]]>, <NashProfile for 'Generated by GAMUT v1.0.1
A Game With Normal Covariant Random Payoffs
Game Parameter Values:
Random seed:	1644574317383
Cmd Line:	-g CovariantGame -r -0.2 -players 3 -actions 10 -normalize -min_payoff 0.01 -max_payoff 10 -int_payoffs -int_mult 100 -random_seed 1644574317383 -f CG_multi_3_10_6.nfg -output GambitOutput
Players:	3
Actions:	10 10 10
players:	3
actions:	[10]
r:	-0.2': [[0.6031897896, 0.0, 0.0, 0.0, 0.0, 0.0, 0.081869037, 0.0, 0.3149411734, 0.0], [0.3834956857, 0.1218274089, 0.0, 0.0, 0.4946769054, 0.0, 0.0, 0.0, 0.0, 0.0], [0.0, 0.243876153, 0.35636473, 0.0, 0.0689488246, 0.0, 0.3308102924, 0.0, 0.0, 0.0]]>, <NashProfile for 'Generated by GAMUT v1.0.1
A Game With Normal Covariant Random Payoffs
Game Parameter Values:
Random seed:	1644574317383
Cmd Line:	-g CovariantGame -r -0.2 -players 3 -actions 10 -normalize -min_payoff 0.01 -max_payoff 10 -int_payoffs -int_mult 100 -random_seed 1644574317383 -f CG_multi_3_10_6.nfg -output GambitOutput
Players:	3
Actions:	10 10 10
players:	3
actions:	[10]
r:	-0.2': [[0.5871903808, 0.0, 0.0, 0.0, 0.0701626596, 0.0, 0.0203503886, 0.0, 0.322296571, 0.0], [0.3967226535, 0.1250428657, 0.0, 0.0, 0.4408622493, 0.0, 0.0, 0.0, 0.0, 0.0373722315], [0.0, 0.2474370034, 0.3537200856, 0.0, 0.0989311767, 0.0, 0.2999117344, 0.0, 0.0, 0.0]]>, <NashProfile for 'Generated by GAMUT v1.0.1
A Game With Normal Covariant Random Payoffs
Game Parameter Values:
Random seed:	1644574317383
Cmd Line:	-g CovariantGame -r -0.2 -players 3 -actions 10 -normalize -min_payoff 0.01 -max_payoff 10 -int_payoffs -int_mult 100 -random_seed 1644574317383 -f CG_multi_3_10_6.nfg -output GambitOutput
Players:	3
Actions:	10 10 10
players:	3
actions:	[10]
r:	-0.2': [[0.3099166113, 0.0, 0.0, 0.0, 0.165690918, 0.0, 0.1909638814, 0.0, 0.3334285893, 0.0], [0.1419924422, 0.0, 0.0, 0.0, 0.3571845291, 0.0, 0.1073864773, 0.1498025299, 0.2436340214, 0.0], [0.0, 0.1842910882, 0.3344818909, 0.1558395481, 0.2770605383, 0.0, 0.0, 0.0042633714, 0.044063563, 0.0]]>, <NashProfile for 'Generated by GAMUT v1.0.1
A Game With Normal Covariant Random Payoffs
Game Parameter Values:
Random seed:	1644574317383
Cmd Line:	-g CovariantGame -r -0.2 -players 3 -actions 10 -normalize -min_payoff 0.01 -max_payoff 10 -int_payoffs -int_mult 100 -random_seed 1644574317383 -f CG_multi_3_10_6.nfg -output GambitOutput
Players:	3
Actions:	10 10 10
players:	3
actions:	[10]
r:	-0.2': [[0.4355442799, 0.0, 0.0, 0.0, 0.1072560133, 0.0, 0.331916208, 0.0, 0.1252834988, 0.0], [0.1362722824, 0.0663186205, 0.0, 0.0, 0.3658796149, 0.0, 0.113112848, 0.1050248745, 0.1982352699, 0.0151564898], [0.1826670411, 0.0392149604, 0.1967671813, 0.0274142902, 0.2017058302, 0.0, 0.184660245, 0.1301414651, 0.0374289867, 0.0]]>, <NashProfile for 'Generated by GAMUT v1.0.1
A Game With Normal Covariant Random Payoffs
Game Parameter Values:
Random seed:	1644574317383
Cmd Line:	-g CovariantGame -r -0.2 -players 3 -actions 10 -normalize -min_payoff 0.01 -max_payoff 10 -int_payoffs -int_mult 100 -random_seed 1644574317383 -f CG_multi_3_10_6.nfg -output GambitOutput
Players:	3
Actions:	10 10 10
players:	3
actions:	[10]
r:	-0.2': [[0.2471087732, 0.0, 0.0, 0.0, 0.1847323852, 0.0, 0.5681588416, 0.0, 0.0, 0.0], [0.069192662, 0.1251495244, 0.0, 0.0763991009, 0.0, 0.0, 0.0, 0.2387187771, 0.0, 0.4905399356], [0.2124373465, 0.2483332454, 0.1591196117, 0.0, 0.0, 0.0, 0.2525655823, 0.0982347696, 0.0293094446, 0.0]]>, <NashProfile for 'Generated by GAMUT v1.0.1
A Game With Normal Covariant Random Payoffs
Game Parameter Values:
Random seed:	1644574317383
Cmd Line:	-g CovariantGame -r -0.2 -players 3 -actions 10 -normalize -min_payoff 0.01 -max_payoff 10 -int_payoffs -int_mult 100 -random_seed 1644574317383 -f CG_multi_3_10_6.nfg -output GambitOutput
Players:	3
Actions:	10 10 10
players:	3
actions:	[10]
r:	-0.2': [[0.2951072132, 0.0, 0.0, 0.0650103178, 0.1108381529, 0.0, 0.529044316, 0.0, 0.0, 0.0], [0.131717965, 0.0422647584, 0.0, 0.0508732364, 0.0, 0.0, 0.0, 0.2549247452, 0.0, 0.520219295], [0.2301863101, 0.2533607284, 0.1322484231, 0.0, 0.0, 0.0, 0.2438181577, 0.121952988, 0.0184333927, 0.0]]>]
Time(in seconds) 2.16


CG 3_10_7
Timeout(in seconds) 900.01


CG 3_10_8
[]
Time(in seconds) 0.29


CG 3_10_9
[<NashProfile for 'Generated by GAMUT v1.0.1
A Game With Normal Covariant Random Payoffs
Game Parameter Values:
Random seed:	1644574323774
Cmd Line:	-g CovariantGame -r -0.2 -players 3 -actions 10 -normalize -min_payoff 0.01 -max_payoff 10 -int_payoffs -int_mult 100 -random_seed 1644574323774 -f CG_multi_3_10_9.nfg -output GambitOutput
Players:	3
Actions:	10 10 10
players:	3
actions:	[10]
r:	-0.2': [[0.3102016089, 0.4547505388, 0.0, 0.0397103165, 0.1559655527, 0.0, 0.0, 0.0393719832, 0.0, 0.0], [0.0, 0.0, 0.2019457857, 0.6031443998, 0.0, 0.0, 0.1194549541, 0.0, 0.0754548604, 0.0], [0.0, 0.0691568347, 0.0332777396, 0.251094939, 0.3079513747, 0.0, 0.0, 0.1634172544, 0.0, 0.1751018576]]>, <NashProfile for 'Generated by GAMUT v1.0.1
A Game With Normal Covariant Random Payoffs
Game Parameter Values:
Random seed:	1644574323774
Cmd Line:	-g CovariantGame -r -0.2 -players 3 -actions 10 -normalize -min_payoff 0.01 -max_payoff 10 -int_payoffs -int_mult 100 -random_seed 1644574323774 -f CG_multi_3_10_9.nfg -output GambitOutput
Players:	3
Actions:	10 10 10
players:	3
actions:	[10]
r:	-0.2': [[0.3370579059, 0.4841900248, 0.0, 0.045902525, 0.1328495443, 0.0, 0.0, 0.0, 0.0, 0.0], [0.0, 0.0, 0.3522444717, 0.4482318174, 0.0, 0.0, 0.110954303, 0.0, 0.088569408, 0.0], [0.0, 0.0955651982, 0.0264207225, 0.239993084, 0.343624488, 0.0, 0.0, 0.1465754396, 0.0, 0.1478210677]]>, <NashProfile for 'Generated by GAMUT v1.0.1
A Game With Normal Covariant Random Payoffs
Game Parameter Values:
Random seed:	1644574323774
Cmd Line:	-g CovariantGame -r -0.2 -players 3 -actions 10 -normalize -min_payoff 0.01 -max_payoff 10 -int_payoffs -int_mult 100 -random_seed 1644574323774 -f CG_multi_3_10_9.nfg -output GambitOutput
Players:	3
Actions:	10 10 10
players:	3
actions:	[10]
r:	-0.2': [[0.3483956579, 0.4769291496, 0.0, 0.0447546704, 0.1299205222, 0.0, 0.0, 0.0, 0.0, 0.0], [0.0, 0.0, 0.409644309, 0.3874450211, 0.0, 0.0, 0.1111616641, 0.0, 0.0917490058, 0.0], [0.0063862825, 0.1072225646, 0.0224546093, 0.2282773081, 0.3630837509, 0.0, 0.0, 0.1351855115, 0.0, 0.1373899731]]>, <NashProfile for 'Generated by GAMUT v1.0.1
A Game With Normal Covariant Random Payoffs
Game Parameter Values:
Random seed:	1644574323774
Cmd Line:	-g CovariantGame -r -0.2 -players 3 -actions 10 -normalize -min_payoff 0.01 -max_payoff 10 -int_payoffs -int_mult 100 -random_seed 1644574323774 -f CG_multi_3_10_9.nfg -output GambitOutput
Players:	3
Actions:	10 10 10
players:	3
actions:	[10]
r:	-0.2': [[0.3413152905, 0.2947426623, 0.0, 0.0396902164, 0.1854771751, 0.0, 0.0, 0.1387746557, 0.0, 0.0], [0.0, 0.047536403, 0.2302500498, 0.4990698919, 0.0, 0.0, 0.1610320398, 0.0, 0.0621116155, 0.0], [0.0, 0.0796860101, 0.0, 0.2771368498, 0.2933736494, 0.0, 0.0, 0.1560178697, 0.0, 0.193785621]]>, <NashProfile for 'Generated by GAMUT v1.0.1
A Game With Normal Covariant Random Payoffs
Game Parameter Values:
Random seed:	1644574323774
Cmd Line:	-g CovariantGame -r -0.2 -players 3 -actions 10 -normalize -min_payoff 0.01 -max_payoff 10 -int_payoffs -int_mult 100 -random_seed 1644574323774 -f CG_multi_3_10_9.nfg -output GambitOutput
Players:	3
Actions:	10 10 10
players:	3
actions:	[10]
r:	-0.2': [[0.2828666511, 0.0506955543, 0.0, 0.0, 0.3386842089, 0.0, 0.0383503185, 0.2894032671, 0.0, 0.0], [0.0, 0.0, 0.4496120259, 0.5066527893, 0.0, 0.0, 0.0437351848, 0.0, 0.0, 0.0], [0.0, 0.1541905384, 0.0, 0.1880590438, 0.2470203858, 0.0, 0.035267086, 0.2041483027, 0.0, 0.1713146433]]>, <NashProfile for 'Generated by GAMUT v1.0.1
A Game With Normal Covariant Random Payoffs
Game Parameter Values:
Random seed:	1644574323774
Cmd Line:	-g CovariantGame -r -0.2 -players 3 -actions 10 -normalize -min_payoff 0.01 -max_payoff 10 -int_payoffs -int_mult 100 -random_seed 1644574323774 -f CG_multi_3_10_9.nfg -output GambitOutput
Players:	3
Actions:	10 10 10
players:	3
actions:	[10]
r:	-0.2': [[0.2973612335, 0.0, 0.0, 0.0, 0.3589523958, 0.0, 0.0170859322, 0.3266004386, 0.0, 0.0], [0.0, 0.0039818338, 0.421169685, 0.5010069672, 0.0, 0.0, 0.073841514, 0.0, 0.0, 0.0], [0.0, 0.137182468, 0.0, 0.1963590281, 0.2304916261, 0.0, 0.0267521428, 0.2141069265, 0.0, 0.1951078085]]>, <NashProfile for 'Generated by GAMUT v1.0.1
A Game With Normal Covariant Random Payoffs
Game Parameter Values:
Random seed:	1644574323774
Cmd Line:	-g CovariantGame -r -0.2 -players 3 -actions 10 -normalize -min_payoff 0.01 -max_payoff 10 -int_payoffs -int_mult 100 -random_seed 1644574323774 -f CG_multi_3_10_9.nfg -output GambitOutput
Players:	3
Actions:	10 10 10
players:	3
actions:	[10]
r:	-0.2': [[0.2827552278, 0.0, 0.0, 0.002433938, 0.346597122, 0.0, 0.0521296492, 0.3160840631, 0.0, 0.0], [0.0, 0.0254708095, 0.3918965321, 0.5115825169, 0.0, 0.0, 0.0710501415, 0.0, 0.0, 0.0], [0.0, 0.1056503972, 0.0, 0.2192261665, 0.250551113, 0.0, 0.0, 0.2244039731, 0.0, 0.2001683502]]>, <NashProfile for 'Generated by GAMUT v1.0.1
A Game With Normal Covariant Random Payoffs
Game Parameter Values:
Random seed:	1644574323774
Cmd Line:	-g CovariantGame -r -0.2 -players 3 -actions 10 -normalize -min_payoff 0.01 -max_payoff 10 -int_payoffs -int_mult 100 -random_seed 1644574323774 -f CG_multi_3_10_9.nfg -output GambitOutput
Players:	3
Actions:	10 10 10
players:	3
actions:	[10]
r:	-0.2': [[0.3128667392, 0.0, 0.0, 0.0934345364, 0.3299647892, 0.0, 0.0350149987, 0.2287189365, 0.0, 0.0], [0.0, 0.1285259704, 0.3551924107, 0.516281619, 0.0, 0.0, 0.0, 0.0, 0.0, 0.0], [0.0, 0.0769116523, 0.0, 0.2004395474, 0.2745724146, 0.0, 0.0, 0.1931345784, 0.0, 0.2549418073]]>, <NashProfile for 'Generated by GAMUT v1.0.1
A Game With Normal Covariant Random Payoffs
Game Parameter Values:
Random seed:	1644574323774
Cmd Line:	-g CovariantGame -r -0.2 -players 3 -actions 10 -normalize -min_payoff 0.01 -max_payoff 10 -int_payoffs -int_mult 100 -random_seed 1644574323774 -f CG_multi_3_10_9.nfg -output GambitOutput
Players:	3
Actions:	10 10 10
players:	3
actions:	[10]
r:	-0.2': [[0.3073016684, 0.0, 0.0, 0.1063444047, 0.3194699321, 0.0, 0.0521896637, 0.2146943311, 0.0, 0.0], [0.0, 0.1582206648, 0.3191002678, 0.5226790674, 0.0, 0.0, 0.0, 0.0, 0.0, 0.0], [0.0153863672, 0.0393184536, 0.0, 0.205753955, 0.2833300073, 0.0, 0.0, 0.1817140573, 0.0, 0.2744971596]]>, <NashProfile for 'Generated by GAMUT v1.0.1
A Game With Normal Covariant Random Payoffs
Game Parameter Values:
Random seed:	1644574323774
Cmd Line:	-g CovariantGame -r -0.2 -players 3 -actions 10 -normalize -min_payoff 0.01 -max_payoff 10 -int_payoffs -int_mult 100 -random_seed 1644574323774 -f CG_multi_3_10_9.nfg -output GambitOutput
Players:	3
Actions:	10 10 10
players:	3
actions:	[10]
r:	-0.2': [[0.3042311101, 0.0, 0.0, 0.1176225322, 0.3140238277, 0.0, 0.0656529669, 0.1984695632, 0.0, 0.0], [0.0, 0.1800476033, 0.2789180228, 0.5410343739, 0.0, 0.0, 0.0, 0.0, 0.0, 0.0], [0.0375074606, 0.0, 0.0, 0.2071616068, 0.2920781055, 0.0, 0.0, 0.1684369708, 0.0, 0.2948158564]]>, <NashProfile for 'Generated by GAMUT v1.0.1
A Game With Normal Covariant Random Payoffs
Game Parameter Values:
Random seed:	1644574323774
Cmd Line:	-g CovariantGame -r -0.2 -players 3 -actions 10 -normalize -min_payoff 0.01 -max_payoff 10 -int_payoffs -int_mult 100 -random_seed 1644574323774 -f CG_multi_3_10_9.nfg -output GambitOutput
Players:	3
Actions:	10 10 10
players:	3
actions:	[10]
r:	-0.2': [[0.3286476056, 0.0, 0.0, 0.1607891711, 0.2969006178, 0.0, 0.0436495744, 0.1700130312, 0.0, 0.0], [0.0, 0.1787469025, 0.2441670606, 0.5418592793, 0.0, 0.0, 0.0, 0.0, 0.0352267575, 0.0], [0.0688045578, 0.0, 0.0, 0.1896362756, 0.3524575055, 0.0, 0.0, 0.0859794011, 0.0, 0.30312226]]>, <NashProfile for 'Generated by GAMUT v1.0.1
A Game With Normal Covariant Random Payoffs
Game Parameter Values:
Random seed:	1644574323774
Cmd Line:	-g CovariantGame -r -0.2 -players 3 -actions 10 -normalize -min_payoff 0.01 -max_payoff 10 -int_payoffs -int_mult 100 -random_seed 1644574323774 -f CG_multi_3_10_9.nfg -output GambitOutput
Players:	3
Actions:	10 10 10
players:	3
actions:	[10]
r:	-0.2': [[0.280935028, 0.0497723513, 0.0, 0.0158185674, 0.2887318576, 0.0, 0.078733843, 0.2860083527, 0.0, 0.0], [0.1243110563, 0.0, 0.3307640227, 0.544924921, 0.0, 0.0, 0.0, 0.0, 0.0, 0.0], [0.0925553752, 0.0225974049, 0.1787570154, 0.1573607063, 0.2742189872, 0.0, 0.0719149925, 0.0, 0.0, 0.2025955185]]>, <NashProfile for 'Generated by GAMUT v1.0.1
A Game With Normal Covariant Random Payoffs
Game Parameter Values:
Random seed:	1644574323774
Cmd Line:	-g CovariantGame -r -0.2 -players 3 -actions 10 -normalize -min_payoff 0.01 -max_payoff 10 -int_payoffs -int_mult 100 -random_seed 1644574323774 -f CG_multi_3_10_9.nfg -output GambitOutput
Players:	3
Actions:	10 10 10
players:	3
actions:	[10]
r:	-0.2': [[0.0, 0.2256177197, 0.0, 0.0, 0.4005090589, 0.3738732214, 0.0, 0.0, 0.0, 0.0], [0.2612203061, 0.0, 0.4153877519, 0.0, 0.0, 0.1915067743, 0.0030865032, 0.1287986645, 0.0, 0.0], [0.020599103, 0.1050384862, 0.5477352128, 0.0, 0.0, 0.1064767443, 0.2201504537, 0.0, 0.0, 0.0]]>, <NashProfile for 'Generated by GAMUT v1.0.1
A Game With Normal Covariant Random Payoffs
Game Parameter Values:
Random seed:	1644574323774
Cmd Line:	-g CovariantGame -r -0.2 -players 3 -actions 10 -normalize -min_payoff 0.01 -max_payoff 10 -int_payoffs -int_mult 100 -random_seed 1644574323774 -f CG_multi_3_10_9.nfg -output GambitOutput
Players:	3
Actions:	10 10 10
players:	3
actions:	[10]
r:	-0.2': [[0.0, 0.1617732506, 0.0, 0.0, 0.487238912, 0.3509878374, 0.0, 0.0, 0.0, 0.0], [0.4535185685, 0.0, 0.3013296211, 0.0, 0.0, 0.191906465, 0.0, 0.0532453454, 0.0, 0.0], [0.0, 0.2456286909, 0.5833344596, 0.0, 0.0, 0.0, 0.1710368495, 0.0, 0.0, 0.0]]>, <NashProfile for 'Generated by GAMUT v1.0.1
A Game With Normal Covariant Random Payoffs
Game Parameter Values:
Random seed:	1644574323774
Cmd Line:	-g CovariantGame -r -0.2 -players 3 -actions 10 -normalize -min_payoff 0.01 -max_payoff 10 -int_payoffs -int_mult 100 -random_seed 1644574323774 -f CG_multi_3_10_9.nfg -output GambitOutput
Players:	3
Actions:	10 10 10
players:	3
actions:	[10]
r:	-0.2': [[0.1450367404, 0.0, 0.0, 0.0316279632, 0.5183715671, 0.2716297794, 0.0, 0.0, 0.0333339499, 0.0], [0.3747476027, 0.2709445846, 0.1775654022, 0.0, 0.0, 0.1767424106, 0.0, 0.0, 0.0, 0.0], [0.0, 0.4056567606, 0.5566720718, 0.0, 0.0, 0.0, 0.0376711675, 0.0, 0.0, 0.0]]>, <NashProfile for 'Generated by GAMUT v1.0.1
A Game With Normal Covariant Random Payoffs
Game Parameter Values:
Random seed:	1644574323774
Cmd Line:	-g CovariantGame -r -0.2 -players 3 -actions 10 -normalize -min_payoff 0.01 -max_payoff 10 -int_payoffs -int_mult 100 -random_seed 1644574323774 -f CG_multi_3_10_9.nfg -output GambitOutput
Players:	3
Actions:	10 10 10
players:	3
actions:	[10]
r:	-0.2': [[0.1465574303, 0.0, 0.0, 0.0431056891, 0.5096889155, 0.2593628793, 0.0, 0.0, 0.0412850859, 0.0], [0.3846392736, 0.285765913, 0.1739907445, 0.0028682903, 0.0, 0.1527357786, 0.0, 0.0, 0.0, 0.0], [0.0, 0.4138843903, 0.5557254218, 0.0, 0.0, 0.0, 0.0303901879, 0.0, 0.0, 0.0]]>, <NashProfile for 'Generated by GAMUT v1.0.1
A Game With Normal Covariant Random Payoffs
Game Parameter Values:
Random seed:	1644574323774
Cmd Line:	-g CovariantGame -r -0.2 -players 3 -actions 10 -normalize -min_payoff 0.01 -max_payoff 10 -int_payoffs -int_mult 100 -random_seed 1644574323774 -f CG_multi_3_10_9.nfg -output GambitOutput
Players:	3
Actions:	10 10 10
players:	3
actions:	[10]
r:	-0.2': [[0.0, 0.0, 0.0, 0.0, 0.4270153621, 0.2856347217, 0.0808344905, 0.2065154257, 0.0, 0.0], [0.2918673321, 0.0, 0.0, 0.1897104129, 0.0, 0.1593984999, 0.0, 0.0, 0.0, 0.3590237551], [0.0, 0.3823358577, 0.4116048412, 0.0, 0.0, 0.0, 0.1016853704, 0.0, 0.1043739307, 0.0]]>, <NashProfile for 'Generated by GAMUT v1.0.1
A Game With Normal Covariant Random Payoffs
Game Parameter Values:
Random seed:	1644574323774
Cmd Line:	-g CovariantGame -r -0.2 -players 3 -actions 10 -normalize -min_payoff 0.01 -max_payoff 10 -int_payoffs -int_mult 100 -random_seed 1644574323774 -f CG_multi_3_10_9.nfg -output GambitOutput
Players:	3
Actions:	10 10 10
players:	3
actions:	[10]
r:	-0.2': [[0.0, 0.0, 0.0, 0.2700249618, 0.1423430188, 0.0911093452, 0.1212300607, 0.1633154401, 0.0, 0.2119771733], [0.1360976437, 0.0, 0.1675252803, 0.0264599403, 0.0, 0.0, 0.0, 0.0565121496, 0.0, 0.6134049862], [0.0, 0.1494995921, 0.2831059913, 0.1477610618, 0.0, 0.0, 0.0, 0.2479306072, 0.1717027475, 0.0]]>, <NashProfile for 'Generated by GAMUT v1.0.1
A Game With Normal Covariant Random Payoffs
Game Parameter Values:
Random seed:	1644574323774
Cmd Line:	-g CovariantGame -r -0.2 -players 3 -actions 10 -normalize -min_payoff 0.01 -max_payoff 10 -int_payoffs -int_mult 100 -random_seed 1644574323774 -f CG_multi_3_10_9.nfg -output GambitOutput
Players:	3
Actions:	10 10 10
players:	3
actions:	[10]
r:	-0.2': [[0.0, 0.0, 0.0, 0.3039736689, 0.1628603028, 0.0754344953, 0.1031036302, 0.0798053355, 0.0, 0.2748225673], [0.1935414026, 0.0, 0.0699666942, 0.0, 0.0, 0.0, 0.0, 0.0677792061, 0.0, 0.6687126971], [0.0, 0.1270876842, 0.3632381868, 0.1360444168, 0.0, 0.0, 0.0, 0.2636956382, 0.1099340741, 0.0]]>, <NashProfile for 'Generated by GAMUT v1.0.1
A Game With Normal Covariant Random Payoffs
Game Parameter Values:
Random seed:	1644574323774
Cmd Line:	-g CovariantGame -r -0.2 -players 3 -actions 10 -normalize -min_payoff 0.01 -max_payoff 10 -int_payoffs -int_mult 100 -random_seed 1644574323774 -f CG_multi_3_10_9.nfg -output GambitOutput
Players:	3
Actions:	10 10 10
players:	3
actions:	[10]
r:	-0.2': [[0.0, 0.0, 0.0, 0.3125536967, 0.172143913, 0.0029527853, 0.0407909301, 0.0518087474, 0.0776767839, 0.3420731436], [0.2370105554, 0.0, 0.019872931, 0.0, 0.0, 0.0, 0.0412843903, 0.0380877784, 0.0, 0.6637443449], [0.0, 0.0798927674, 0.4475270891, 0.1706657609, 0.0, 0.0, 0.0, 0.2725193935, 0.0293949891, 0.0]]>, <NashProfile for 'Generated by GAMUT v1.0.1
A Game With Normal Covariant Random Payoffs
Game Parameter Values:
Random seed:	1644574323774
Cmd Line:	-g CovariantGame -r -0.2 -players 3 -actions 10 -normalize -min_payoff 0.01 -max_payoff 10 -int_payoffs -int_mult 100 -random_seed 1644574323774 -f CG_multi_3_10_9.nfg -output GambitOutput
Players:	3
Actions:	10 10 10
players:	3
actions:	[10]
r:	-0.2': [[0.0, 0.0, 0.0, 0.2926343076, 0.1683122389, 0.02953785, 0.0783364578, 0.0179307304, 0.0840387752, 0.32920964], [0.249298318, 0.0, 0.0, 0.0, 0.0, 0.0, 0.0419962905, 0.0321093081, 0.0, 0.6765960834], [0.0, 0.0737814489, 0.4814385685, 0.1672498463, 0.0, 0.0, 0.0, 0.2689305214, 0.0085996149, 0.0]]>, <NashProfile for 'Generated by GAMUT v1.0.1
A Game With Normal Covariant Random Payoffs
Game Parameter Values:
Random seed:	1644574323774
Cmd Line:	-g CovariantGame -r -0.2 -players 3 -actions 10 -normalize -min_payoff 0.01 -max_payoff 10 -int_payoffs -int_mult 100 -random_seed 1644574323774 -f CG_multi_3_10_9.nfg -output GambitOutput
Players:	3
Actions:	10 10 10
players:	3
actions:	[10]
r:	-0.2': [[0.0, 0.0, 0.0, 0.2837718169, 0.1642017432, 0.0377182834, 0.0936336027, 0.0, 0.0908853109, 0.3297892428], [0.2582149086, 0.0, 0.0, 0.0, 0.0, 0.0, 0.0464815549, 0.0172976693, 0.0, 0.6780058672], [0.0, 0.074387631, 0.4919867012, 0.1694900257, 0.0, 0.0, 0.0, 0.2641356422, 0.0, 0.0]]>, <NashProfile for 'Generated by GAMUT v1.0.1
A Game With Normal Covariant Random Payoffs
Game Parameter Values:
Random seed:	1644574323774
Cmd Line:	-g CovariantGame -r -0.2 -players 3 -actions 10 -normalize -min_payoff 0.01 -max_payoff 10 -int_payoffs -int_mult 100 -random_seed 1644574323774 -f CG_multi_3_10_9.nfg -output GambitOutput
Players:	3
Actions:	10 10 10
players:	3
actions:	[10]
r:	-0.2': [[0.0, 0.0, 0.0, 0.3066304571, 0.1776177278, 0.0, 0.069160982, 0.0, 0.0761845335, 0.3704062996], [0.2598575382, 0.0, 0.0, 0.0, 0.0, 0.0, 0.0771263674, 0.0, 0.0, 0.6630160944], [0.0, 0.0948530884, 0.4863344567, 0.1657321883, 0.0, 0.0, 0.0, 0.2530802666, 0.0, 0.0]]>, <NashProfile for 'Generated by GAMUT v1.0.1
A Game With Normal Covariant Random Payoffs
Game Parameter Values:
Random seed:	1644574323774
Cmd Line:	-g CovariantGame -r -0.2 -players 3 -actions 10 -normalize -min_payoff 0.01 -max_payoff 10 -int_payoffs -int_mult 100 -random_seed 1644574323774 -f CG_multi_3_10_9.nfg -output GambitOutput
Players:	3
Actions:	10 10 10
players:	3
actions:	[10]
r:	-0.2': [[0.0, 0.0, 0.0, 0.2508831996, 0.2253715458, 0.0761147235, 0.1499824182, 0.0, 0.0, 0.2976481129], [0.2771858638, 0.0, 0.0, 0.0, 0.0, 0.0, 0.0, 0.0, 0.0, 0.7228141362], [0.0, 0.1828870767, 0.3551046992, 0.0742067896, 0.0, 0.0, 0.0, 0.2239964752, 0.1322514026, 0.0315535567]]>, <NashProfile for 'Generated by GAMUT v1.0.1
A Game With Normal Covariant Random Payoffs
Game Parameter Values:
Random seed:	1644574323774
Cmd Line:	-g CovariantGame -r -0.2 -players 3 -actions 10 -normalize -min_payoff 0.01 -max_payoff 10 -int_payoffs -int_mult 100 -random_seed 1644574323774 -f CG_multi_3_10_9.nfg -output GambitOutput
Players:	3
Actions:	10 10 10
players:	3
actions:	[10]
r:	-0.2': [[0.0, 0.0, 0.0, 0.2882047133, 0.2244676124, 0.0725860412, 0.1468641872, 0.0441955356, 0.0, 0.2236819104], [0.1741715139, 0.0, 0.0, 0.0863716964, 0.0, 0.0, 0.0, 0.1273978007, 0.0, 0.6120589889], [0.0, 0.140756025, 0.3580957092, 0.0555351587, 0.0, 0.0, 0.0, 0.2166921439, 0.1481800109, 0.0807409524]]>, <NashProfile for 'Generated by GAMUT v1.0.1
A Game With Normal Covariant Random Payoffs
Game Parameter Values:
Random seed:	1644574323774
Cmd Line:	-g CovariantGame -r -0.2 -players 3 -actions 10 -normalize -min_payoff 0.01 -max_payoff 10 -int_payoffs -int_mult 100 -random_seed 1644574323774 -f CG_multi_3_10_9.nfg -output GambitOutput
Players:	3
Actions:	10 10 10
players:	3
actions:	[10]
r:	-0.2': [[0.0, 0.0, 0.0, 0.2727245649, 0.2154234372, 0.0677368657, 0.1217673649, 0.0349736401, 0.0736208423, 0.2137532848], [0.1672259239, 0.0, 0.0, 0.1785127771, 0.0, 0.0, 0.1000121307, 0.0447616334, 0.0, 0.509487535], [0.0, 0.1083808646, 0.4386534675, 0.128754611, 0.0, 0.0, 0.0, 0.2023650235, 0.0713872386, 0.0504587948]]>, <NashProfile for 'Generated by GAMUT v1.0.1
A Game With Normal Covariant Random Payoffs
Game Parameter Values:
Random seed:	1644574323774
Cmd Line:	-g CovariantGame -r -0.2 -players 3 -actions 10 -normalize -min_payoff 0.01 -max_payoff 10 -int_payoffs -int_mult 100 -random_seed 1644574323774 -f CG_multi_3_10_9.nfg -output GambitOutput
Players:	3
Actions:	10 10 10
players:	3
actions:	[10]
r:	-0.2': [[0.0, 0.0, 0.0, 0.2430891538, 0.2455494651, 0.0598354205, 0.1165260003, 0.0604243439, 0.0852604847, 0.1893151318], [0.1607142027, 0.0, 0.0, 0.2399188125, 0.0, 0.0, 0.135513466, 0.0, 0.0, 0.4638535188], [0.0, 0.1528363986, 0.4725813057, 0.124020653, 0.0, 0.0, 0.0, 0.1331322527, 0.0637211466, 0.0537082434]]>, <NashProfile for 'Generated by GAMUT v1.0.1
A Game With Normal Covariant Random Payoffs
Game Parameter Values:
Random seed:	1644574323774
Cmd Line:	-g CovariantGame -r -0.2 -players 3 -actions 10 -normalize -min_payoff 0.01 -max_payoff 10 -int_payoffs -int_mult 100 -random_seed 1644574323774 -f CG_multi_3_10_9.nfg -output GambitOutput
Players:	3
Actions:	10 10 10
players:	3
actions:	[10]
r:	-0.2': [[0.0, 0.0, 0.0, 0.0113652115, 0.4298235799, 0.3123090561, 0.2465021524, 0.0, 0.0, 0.0], [0.1143930939, 0.0, 0.0, 0.3062983025, 0.0, 0.0, 0.0, 0.0, 0.1106601997, 0.4686484039], [0.0, 0.2653908955, 0.3204568591, 0.0, 0.0, 0.0, 0.1392198727, 0.0, 0.1347848847, 0.1401474879]]>]
Time(in seconds) 5.78


CG 3_10_10
[<NashProfile for 'Generated by GAMUT v1.0.1
A Game With Normal Covariant Random Payoffs
Game Parameter Values:
Random seed:	1644574327088
Cmd Line:	-g CovariantGame -r -0.2 -players 3 -actions 10 -normalize -min_payoff 0.01 -max_payoff 10 -int_payoffs -int_mult 100 -random_seed 1644574327088 -f CG_multi_3_10_10.nfg -output GambitOutput
Players:	3
Actions:	10 10 10
players:	3
actions:	[10]
r:	-0.2': [[0.6100659015, 0.0, 0.1489158163, 0.0, 0.0, 0.0, 0.0, 0.0, 0.2410182822, 0.0], [0.0, 0.0, 0.0, 1.0, 0.0, 0.0, 0.0, 0.0, 0.0, 0.0], [0.0, 0.0, 0.2573462987, 0.0, 0.0, 0.0, 0.6024230833, 0.140230618, 0.0, 0.0]]>, <NashProfile for 'Generated by GAMUT v1.0.1
A Game With Normal Covariant Random Payoffs
Game Parameter Values:
Random seed:	1644574327088
Cmd Line:	-g CovariantGame -r -0.2 -players 3 -actions 10 -normalize -min_payoff 0.01 -max_payoff 10 -int_payoffs -int_mult 100 -random_seed 1644574327088 -f CG_multi_3_10_10.nfg -output GambitOutput
Players:	3
Actions:	10 10 10
players:	3
actions:	[10]
r:	-0.2': [[0.9311037486, 0.0, 0.0, 0.0, 0.0, 0.0, 0.0, 0.0, 0.0688962514, 0.0], [0.0, 0.0, 0.0, 0.8665397868, 0.0, 0.0, 0.0, 0.0, 0.1334602132, 0.0], [0.0, 0.0, 0.2641963501, 0.0, 0.0, 0.0, 0.5249973587, 0.2108062911, 0.0, 0.0]]>]
Time(in seconds) 0.97


