CG 3_10_1
[<NashProfile for 'Generated by GAMUT v1.0.1
A Game With Normal Covariant Random Payoffs
Game Parameter Values:
Random seed:	1644574305256
Cmd Line:	-g CovariantGame -r -0.2 -players 3 -actions 10 -normalize -min_payoff 0.01 -max_payoff 10 -int_payoffs -int_mult 100 -random_seed 1644574305256 -f CG_multi_3_10_1.nfg -output GambitOutput
Players:	3
Actions:	10 10 10
players:	3
actions:	[10]
r:	-0.2': [[Rational(0, 1), Rational(0, 1), Rational(107843108375, 274877906944), Rational(38124065619, 1099511627776), Rational(0, 1), Rational(1926490957, 4294967296), Rational(0, 1), Rational(136833443665, 1099511627776), Rational(0, 1), Rational(0, 1)], [Rational(459714477359, 1099511627776), Rational(0, 1), Rational(0, 1), Rational(0, 1), Rational(196822230003, 1099511627776), Rational(221487460207, 549755813888), Rational(0, 1), Rational(0, 1), Rational(0, 1), Rational(0, 1)], [Rational(0, 1), Rational(542993372169, 1099511627776), Rational(0, 1), Rational(0, 1), Rational(0, 1), Rational(0, 1), Rational(556518255607, 1099511627776), Rational(0, 1), Rational(0, 1), Rational(0, 1)]]>]
Time(in seconds) 28.30


CG 3_10_2
[<NashProfile for 'Generated by GAMUT v1.0.1
A Game With Normal Covariant Random Payoffs
Game Parameter Values:
Random seed:	1644574308229
Cmd Line:	-g CovariantGame -r -0.2 -players 3 -actions 10 -normalize -min_payoff 0.01 -max_payoff 10 -int_payoffs -int_mult 100 -random_seed 1644574308229 -f CG_multi_3_10_2.nfg -output GambitOutput
Players:	3
Actions:	10 10 10
players:	3
actions:	[10]
r:	-0.2': [[Rational(115333387529, 274877906944), Rational(0, 1), Rational(0, 1), Rational(0, 1), Rational(159544519415, 274877906944), Rational(0, 1), Rational(0, 1), Rational(0, 1), Rational(0, 1), Rational(0, 1)], [Rational(0, 1), Rational(0, 1), Rational(0, 1), Rational(603843390291, 1099511627776), Rational(0, 1), Rational(495668237485, 1099511627776), Rational(0, 1), Rational(0, 1), Rational(0, 1), Rational(0, 1)], [Rational(0, 1), Rational(0, 1), Rational(0, 1), Rational(0, 1), Rational(0, 1), Rational(0, 1), Rational(0, 1), Rational(0, 1), Rational(1, 1), Rational(0, 1)]]>]
Time(in seconds) 0.25


CG 3_10_3
Timeout(in seconds) 900.03


CG 3_10_4
[<NashProfile for 'Generated by GAMUT v1.0.1
A Game With Normal Covariant Random Payoffs
Game Parameter Values:
Random seed:	1644574313247
Cmd Line:	-g CovariantGame -r -0.2 -players 3 -actions 10 -normalize -min_payoff 0.01 -max_payoff 10 -int_payoffs -int_mult 100 -random_seed 1644574313247 -f CG_multi_3_10_4.nfg -output GambitOutput
Players:	3
Actions:	10 10 10
players:	3
actions:	[10]
r:	-0.2': [[Rational(299866807575, 1099511627776), Rational(0, 1), Rational(0, 1), Rational(0, 1), Rational(0, 1), Rational(0, 1), Rational(0, 1), Rational(0, 1), Rational(799644820201, 1099511627776), Rational(0, 1)], [Rational(0, 1), Rational(0, 1), Rational(0, 1), Rational(0, 1), Rational(0, 1), Rational(0, 1), Rational(0, 1), Rational(0, 1), Rational(0, 1), Rational(1, 1)], [Rational(0, 1), Rational(495957079807, 1099511627776), Rational(0, 1), Rational(0, 1), Rational(0, 1), Rational(0, 1), Rational(0, 1), Rational(0, 1), Rational(0, 1), Rational(603554547969, 1099511627776)]]>]
Time(in seconds) 1.83


CG 3_10_5
Timeout(in seconds) 899.99


CG 3_10_6
Timeout(in seconds) 900.02


CG 3_10_7
[<NashProfile for 'Generated by GAMUT v1.0.1
A Game With Normal Covariant Random Payoffs
Game Parameter Values:
Random seed:	1644574319500
Cmd Line:	-g CovariantGame -r -0.2 -players 3 -actions 10 -normalize -min_payoff 0.01 -max_payoff 10 -int_payoffs -int_mult 100 -random_seed 1644574319500 -f CG_multi_3_10_7.nfg -output GambitOutput
Players:	3
Actions:	10 10 10
players:	3
actions:	[10]
r:	-0.2': [[Rational(0, 1), Rational(0, 1), Rational(0, 1), Rational(0, 1), Rational(0, 1), Rational(64590555511, 549755813888), Rational(72227393731, 274877906944), Rational(84037516445, 274877906944), Rational(0, 1), Rational(172635438025, 549755813888)], [Rational(0, 1), Rational(0, 1), Rational(113586130621, 549755813888), Rational(191692421987, 549755813888), Rational(0, 1), Rational(0, 1), Rational(7639914415, 17179869184), Rational(0, 1), Rational(0, 1), Rational(0, 1)], [Rational(59938578243, 549755813888), Rational(283201294895, 549755813888), Rational(0, 1), Rational(0, 1), Rational(0, 1), Rational(0, 1), Rational(0, 1), Rational(103307970375, 274877906944), Rational(0, 1), Rational(0, 1)]]>]
Time(in seconds) 76.63


CG 3_10_8
[<NashProfile for 'Generated by GAMUT v1.0.1
A Game With Normal Covariant Random Payoffs
Game Parameter Values:
Random seed:	1644574321694
Cmd Line:	-g CovariantGame -r -0.2 -players 3 -actions 10 -normalize -min_payoff 0.01 -max_payoff 10 -int_payoffs -int_mult 100 -random_seed 1644574321694 -f CG_multi_3_10_8.nfg -output GambitOutput
Players:	3
Actions:	10 10 10
players:	3
actions:	[10]
r:	-0.2': [[Rational(425373073177, 1099511627776), Rational(0, 1), Rational(0, 1), Rational(0, 1), Rational(489146087637, 2199023255552), Rational(0, 1), Rational(859131021561, 2199023255552), Rational(0, 1), Rational(0, 1), Rational(0, 1)], [Rational(0, 1), Rational(0, 1), Rational(0, 1), Rational(0, 1), Rational(0, 1), Rational(0, 1), Rational(1616713555965, 2199023255552), Rational(535249882547, 2199023255552), Rational(2941238565, 137438953472), Rational(0, 1)], [Rational(1290996561355, 2199023255552), Rational(109, 2199023255552), Rational(0, 1), Rational(0, 1), Rational(113503336761, 274877906944), Rational(0, 1), Rational(0, 1), Rational(0, 1), Rational(0, 1), Rational(0, 1)]]>]
Time(in seconds) 582.57


CG 3_10_9
Timeout(in seconds) 900.02


CG 3_10_10
Timeout(in seconds) 899.96


