RG 5_5_1
[<NashProfile for 'Generated by GAMUT v1.0.1
A Game With Uniformly Random Payoffs
Game Parameter Values:
Random seed:	1644491281161
Cmd Line:	-g RandomGame -players 5 -actions 5 -normalize -min_payoff 0.01 -max_payoff 10 -int_payoffs -int_mult 100 -random_seed 1644491281161 -f RG_multi_5_5_1.nfg -output GambitOutput
Players:	5
Actions:	5 5 5 5 5
players:	5
actions:	[5]': [[0.17962936038178717, 0.38517293493953986, 0.2869073652764097, 0.0, 0.14829033940226333], [0.15601260955421414, 0.5186432084182536, 0.0, 0.07349578652938607, 0.25184839549814625], [0.0, 0.9574274002142241, 0.04257259978577587, 0.0, 0.0], [0.5203291376741733, 0.3260515128465479, 0.0, 0.010663761923318313, 0.1429555875559605], [0.0916618965310389, 0.5084074801006978, 0.0, 0.39993062336826324, 0.0]]>]
Time(in seconds) 2.09


RG 5_5_2
[<NashProfile for 'Generated by GAMUT v1.0.1
A Game With Uniformly Random Payoffs
Game Parameter Values:
Random seed:	1644491344343
Cmd Line:	-g RandomGame -players 5 -actions 5 -normalize -min_payoff 0.01 -max_payoff 10 -int_payoffs -int_mult 100 -random_seed 1644491344343 -f RG_multi_5_5_2.nfg -output GambitOutput
Players:	5
Actions:	5 5 5 5 5
players:	5
actions:	[5]': [[0.0, 0.0, 0.7149249022005607, 0.2850750977994394, 0.0], [0.0, 0.2006893951693354, 0.0, 0.7993106048306646, 0.0], [0.3770578800442795, 0.0, 0.22435058567246888, 0.2358628830322364, 0.16272865125101524], [0.0, 0.38671552602827297, 0.3557128068724026, 0.16852483695487167, 0.0890468301444528], [0.09155143101176637, 0.20018660401952432, 0.21793221778346114, 0.0, 0.49032974718524813]]>]
Time(in seconds) 1.60


RG 5_5_3
[<NashProfile for 'Generated by GAMUT v1.0.1
A Game With Uniformly Random Payoffs
Game Parameter Values:
Random seed:	1644491365746
Cmd Line:	-g RandomGame -players 5 -actions 5 -normalize -min_payoff 0.01 -max_payoff 10 -int_payoffs -int_mult 100 -random_seed 1644491365746 -f RG_multi_5_5_3.nfg -output GambitOutput
Players:	5
Actions:	5 5 5 5 5
players:	5
actions:	[5]': [[0.0, 0.007234704922522913, 0.0, 0.6847279370914295, 0.3080373579860476], [0.0, 1.0, 0.0, 0.0, 0.0], [0.0, 0.0, 0.48029342785743984, 0.0, 0.5197065721425601], [0.0, 0.0, 0.08459801390021825, 0.39172462043498085, 0.5236773656648009], [0.0, 0.0, 0.0, 1.0, 0.0]]>]
Time(in seconds) 2.00


RG 5_5_4
[<NashProfile for 'Generated by GAMUT v1.0.1
A Game With Uniformly Random Payoffs
Game Parameter Values:
Random seed:	1644491368560
Cmd Line:	-g RandomGame -players 5 -actions 5 -normalize -min_payoff 0.01 -max_payoff 10 -int_payoffs -int_mult 100 -random_seed 1644491368560 -f RG_multi_5_5_4.nfg -output GambitOutput
Players:	5
Actions:	5 5 5 5 5
players:	5
actions:	[5]': [[0.0, 0.3741734581169811, 0.14584196484388623, 0.010886272671393653, 0.469098304367739], [0.36361501833148197, 0.3456793227638379, 0.0, 0.0911617852721983, 0.1995438736324818], [0.0, 0.3319818863338268, 0.0, 0.3074991119789151, 0.3605190016872581], [0.23320313513742752, 0.029049372206472412, 0.45617596857882514, 0.2815715240772749, 0.0], [0.0, 0.4263497841824002, 0.5720359527093162, 0.0, 0.001614263108283507]]>]
Time(in seconds) 1.99


RG 5_5_5
[<NashProfile for 'Generated by GAMUT v1.0.1
A Game With Uniformly Random Payoffs
Game Parameter Values:
Random seed:	1644491371700
Cmd Line:	-g RandomGame -players 5 -actions 5 -normalize -min_payoff 0.01 -max_payoff 10 -int_payoffs -int_mult 100 -random_seed 1644491371700 -f RG_multi_5_5_5.nfg -output GambitOutput
Players:	5
Actions:	5 5 5 5 5
players:	5
actions:	[5]': [[0.31927416433698486, 0.44495623461584444, 0.0, 0.10310337651313574, 0.13266622453403484], [0.19591054889838258, 0.6774327260455175, 0.12665672505609987, 0.0, 0.0], [0.36420135506396606, 0.0, 0.03247557723108425, 0.0, 0.6033230677049497], [0.03534037331886862, 0.0, 0.0, 0.5557296278384186, 0.40892999884271264], [0.0, 0.2915782736412344, 0.7084217263587657, 0.0, 0.0]]>]
Time(in seconds) 1.55


RG 5_5_6
[<NashProfile for 'Generated by GAMUT v1.0.1
A Game With Uniformly Random Payoffs
Game Parameter Values:
Random seed:	1644491375044
Cmd Line:	-g RandomGame -players 5 -actions 5 -normalize -min_payoff 0.01 -max_payoff 10 -int_payoffs -int_mult 100 -random_seed 1644491375044 -f RG_multi_5_5_6.nfg -output GambitOutput
Players:	5
Actions:	5 5 5 5 5
players:	5
actions:	[5]': [[0.0865000134432896, 0.42695452299519543, 0.07002325240711448, 0.4165222111544006, 0.0], [0.0, 0.0, 0.16649669189935615, 0.3557952277630455, 0.47770808033759826], [0.13670597550066893, 0.0, 0.2160751225396231, 0.6472189019597079, 0.0], [0.0, 0.23675728170306057, 0.0, 0.0, 0.7632427182969395], [0.46407630959525725, 0.23965046058822273, 0.018465256292879283, 0.2778079735236407, 0.0]]>]
Time(in seconds) 2.69


RG 5_5_7
[<NashProfile for 'Generated by GAMUT v1.0.1
A Game With Uniformly Random Payoffs
Game Parameter Values:
Random seed:	1644491377639
Cmd Line:	-g RandomGame -players 5 -actions 5 -normalize -min_payoff 0.01 -max_payoff 10 -int_payoffs -int_mult 100 -random_seed 1644491377639 -f RG_multi_5_5_7.nfg -output GambitOutput
Players:	5
Actions:	5 5 5 5 5
players:	5
actions:	[5]': [[0.0, 0.5395184423130845, 0.13767930357073457, 0.32280225411618085, 0.0], [0.029261942419919706, 0.0, 0.0, 0.9707380575800802, 0.0], [0.25978202593974, 0.0, 0.0, 0.74021797406026, 0.0], [0.10449526860602414, 0.0, 0.08710829577489271, 0.21886231174792, 0.5895341238711632], [0.4195029682694301, 0.08811209009731535, 0.0, 0.1722629677758496, 0.3201219738574049]]>]
Time(in seconds) 1.51


RG 5_5_8
[<NashProfile for 'Generated by GAMUT v1.0.1
A Game With Uniformly Random Payoffs
Game Parameter Values:
Random seed:	1644491380010
Cmd Line:	-g RandomGame -players 5 -actions 5 -normalize -min_payoff 0.01 -max_payoff 10 -int_payoffs -int_mult 100 -random_seed 1644491380010 -f RG_multi_5_5_8.nfg -output GambitOutput
Players:	5
Actions:	5 5 5 5 5
players:	5
actions:	[5]': [[0.0, 0.7221349317891008, 0.1468584969712688, 0.13100657123963044, 0.0], [0.0, 0.0, 0.3552989221165212, 0.6447010778834789, 0.0], [0.2297460309885392, 0.5988566572146964, 0.17139731179676443, 0.0, 0.0], [0.01597221606267415, 0.28172973260058076, 0.11572380898962424, 0.0936924099317611, 0.4928818324153597], [0.462979655367753, 0.0, 0.38397488803798996, 0.0, 0.15304545659425708]]>]
Time(in seconds) 2.22


RG 5_5_9
[<NashProfile for 'Generated by GAMUT v1.0.1
A Game With Uniformly Random Payoffs
Game Parameter Values:
Random seed:	1644491382794
Cmd Line:	-g RandomGame -players 5 -actions 5 -normalize -min_payoff 0.01 -max_payoff 10 -int_payoffs -int_mult 100 -random_seed 1644491382794 -f RG_multi_5_5_9.nfg -output GambitOutput
Players:	5
Actions:	5 5 5 5 5
players:	5
actions:	[5]': [[0.2874160813131233, 0.5526293653535386, 0.0, 0.15995455333333816, 0.0], [0.0, 0.0, 0.6915028343191861, 0.0, 0.3084971656808138], [0.0, 0.16866886221447316, 0.15291131006080297, 0.24031037490073218, 0.43810945282399166], [0.0, 0.09647026832769261, 0.0, 0.9035297316723074, 0.0], [0.0, 0.5710074517182331, 0.16008367601885745, 0.2689088722629095, 0.0]]>]
Time(in seconds) 2.44


RG 5_5_10
[<NashProfile for 'Generated by GAMUT v1.0.1
A Game With Uniformly Random Payoffs
Game Parameter Values:
Random seed:	1644491390791
Cmd Line:	-g RandomGame -players 5 -actions 5 -normalize -min_payoff 0.01 -max_payoff 10 -int_payoffs -int_mult 100 -random_seed 1644491390791 -f RG_multi_5_5_10.nfg -output GambitOutput
Players:	5
Actions:	5 5 5 5 5
players:	5
actions:	[5]': [[0.4812273790334762, 0.0, 0.36772885748720646, 0.1510437634793174, 0.0], [0.25152727340463626, 0.0, 0.2282474940124131, 0.0, 0.5202252325829507], [0.04507795462444976, 0.501375304105689, 0.1254915428163277, 0.3280551984535335, 0.0], [0.0, 0.40303814059928667, 0.174061871121092, 0.4228999882796212, 0.0], [0.02260340473829745, 0.0, 0.13175222414781082, 0.8456443711138917, 0.0]]>]
Time(in seconds) 2.71