RG_5_5 Simplicial Subdivision

RG 5_5_1
[<NashProfile for 'Generated by GAMUT v1.0.1
A Game With Uniformly Random Payoffs
Game Parameter Values:
Random seed:	1644491281161
Cmd Line:	-g RandomGame -players 5 -actions 5 -normalize -min_payoff 0.01 -max_payoff 10 -int_payoffs -int_mult 100 -random_seed 1644491281161 -f RG_multi_5_5_1.nfg -output GambitOutput
Players:	5
Actions:	5 5 5 5 5
players:	5
actions:	[5]': [[Rational(0, 1), Rational(67547833843, 2199023255552), Rational(0, 1), Rational(1041920342565, 2199023255552), Rational(136194384893, 274877906944)], [Rational(0, 1), Rational(1099511627775, 1099511627776), Rational(0, 1), Rational(1, 1099511627776), Rational(0, 1)], [Rational(0, 1), Rational(0, 1), Rational(535427895203, 549755813888), Rational(0, 1), Rational(14327918685, 549755813888)], [Rational(0, 1), Rational(0, 1), Rational(31441048781, 137438953472), Rational(0, 1), Rational(105997904691, 137438953472)], [Rational(0, 1), Rational(59005030375, 1099511627776), Rational(0, 1), Rational(1845880125355, 2199023255552), Rational(235133069447, 2199023255552)]]>]
Time(in seconds) 231.60


RG 5_5_2
[<NashProfile for 'Generated by GAMUT v1.0.1
A Game With Uniformly Random Payoffs
Game Parameter Values:
Random seed:	1644491344343
Cmd Line:	-g RandomGame -players 5 -actions 5 -normalize -min_payoff 0.01 -max_payoff 10 -int_payoffs -int_mult 100 -random_seed 1644491344343 -f RG_multi_5_5_2.nfg -output GambitOutput
Players:	5
Actions:	5 5 5 5 5
players:	5
actions:	[5]': [[Rational(0, 1), Rational(1, 1), Rational(0, 1), Rational(0, 1), Rational(0, 1)], [Rational(0, 1), Rational(1, 1), Rational(0, 1), Rational(0, 1), Rational(0, 1)], [Rational(0, 1), Rational(0, 1), Rational(0, 1), Rational(1, 1), Rational(0, 1)], [Rational(0, 1), Rational(0, 1), Rational(1, 1), Rational(0, 1), Rational(0, 1)], [Rational(0, 1), Rational(0, 1), Rational(0, 1), Rational(0, 1), Rational(1, 1)]]>]
Time(in seconds) 185.52

RG 5_5_3
Timeout(in seconds) 899.96

RG 5_5_4
Timeout(in seconds) 900.00


RG 5_5_5
[<NashProfile for 'Generated by GAMUT v1.0.1
A Game With Uniformly Random Payoffs
Game Parameter Values:
Random seed:	1644491371700
Cmd Line:	-g RandomGame -players 5 -actions 5 -normalize -min_payoff 0.01 -max_payoff 10 -int_payoffs -int_mult 100 -random_seed 1644491371700 -f RG_multi_5_5_5.nfg -output GambitOutput
Players:	5
Actions:	5 5 5 5 5
players:	5
actions:	[5]': [[Rational(0, 1), Rational(0, 1), Rational(1, 1), Rational(0, 1), Rational(0, 1)], [Rational(1, 1), Rational(0, 1), Rational(0, 1), Rational(0, 1), Rational(0, 1)], [Rational(0, 1), Rational(0, 1), Rational(0, 1), Rational(0, 1), Rational(1, 1)], [Rational(4964524935, 68719476736), Rational(63754951801, 68719476736), Rational(0, 1), Rational(0, 1), Rational(0, 1)], [Rational(6650271943, 137438953472), Rational(0, 1), Rational(130788681529, 137438953472), Rational(0, 1), Rational(0, 1)]]>]
Time(in seconds) 1.05


RG 5_5_6
Timeout(in seconds) 900.00


RG 5_5_7
Timeout(in seconds) 900.08


RG 5_5_8
Timeout(in seconds) 900.02


RG 5_5_9
Timeout(in seconds) 900.01


RG 5_5_10
[<NashProfile for 'Generated by GAMUT v1.0.1
A Game With Uniformly Random Payoffs
Game Parameter Values:
Random seed:	1644491390791
Cmd Line:	-g RandomGame -players 5 -actions 5 -normalize -min_payoff 0.01 -max_payoff 10 -int_payoffs -int_mult 100 -random_seed 1644491390791 -f RG_multi_5_5_10.nfg -output GambitOutput
Players:	5
Actions:	5 5 5 5 5
players:	5
actions:	[5]': [[Rational(0, 1), Rational(74684229521, 137438953472), Rational(62754723951, 137438953472), Rational(0, 1), Rational(0, 1)], [Rational(686730441103, 2199023255552), Rational(659062365857, 2199023255552), Rational(0, 1), Rational(0, 1), Rational(53326903037, 137438953472)], [Rational(521743755937, 2199023255552), Rational(1020988518649, 2199023255552), Rational(328145490483, 1099511627776), Rational(0, 1), Rational(0, 1)], [Rational(0, 1), Rational(0, 1), Rational(0, 1), Rational(549755813887, 549755813888), Rational(1, 549755813888)], [Rational(0, 1), Rational(0, 1), Rational(960786419215, 2199023255552), Rational(1238236836337, 2199023255552), Rational(0, 1)]]>]
Time(in seconds) 511.62

